running develop
/usr/lib/python3/dist-packages/setuptools/command/easy_install.py:158: EasyInstallDeprecationWarning: easy_install command is deprecated. Use build and pip and other standards-based tools.
  warnings.warn(
running egg_info
creating coffee_system.egg-info
writing coffee_system.egg-info/PKG-INFO
writing dependency_links to coffee_system.egg-info/dependency_links.txt
writing entry points to coffee_system.egg-info/entry_points.txt
writing requirements to coffee_system.egg-info/requires.txt
writing top-level names to coffee_system.egg-info/top_level.txt
writing manifest file 'coffee_system.egg-info/SOURCES.txt'
reading manifest file 'coffee_system.egg-info/SOURCES.txt'
writing manifest file 'coffee_system.egg-info/SOURCES.txt'
running build_ext
Creating /home/yoonkangrok/coffeehouse_serving_robot-1/install/coffee_system/lib/python3.10/site-packages/coffee-system.egg-link (link to .)
Installing order_client script to /home/yoonkangrok/coffeehouse_serving_robot-1/install/coffee_system/lib/coffee_system
Installing order_server script to /home/yoonkangrok/coffeehouse_serving_robot-1/install/coffee_system/lib/coffee_system
Installing turtlebot_gui script to /home/yoonkangrok/coffeehouse_serving_robot-1/install/coffee_system/lib/coffee_system

Installed /home/yoonkangrok/coffeehouse_serving_robot-1/build/coffee_system
running symlink_data
creating /home/yoonkangrok/coffeehouse_serving_robot-1/install/coffee_system/share/ament_index
creating /home/yoonkangrok/coffeehouse_serving_robot-1/install/coffee_system/share/ament_index/resource_index
creating /home/yoonkangrok/coffeehouse_serving_robot-1/install/coffee_system/share/ament_index/resource_index/packages
symbolically linking /home/yoonkangrok/coffeehouse_serving_robot-1/build/coffee_system/resource/coffee_system -> /home/yoonkangrok/coffeehouse_serving_robot-1/install/coffee_system/share/ament_index/resource_index/packages
symbolically linking /home/yoonkangrok/coffeehouse_serving_robot-1/build/coffee_system/package.xml -> /home/yoonkangrok/coffeehouse_serving_robot-1/install/coffee_system/share/coffee_system
