[0.543s] Invoking command in '/home/yoonkangrok/coffeehouse_serving_robot-1/build/coffee_system': AMENT_PREFIX_PATH=/home/yoonkangrok/coffeehouse_serving_robot-1/install/coffee_system_interface:${AMENT_PREFIX_PATH} CMAKE_PREFIX_PATH=/home/yoonkangrok/coffeehouse_serving_robot-1/install/coffee_system_interface:${CMAKE_PREFIX_PATH} LD_LIBRARY_PATH=/home/yoonkangrok/coffeehouse_serving_robot-1/install/coffee_system_interface/lib:/home/yoonkangrok/turtlebot3_ws/install/turtlebot3_msgs/lib:/home/yoonkangrok/turtlebot3_ws/install/dynamixel_sdk_custom_interfaces/lib:/home/yoonkangrok/turtlebot3_ws/install/dynamixel_sdk/lib:/usr/lib/x86_64-linux-gnu/gazebo-11/plugins:/opt/ros/humble/opt/rviz_ogre_vendor/lib:/opt/ros/humble/lib/x86_64-linux-gnu:/opt/ros/humble/lib:/usr/lib/x86_64-linux-gnu/gazebo-11/plugins PYTHONPATH=/home/yoonkangrok/coffeehouse_serving_robot-1/build/coffee_system/prefix_override:/usr/lib/python3/dist-packages/colcon_core/task/python/colcon_distutils_commands:/home/yoonkangrok/coffeehouse_serving_robot-1/install/coffee_system/lib/python3.10/site-packages:/home/yoonkangrok/coffeehouse_serving_robot-1/install/coffee_system_interface/local/lib/python3.10/dist-packages:${PYTHONPATH} /usr/bin/python3 -W ignore:setup.py install is deprecated setup.py develop --editable --build-directory /home/yoonkangrok/coffeehouse_serving_robot-1/build/coffee_system/build --no-deps symlink_data
[0.789s] running develop
[0.790s] /usr/lib/python3/dist-packages/setuptools/command/easy_install.py:158: EasyInstallDeprecationWarning: easy_install command is deprecated. Use build and pip and other standards-based tools.
[0.790s]   warnings.warn(
[0.939s] running egg_info
[0.940s] creating coffee_system.egg-info
[0.940s] writing coffee_system.egg-info/PKG-INFO
[0.940s] writing dependency_links to coffee_system.egg-info/dependency_links.txt
[0.940s] writing entry points to coffee_system.egg-info/entry_points.txt
[0.940s] writing requirements to coffee_system.egg-info/requires.txt
[0.940s] writing top-level names to coffee_system.egg-info/top_level.txt
[0.940s] writing manifest file 'coffee_system.egg-info/SOURCES.txt'
[0.943s] reading manifest file 'coffee_system.egg-info/SOURCES.txt'
[0.943s] writing manifest file 'coffee_system.egg-info/SOURCES.txt'
[0.945s] running build_ext
[0.945s] Creating /home/yoonkangrok/coffeehouse_serving_robot-1/install/coffee_system/lib/python3.10/site-packages/coffee-system.egg-link (link to .)
[0.946s] Installing order_client script to /home/yoonkangrok/coffeehouse_serving_robot-1/install/coffee_system/lib/coffee_system
[0.946s] Installing order_server script to /home/yoonkangrok/coffeehouse_serving_robot-1/install/coffee_system/lib/coffee_system
[0.946s] Installing turtlebot_gui script to /home/yoonkangrok/coffeehouse_serving_robot-1/install/coffee_system/lib/coffee_system
[0.946s] 
[0.946s] Installed /home/yoonkangrok/coffeehouse_serving_robot-1/build/coffee_system
[0.946s] running symlink_data
[0.946s] creating /home/yoonkangrok/coffeehouse_serving_robot-1/install/coffee_system/share/ament_index
[0.947s] creating /home/yoonkangrok/coffeehouse_serving_robot-1/install/coffee_system/share/ament_index/resource_index
[0.947s] creating /home/yoonkangrok/coffeehouse_serving_robot-1/install/coffee_system/share/ament_index/resource_index/packages
[0.947s] symbolically linking /home/yoonkangrok/coffeehouse_serving_robot-1/build/coffee_system/resource/coffee_system -> /home/yoonkangrok/coffeehouse_serving_robot-1/install/coffee_system/share/ament_index/resource_index/packages
[0.947s] symbolically linking /home/yoonkangrok/coffeehouse_serving_robot-1/build/coffee_system/package.xml -> /home/yoonkangrok/coffeehouse_serving_robot-1/install/coffee_system/share/coffee_system
[0.971s] Invoked command in '/home/yoonkangrok/coffeehouse_serving_robot-1/build/coffee_system' returned '0': AMENT_PREFIX_PATH=/home/yoonkangrok/coffeehouse_serving_robot-1/install/coffee_system_interface:${AMENT_PREFIX_PATH} CMAKE_PREFIX_PATH=/home/yoonkangrok/coffeehouse_serving_robot-1/install/coffee_system_interface:${CMAKE_PREFIX_PATH} LD_LIBRARY_PATH=/home/yoonkangrok/coffeehouse_serving_robot-1/install/coffee_system_interface/lib:/home/yoonkangrok/turtlebot3_ws/install/turtlebot3_msgs/lib:/home/yoonkangrok/turtlebot3_ws/install/dynamixel_sdk_custom_interfaces/lib:/home/yoonkangrok/turtlebot3_ws/install/dynamixel_sdk/lib:/usr/lib/x86_64-linux-gnu/gazebo-11/plugins:/opt/ros/humble/opt/rviz_ogre_vendor/lib:/opt/ros/humble/lib/x86_64-linux-gnu:/opt/ros/humble/lib:/usr/lib/x86_64-linux-gnu/gazebo-11/plugins PYTHONPATH=/home/yoonkangrok/coffeehouse_serving_robot-1/build/coffee_system/prefix_override:/usr/lib/python3/dist-packages/colcon_core/task/python/colcon_distutils_commands:/home/yoonkangrok/coffeehouse_serving_robot-1/install/coffee_system/lib/python3.10/site-packages:/home/yoonkangrok/coffeehouse_serving_robot-1/install/coffee_system_interface/local/lib/python3.10/dist-packages:${PYTHONPATH} /usr/bin/python3 -W ignore:setup.py install is deprecated setup.py develop --editable --build-directory /home/yoonkangrok/coffeehouse_serving_robot-1/build/coffee_system/build --no-deps symlink_data
