[  1%] Built target coffee_system_interface__cpp
[  3%] Built target ament_cmake_python_symlink_coffee_system_interface
[ 12%] Built target coffee_system_interface__rosidl_generator_c
[ 23%] Built target coffee_system_interface__rosidl_typesupport_introspection_c
[ 40%] Built target coffee_system_interface__rosidl_typesupport_cpp
[ 56%] Built target coffee_system_interface__rosidl_typesupport_fastrtps_cpp
[ 45%] Built target coffee_system_interface__rosidl_typesupport_introspection_cpp
[ 78%] Built target coffee_system_interface__rosidl_typesupport_c
[ 78%] Built target coffee_system_interface__rosidl_typesupport_fastrtps_c
[ 78%] Built target coffee_system_interface
[ 80%] Built target coffee_system_interface__py
[ 89%] Built target coffee_system_interface__rosidl_generator_py
[ 92%] Built target coffee_system_interface__rosidl_typesupport_fastrtps_c__pyext
[ 96%] Built target coffee_system_interface__rosidl_typesupport_c__pyext
[100%] Built target coffee_system_interface__rosidl_typesupport_introspection_c__pyext
running egg_info
writing coffee_system_interface.egg-info/PKG-INFO
writing dependency_links to coffee_system_interface.egg-info/dependency_links.txt
writing top-level names to coffee_system_interface.egg-info/top_level.txt
reading manifest file 'coffee_system_interface.egg-info/SOURCES.txt'
writing manifest file 'coffee_system_interface.egg-info/SOURCES.txt'
[100%] Built target ament_cmake_python_build_coffee_system_interface_egg
-- Install configuration: ""
-- Execute custom install script
-- Up-to-date symlink: /home/yoonkangrok/coffeehouse_serving_robot-1/install/coffee_system_interface/share/ament_index/resource_index/rosidl_interfaces/coffee_system_interface
-- Up-to-date symlink: /home/yoonkangrok/coffeehouse_serving_robot-1/install/coffee_system_interface/include/coffee_system_interface/coffee_system_interface/action/detail/my_action__functions.h
-- Up-to-date symlink: /home/yoonkangrok/coffeehouse_serving_robot-1/install/coffee_system_interface/include/coffee_system_interface/coffee_system_interface/action/detail/my_action__struct.h
-- Up-to-date symlink: /home/yoonkangrok/coffeehouse_serving_robot-1/install/coffee_system_interface/include/coffee_system_interface/coffee_system_interface/action/detail/my_action__type_support.h
-- Up-to-date symlink: /home/yoonkangrok/coffeehouse_serving_robot-1/install/coffee_system_interface/include/coffee_system_interface/coffee_system_interface/action/my_action.h
-- Up-to-date symlink: /home/yoonkangrok/coffeehouse_serving_robot-1/install/coffee_system_interface/include/coffee_system_interface/coffee_system_interface/msg/call_staff.h
-- Up-to-date symlink: /home/yoonkangrok/coffeehouse_serving_robot-1/install/coffee_system_interface/include/coffee_system_interface/coffee_system_interface/msg/detail/call_staff__functions.h
-- Up-to-date symlink: /home/yoonkangrok/coffeehouse_serving_robot-1/install/coffee_system_interface/include/coffee_system_interface/coffee_system_interface/msg/detail/call_staff__struct.h
-- Up-to-date symlink: /home/yoonkangrok/coffeehouse_serving_robot-1/install/coffee_system_interface/include/coffee_system_interface/coffee_system_interface/msg/detail/call_staff__type_support.h
-- Up-to-date symlink: /home/yoonkangrok/coffeehouse_serving_robot-1/install/coffee_system_interface/include/coffee_system_interface/coffee_system_interface/msg/detail/my_msg__functions.h
-- Up-to-date symlink: /home/yoonkangrok/coffeehouse_serving_robot-1/install/coffee_system_interface/include/coffee_system_interface/coffee_system_interface/msg/detail/my_msg__struct.h
-- Up-to-date symlink: /home/yoonkangrok/coffeehouse_serving_robot-1/install/coffee_system_interface/include/coffee_system_interface/coffee_system_interface/msg/detail/my_msg__type_support.h
-- Up-to-date symlink: /home/yoonkangrok/coffeehouse_serving_robot-1/install/coffee_system_interface/include/coffee_system_interface/coffee_system_interface/msg/my_msg.h
-- Up-to-date symlink: /home/yoonkangrok/coffeehouse_serving_robot-1/install/coffee_system_interface/include/coffee_system_interface/coffee_system_interface/msg/rosidl_generator_c__visibility_control.h
-- Up-to-date symlink: /home/yoonkangrok/coffeehouse_serving_robot-1/install/coffee_system_interface/include/coffee_system_interface/coffee_system_interface/srv/detail/my_srv__functions.h
-- Up-to-date symlink: /home/yoonkangrok/coffeehouse_serving_robot-1/install/coffee_system_interface/include/coffee_system_interface/coffee_system_interface/srv/detail/my_srv__struct.h
-- Up-to-date symlink: /home/yoonkangrok/coffeehouse_serving_robot-1/install/coffee_system_interface/include/coffee_system_interface/coffee_system_interface/srv/detail/my_srv__type_support.h
-- Up-to-date symlink: /home/yoonkangrok/coffeehouse_serving_robot-1/install/coffee_system_interface/include/coffee_system_interface/coffee_system_interface/srv/my_srv.h
-- Up-to-date symlink: /home/yoonkangrok/coffeehouse_serving_robot-1/install/coffee_system_interface/share/coffee_system_interface/environment/library_path.sh
-- Up-to-date symlink: /home/yoonkangrok/coffeehouse_serving_robot-1/install/coffee_system_interface/share/coffee_system_interface/environment/library_path.dsv
-- Up-to-date symlink: /home/yoonkangrok/coffeehouse_serving_robot-1/install/coffee_system_interface/include/coffee_system_interface/coffee_system_interface/action/detail/my_action__rosidl_typesupport_fastrtps_c.h
-- Up-to-date symlink: /home/yoonkangrok/coffeehouse_serving_robot-1/install/coffee_system_interface/include/coffee_system_interface/coffee_system_interface/msg/detail/call_staff__rosidl_typesupport_fastrtps_c.h
-- Up-to-date symlink: /home/yoonkangrok/coffeehouse_serving_robot-1/install/coffee_system_interface/include/coffee_system_interface/coffee_system_interface/msg/detail/my_msg__rosidl_typesupport_fastrtps_c.h
-- Up-to-date symlink: /home/yoonkangrok/coffeehouse_serving_robot-1/install/coffee_system_interface/include/coffee_system_interface/coffee_system_interface/msg/rosidl_typesupport_fastrtps_c__visibility_control.h
-- Up-to-date symlink: /home/yoonkangrok/coffeehouse_serving_robot-1/install/coffee_system_interface/include/coffee_system_interface/coffee_system_interface/srv/detail/my_srv__rosidl_typesupport_fastrtps_c.h
-- Up-to-date symlink: /home/yoonkangrok/coffeehouse_serving_robot-1/install/coffee_system_interface/include/coffee_system_interface/coffee_system_interface/action/detail/my_action__builder.hpp
-- Up-to-date symlink: /home/yoonkangrok/coffeehouse_serving_robot-1/install/coffee_system_interface/include/coffee_system_interface/coffee_system_interface/action/detail/my_action__struct.hpp
-- Up-to-date symlink: /home/yoonkangrok/coffeehouse_serving_robot-1/install/coffee_system_interface/include/coffee_system_interface/coffee_system_interface/action/detail/my_action__traits.hpp
-- Up-to-date symlink: /home/yoonkangrok/coffeehouse_serving_robot-1/install/coffee_system_interface/include/coffee_system_interface/coffee_system_interface/action/my_action.hpp
-- Up-to-date symlink: /home/yoonkangrok/coffeehouse_serving_robot-1/install/coffee_system_interface/include/coffee_system_interface/coffee_system_interface/msg/call_staff.hpp
-- Up-to-date symlink: /home/yoonkangrok/coffeehouse_serving_robot-1/install/coffee_system_interface/include/coffee_system_interface/coffee_system_interface/msg/detail/call_staff__builder.hpp
-- Up-to-date symlink: /home/yoonkangrok/coffeehouse_serving_robot-1/install/coffee_system_interface/include/coffee_system_interface/coffee_system_interface/msg/detail/call_staff__struct.hpp
-- Up-to-date symlink: /home/yoonkangrok/coffeehouse_serving_robot-1/install/coffee_system_interface/include/coffee_system_interface/coffee_system_interface/msg/detail/call_staff__traits.hpp
-- Up-to-date symlink: /home/yoonkangrok/coffeehouse_serving_robot-1/install/coffee_system_interface/include/coffee_system_interface/coffee_system_interface/msg/detail/my_msg__builder.hpp
-- Up-to-date symlink: /home/yoonkangrok/coffeehouse_serving_robot-1/install/coffee_system_interface/include/coffee_system_interface/coffee_system_interface/msg/detail/my_msg__struct.hpp
-- Up-to-date symlink: /home/yoonkangrok/coffeehouse_serving_robot-1/install/coffee_system_interface/include/coffee_system_interface/coffee_system_interface/msg/detail/my_msg__traits.hpp
-- Up-to-date symlink: /home/yoonkangrok/coffeehouse_serving_robot-1/install/coffee_system_interface/include/coffee_system_interface/coffee_system_interface/msg/my_msg.hpp
-- Up-to-date symlink: /home/yoonkangrok/coffeehouse_serving_robot-1/install/coffee_system_interface/include/coffee_system_interface/coffee_system_interface/srv/detail/my_srv__builder.hpp
-- Up-to-date symlink: /home/yoonkangrok/coffeehouse_serving_robot-1/install/coffee_system_interface/include/coffee_system_interface/coffee_system_interface/srv/detail/my_srv__struct.hpp
-- Up-to-date symlink: /home/yoonkangrok/coffeehouse_serving_robot-1/install/coffee_system_interface/include/coffee_system_interface/coffee_system_interface/srv/detail/my_srv__traits.hpp
-- Up-to-date symlink: /home/yoonkangrok/coffeehouse_serving_robot-1/install/coffee_system_interface/include/coffee_system_interface/coffee_system_interface/srv/my_srv.hpp
-- Up-to-date symlink: /home/yoonkangrok/coffeehouse_serving_robot-1/install/coffee_system_interface/include/coffee_system_interface/coffee_system_interface/action/detail/my_action__rosidl_typesupport_fastrtps_cpp.hpp
-- Up-to-date symlink: /home/yoonkangrok/coffeehouse_serving_robot-1/install/coffee_system_interface/include/coffee_system_interface/coffee_system_interface/msg/detail/call_staff__rosidl_typesupport_fastrtps_cpp.hpp
-- Up-to-date symlink: /home/yoonkangrok/coffeehouse_serving_robot-1/install/coffee_system_interface/include/coffee_system_interface/coffee_system_interface/msg/detail/my_msg__rosidl_typesupport_fastrtps_cpp.hpp
-- Up-to-date symlink: /home/yoonkangrok/coffeehouse_serving_robot-1/install/coffee_system_interface/include/coffee_system_interface/coffee_system_interface/msg/rosidl_typesupport_fastrtps_cpp__visibility_control.h
-- Up-to-date symlink: /home/yoonkangrok/coffeehouse_serving_robot-1/install/coffee_system_interface/include/coffee_system_interface/coffee_system_interface/srv/detail/my_srv__rosidl_typesupport_fastrtps_cpp.hpp
-- Up-to-date symlink: /home/yoonkangrok/coffeehouse_serving_robot-1/install/coffee_system_interface/include/coffee_system_interface/coffee_system_interface/action/detail/my_action__rosidl_typesupport_introspection_c.h
-- Up-to-date symlink: /home/yoonkangrok/coffeehouse_serving_robot-1/install/coffee_system_interface/include/coffee_system_interface/coffee_system_interface/msg/detail/call_staff__rosidl_typesupport_introspection_c.h
-- Up-to-date symlink: /home/yoonkangrok/coffeehouse_serving_robot-1/install/coffee_system_interface/include/coffee_system_interface/coffee_system_interface/msg/detail/my_msg__rosidl_typesupport_introspection_c.h
-- Up-to-date symlink: /home/yoonkangrok/coffeehouse_serving_robot-1/install/coffee_system_interface/include/coffee_system_interface/coffee_system_interface/msg/rosidl_typesupport_introspection_c__visibility_control.h
-- Up-to-date symlink: /home/yoonkangrok/coffeehouse_serving_robot-1/install/coffee_system_interface/include/coffee_system_interface/coffee_system_interface/srv/detail/my_srv__rosidl_typesupport_introspection_c.h
-- Up-to-date symlink: /home/yoonkangrok/coffeehouse_serving_robot-1/install/coffee_system_interface/include/coffee_system_interface/coffee_system_interface/action/detail/my_action__rosidl_typesupport_introspection_cpp.hpp
-- Up-to-date symlink: /home/yoonkangrok/coffeehouse_serving_robot-1/install/coffee_system_interface/include/coffee_system_interface/coffee_system_interface/msg/detail/call_staff__rosidl_typesupport_introspection_cpp.hpp
-- Up-to-date symlink: /home/yoonkangrok/coffeehouse_serving_robot-1/install/coffee_system_interface/include/coffee_system_interface/coffee_system_interface/msg/detail/my_msg__rosidl_typesupport_introspection_cpp.hpp
-- Up-to-date symlink: /home/yoonkangrok/coffeehouse_serving_robot-1/install/coffee_system_interface/include/coffee_system_interface/coffee_system_interface/srv/detail/my_srv__rosidl_typesupport_introspection_cpp.hpp
-- Up-to-date symlink: /home/yoonkangrok/coffeehouse_serving_robot-1/install/coffee_system_interface/share/coffee_system_interface/environment/pythonpath.sh
-- Up-to-date symlink: /home/yoonkangrok/coffeehouse_serving_robot-1/install/coffee_system_interface/share/coffee_system_interface/environment/pythonpath.dsv
-- Up-to-date symlink: /home/yoonkangrok/coffeehouse_serving_robot-1/install/coffee_system_interface/local/lib/python3.10/dist-packages/coffee_system_interface-0.0.0-py3.10.egg-info/PKG-INFO
-- Up-to-date symlink: /home/yoonkangrok/coffeehouse_serving_robot-1/install/coffee_system_interface/local/lib/python3.10/dist-packages/coffee_system_interface-0.0.0-py3.10.egg-info/SOURCES.txt
-- Up-to-date symlink: /home/yoonkangrok/coffeehouse_serving_robot-1/install/coffee_system_interface/local/lib/python3.10/dist-packages/coffee_system_interface-0.0.0-py3.10.egg-info/dependency_links.txt
-- Up-to-date symlink: /home/yoonkangrok/coffeehouse_serving_robot-1/install/coffee_system_interface/local/lib/python3.10/dist-packages/coffee_system_interface-0.0.0-py3.10.egg-info/top_level.txt
-- Up-to-date symlink: /home/yoonkangrok/coffeehouse_serving_robot-1/install/coffee_system_interface/local/lib/python3.10/dist-packages/coffee_system_interface/__init__.py
-- Up-to-date symlink: /home/yoonkangrok/coffeehouse_serving_robot-1/install/coffee_system_interface/local/lib/python3.10/dist-packages/coffee_system_interface/_coffee_system_interface_s.ep.rosidl_typesupport_c.c
-- Up-to-date symlink: /home/yoonkangrok/coffeehouse_serving_robot-1/install/coffee_system_interface/local/lib/python3.10/dist-packages/coffee_system_interface/_coffee_system_interface_s.ep.rosidl_typesupport_fastrtps_c.c
-- Up-to-date symlink: /home/yoonkangrok/coffeehouse_serving_robot-1/install/coffee_system_interface/local/lib/python3.10/dist-packages/coffee_system_interface/_coffee_system_interface_s.ep.rosidl_typesupport_introspection_c.c
-- Up-to-date symlink: /home/yoonkangrok/coffeehouse_serving_robot-1/install/coffee_system_interface/local/lib/python3.10/dist-packages/coffee_system_interface/action/__init__.py
-- Up-to-date symlink: /home/yoonkangrok/coffeehouse_serving_robot-1/install/coffee_system_interface/local/lib/python3.10/dist-packages/coffee_system_interface/action/_my_action.py
-- Up-to-date symlink: /home/yoonkangrok/coffeehouse_serving_robot-1/install/coffee_system_interface/local/lib/python3.10/dist-packages/coffee_system_interface/action/_my_action_s.c
-- Up-to-date symlink: /home/yoonkangrok/coffeehouse_serving_robot-1/install/coffee_system_interface/local/lib/python3.10/dist-packages/coffee_system_interface/coffee_system_interface_s__rosidl_typesupport_c.cpython-310-x86_64-linux-gnu.so
-- Up-to-date symlink: /home/yoonkangrok/coffeehouse_serving_robot-1/install/coffee_system_interface/local/lib/python3.10/dist-packages/coffee_system_interface/coffee_system_interface_s__rosidl_typesupport_fastrtps_c.cpython-310-x86_64-linux-gnu.so
-- Up-to-date symlink: /home/yoonkangrok/coffeehouse_serving_robot-1/install/coffee_system_interface/local/lib/python3.10/dist-packages/coffee_system_interface/coffee_system_interface_s__rosidl_typesupport_introspection_c.cpython-310-x86_64-linux-gnu.so
-- Up-to-date symlink: /home/yoonkangrok/coffeehouse_serving_robot-1/install/coffee_system_interface/local/lib/python3.10/dist-packages/coffee_system_interface/libcoffee_system_interface__rosidl_generator_py.so
-- Up-to-date symlink: /home/yoonkangrok/coffeehouse_serving_robot-1/install/coffee_system_interface/local/lib/python3.10/dist-packages/coffee_system_interface/msg/__init__.py
-- Up-to-date symlink: /home/yoonkangrok/coffeehouse_serving_robot-1/install/coffee_system_interface/local/lib/python3.10/dist-packages/coffee_system_interface/msg/_call_staff.py
-- Up-to-date symlink: /home/yoonkangrok/coffeehouse_serving_robot-1/install/coffee_system_interface/local/lib/python3.10/dist-packages/coffee_system_interface/msg/_call_staff_s.c
-- Up-to-date symlink: /home/yoonkangrok/coffeehouse_serving_robot-1/install/coffee_system_interface/local/lib/python3.10/dist-packages/coffee_system_interface/msg/_my_msg.py
-- Up-to-date symlink: /home/yoonkangrok/coffeehouse_serving_robot-1/install/coffee_system_interface/local/lib/python3.10/dist-packages/coffee_system_interface/msg/_my_msg_s.c
-- Up-to-date symlink: /home/yoonkangrok/coffeehouse_serving_robot-1/install/coffee_system_interface/local/lib/python3.10/dist-packages/coffee_system_interface/srv/__init__.py
-- Up-to-date symlink: /home/yoonkangrok/coffeehouse_serving_robot-1/install/coffee_system_interface/local/lib/python3.10/dist-packages/coffee_system_interface/srv/_my_srv.py
-- Up-to-date symlink: /home/yoonkangrok/coffeehouse_serving_robot-1/install/coffee_system_interface/local/lib/python3.10/dist-packages/coffee_system_interface/srv/_my_srv_s.c
-- Up-to-date symlink: /home/yoonkangrok/coffeehouse_serving_robot-1/install/coffee_system_interface/local/lib/python3.10/dist-packages/coffee_system_interface/coffee_system_interface_s__rosidl_typesupport_fastrtps_c.cpython-310-x86_64-linux-gnu.so
-- Up-to-date symlink: /home/yoonkangrok/coffeehouse_serving_robot-1/install/coffee_system_interface/local/lib/python3.10/dist-packages/coffee_system_interface/coffee_system_interface_s__rosidl_typesupport_introspection_c.cpython-310-x86_64-linux-gnu.so
-- Up-to-date symlink: /home/yoonkangrok/coffeehouse_serving_robot-1/install/coffee_system_interface/local/lib/python3.10/dist-packages/coffee_system_interface/coffee_system_interface_s__rosidl_typesupport_c.cpython-310-x86_64-linux-gnu.so
-- Up-to-date symlink: /home/yoonkangrok/coffeehouse_serving_robot-1/install/coffee_system_interface/share/coffee_system_interface/msg/MyMsg.idl
-- Up-to-date symlink: /home/yoonkangrok/coffeehouse_serving_robot-1/install/coffee_system_interface/share/coffee_system_interface/msg/CallStaff.idl
-- Up-to-date symlink: /home/yoonkangrok/coffeehouse_serving_robot-1/install/coffee_system_interface/share/coffee_system_interface/srv/MySrv.idl
-- Up-to-date symlink: /home/yoonkangrok/coffeehouse_serving_robot-1/install/coffee_system_interface/share/coffee_system_interface/action/MyAction.idl
-- Up-to-date symlink: /home/yoonkangrok/coffeehouse_serving_robot-1/install/coffee_system_interface/share/coffee_system_interface/msg/MyMsg.msg
-- Up-to-date symlink: /home/yoonkangrok/coffeehouse_serving_robot-1/install/coffee_system_interface/share/coffee_system_interface/msg/CallStaff.msg
-- Up-to-date symlink: /home/yoonkangrok/coffeehouse_serving_robot-1/install/coffee_system_interface/share/coffee_system_interface/srv/MySrv.srv
-- Up-to-date symlink: /home/yoonkangrok/coffeehouse_serving_robot-1/install/coffee_system_interface/share/coffee_system_interface/srv/MySrv_Request.msg
-- Up-to-date symlink: /home/yoonkangrok/coffeehouse_serving_robot-1/install/coffee_system_interface/share/coffee_system_interface/srv/MySrv_Response.msg
-- Up-to-date symlink: /home/yoonkangrok/coffeehouse_serving_robot-1/install/coffee_system_interface/share/coffee_system_interface/action/MyAction.action
-- Up-to-date symlink: /home/yoonkangrok/coffeehouse_serving_robot-1/install/coffee_system_interface/share/ament_index/resource_index/package_run_dependencies/coffee_system_interface
-- Up-to-date symlink: /home/yoonkangrok/coffeehouse_serving_robot-1/install/coffee_system_interface/share/ament_index/resource_index/parent_prefix_path/coffee_system_interface
-- Up-to-date symlink: /home/yoonkangrok/coffeehouse_serving_robot-1/install/coffee_system_interface/share/coffee_system_interface/environment/ament_prefix_path.sh
-- Up-to-date symlink: /home/yoonkangrok/coffeehouse_serving_robot-1/install/coffee_system_interface/share/coffee_system_interface/environment/ament_prefix_path.dsv
-- Up-to-date symlink: /home/yoonkangrok/coffeehouse_serving_robot-1/install/coffee_system_interface/share/coffee_system_interface/environment/path.sh
-- Up-to-date symlink: /home/yoonkangrok/coffeehouse_serving_robot-1/install/coffee_system_interface/share/coffee_system_interface/environment/path.dsv
-- Up-to-date symlink: /home/yoonkangrok/coffeehouse_serving_robot-1/install/coffee_system_interface/share/coffee_system_interface/local_setup.bash
-- Up-to-date symlink: /home/yoonkangrok/coffeehouse_serving_robot-1/install/coffee_system_interface/share/coffee_system_interface/local_setup.sh
-- Up-to-date symlink: /home/yoonkangrok/coffeehouse_serving_robot-1/install/coffee_system_interface/share/coffee_system_interface/local_setup.zsh
-- Up-to-date symlink: /home/yoonkangrok/coffeehouse_serving_robot-1/install/coffee_system_interface/share/coffee_system_interface/local_setup.dsv
-- Symlinking: /home/yoonkangrok/coffeehouse_serving_robot-1/install/coffee_system_interface/share/coffee_system_interface/package.dsv
-- Up-to-date symlink: /home/yoonkangrok/coffeehouse_serving_robot-1/install/coffee_system_interface/share/ament_index/resource_index/packages/coffee_system_interface
-- Up-to-date symlink: /home/yoonkangrok/coffeehouse_serving_robot-1/install/coffee_system_interface/share/coffee_system_interface/cmake/rosidl_cmake-extras.cmake
-- Up-to-date symlink: /home/yoonkangrok/coffeehouse_serving_robot-1/install/coffee_system_interface/share/coffee_system_interface/cmake/ament_cmake_export_dependencies-extras.cmake
-- Up-to-date symlink: /home/yoonkangrok/coffeehouse_serving_robot-1/install/coffee_system_interface/share/coffee_system_interface/cmake/ament_cmake_export_include_directories-extras.cmake
-- Up-to-date symlink: /home/yoonkangrok/coffeehouse_serving_robot-1/install/coffee_system_interface/share/coffee_system_interface/cmake/ament_cmake_export_libraries-extras.cmake
-- Up-to-date symlink: /home/yoonkangrok/coffeehouse_serving_robot-1/install/coffee_system_interface/share/coffee_system_interface/cmake/ament_cmake_export_targets-extras.cmake
-- Up-to-date symlink: /home/yoonkangrok/coffeehouse_serving_robot-1/install/coffee_system_interface/share/coffee_system_interface/cmake/rosidl_cmake_export_typesupport_targets-extras.cmake
-- Up-to-date symlink: /home/yoonkangrok/coffeehouse_serving_robot-1/install/coffee_system_interface/share/coffee_system_interface/cmake/rosidl_cmake_export_typesupport_libraries-extras.cmake
-- Up-to-date symlink: /home/yoonkangrok/coffeehouse_serving_robot-1/install/coffee_system_interface/share/coffee_system_interface/cmake/coffee_system_interfaceConfig.cmake
-- Up-to-date symlink: /home/yoonkangrok/coffeehouse_serving_robot-1/install/coffee_system_interface/share/coffee_system_interface/cmake/coffee_system_interfaceConfig-version.cmake
-- Up-to-date symlink: /home/yoonkangrok/coffeehouse_serving_robot-1/install/coffee_system_interface/share/coffee_system_interface/package.xml
-- Up-to-date: /home/yoonkangrok/coffeehouse_serving_robot-1/install/coffee_system_interface/lib/libcoffee_system_interface__rosidl_generator_c.so
-- Up-to-date: /home/yoonkangrok/coffeehouse_serving_robot-1/install/coffee_system_interface/lib/libcoffee_system_interface__rosidl_typesupport_fastrtps_c.so
-- Up-to-date: /home/yoonkangrok/coffeehouse_serving_robot-1/install/coffee_system_interface/lib/libcoffee_system_interface__rosidl_typesupport_fastrtps_cpp.so
-- Up-to-date: /home/yoonkangrok/coffeehouse_serving_robot-1/install/coffee_system_interface/lib/libcoffee_system_interface__rosidl_typesupport_introspection_c.so
-- Up-to-date: /home/yoonkangrok/coffeehouse_serving_robot-1/install/coffee_system_interface/lib/libcoffee_system_interface__rosidl_typesupport_c.so
-- Up-to-date: /home/yoonkangrok/coffeehouse_serving_robot-1/install/coffee_system_interface/lib/libcoffee_system_interface__rosidl_typesupport_introspection_cpp.so
-- Up-to-date: /home/yoonkangrok/coffeehouse_serving_robot-1/install/coffee_system_interface/lib/libcoffee_system_interface__rosidl_typesupport_cpp.so
Listing '/home/yoonkangrok/coffeehouse_serving_robot-1/install/coffee_system_interface/local/lib/python3.10/dist-packages/coffee_system_interface'...
Listing '/home/yoonkangrok/coffeehouse_serving_robot-1/install/coffee_system_interface/local/lib/python3.10/dist-packages/coffee_system_interface/action'...
Listing '/home/yoonkangrok/coffeehouse_serving_robot-1/install/coffee_system_interface/local/lib/python3.10/dist-packages/coffee_system_interface/msg'...
Listing '/home/yoonkangrok/coffeehouse_serving_robot-1/install/coffee_system_interface/local/lib/python3.10/dist-packages/coffee_system_interface/srv'...
-- Up-to-date: /home/yoonkangrok/coffeehouse_serving_robot-1/install/coffee_system_interface/lib/libcoffee_system_interface__rosidl_generator_py.so
-- Up-to-date: /home/yoonkangrok/coffeehouse_serving_robot-1/install/coffee_system_interface/share/coffee_system_interface/cmake/export_coffee_system_interface__rosidl_generator_cExport.cmake
-- Up-to-date: /home/yoonkangrok/coffeehouse_serving_robot-1/install/coffee_system_interface/share/coffee_system_interface/cmake/export_coffee_system_interface__rosidl_generator_cExport-noconfig.cmake
-- Up-to-date: /home/yoonkangrok/coffeehouse_serving_robot-1/install/coffee_system_interface/share/coffee_system_interface/cmake/export_coffee_system_interface__rosidl_typesupport_fastrtps_cExport.cmake
-- Up-to-date: /home/yoonkangrok/coffeehouse_serving_robot-1/install/coffee_system_interface/share/coffee_system_interface/cmake/export_coffee_system_interface__rosidl_typesupport_fastrtps_cExport-noconfig.cmake
-- Up-to-date: /home/yoonkangrok/coffeehouse_serving_robot-1/install/coffee_system_interface/share/coffee_system_interface/cmake/export_coffee_system_interface__rosidl_generator_cppExport.cmake
-- Up-to-date: /home/yoonkangrok/coffeehouse_serving_robot-1/install/coffee_system_interface/share/coffee_system_interface/cmake/export_coffee_system_interface__rosidl_typesupport_fastrtps_cppExport.cmake
-- Up-to-date: /home/yoonkangrok/coffeehouse_serving_robot-1/install/coffee_system_interface/share/coffee_system_interface/cmake/export_coffee_system_interface__rosidl_typesupport_fastrtps_cppExport-noconfig.cmake
-- Up-to-date: /home/yoonkangrok/coffeehouse_serving_robot-1/install/coffee_system_interface/share/coffee_system_interface/cmake/coffee_system_interface__rosidl_typesupport_introspection_cExport.cmake
-- Up-to-date: /home/yoonkangrok/coffeehouse_serving_robot-1/install/coffee_system_interface/share/coffee_system_interface/cmake/coffee_system_interface__rosidl_typesupport_introspection_cExport-noconfig.cmake
-- Up-to-date: /home/yoonkangrok/coffeehouse_serving_robot-1/install/coffee_system_interface/share/coffee_system_interface/cmake/coffee_system_interface__rosidl_typesupport_cExport.cmake
-- Up-to-date: /home/yoonkangrok/coffeehouse_serving_robot-1/install/coffee_system_interface/share/coffee_system_interface/cmake/coffee_system_interface__rosidl_typesupport_cExport-noconfig.cmake
-- Up-to-date: /home/yoonkangrok/coffeehouse_serving_robot-1/install/coffee_system_interface/share/coffee_system_interface/cmake/coffee_system_interface__rosidl_typesupport_introspection_cppExport.cmake
-- Up-to-date: /home/yoonkangrok/coffeehouse_serving_robot-1/install/coffee_system_interface/share/coffee_system_interface/cmake/coffee_system_interface__rosidl_typesupport_introspection_cppExport-noconfig.cmake
-- Up-to-date: /home/yoonkangrok/coffeehouse_serving_robot-1/install/coffee_system_interface/share/coffee_system_interface/cmake/coffee_system_interface__rosidl_typesupport_cppExport.cmake
-- Up-to-date: /home/yoonkangrok/coffeehouse_serving_robot-1/install/coffee_system_interface/share/coffee_system_interface/cmake/coffee_system_interface__rosidl_typesupport_cppExport-noconfig.cmake
-- Up-to-date: /home/yoonkangrok/coffeehouse_serving_robot-1/install/coffee_system_interface/share/coffee_system_interface/cmake/export_coffee_system_interface__rosidl_generator_pyExport.cmake
-- Up-to-date: /home/yoonkangrok/coffeehouse_serving_robot-1/install/coffee_system_interface/share/coffee_system_interface/cmake/export_coffee_system_interface__rosidl_generator_pyExport-noconfig.cmake
