[0.143s] DEBUG:colcon:Command line arguments: ['/usr/bin/colcon', 'build', '--symlink-install']
[0.143s] DEBUG:colcon:Parsed command line arguments: Namespace(log_base=None, log_level=None, verb_name='build', build_base='build', install_base='install', merge_install=False, symlink_install=True, test_result_base=None, continue_on_error=False, executor='parallel', parallel_workers=8, event_handlers=None, ignore_user_meta=False, metas=['./colcon.meta'], base_paths=['.'], packages_ignore=None, packages_ignore_regex=None, paths=None, packages_up_to=None, packages_up_to_regex=None, packages_above=None, packages_above_and_dependencies=None, packages_above_depth=None, packages_select_by_dep=None, packages_skip_by_dep=None, packages_skip_up_to=None, packages_select_build_failed=False, packages_skip_build_finished=False, packages_select_test_failures=False, packages_skip_test_passed=False, packages_select=None, packages_skip=None, packages_select_regex=None, packages_skip_regex=None, packages_start=None, packages_end=None, allow_overriding=[], cmake_args=None, cmake_target=None, cmake_target_skip_unavailable=False, cmake_clean_cache=False, cmake_clean_first=False, cmake_force_configure=False, ament_cmake_args=None, catkin_cmake_args=None, catkin_skip_building_tests=False, verb_parser=<colcon_defaults.argument_parser.defaults.DefaultArgumentsDecorator object at 0x7ad1502bdab0>, verb_extension=<colcon_core.verb.build.BuildVerb object at 0x7ad1502bd630>, main=<bound method BuildVerb.main of <colcon_core.verb.build.BuildVerb object at 0x7ad1502bd630>>)
[0.296s] Level 1:colcon.colcon_core.package_discovery:discover_packages(colcon_meta) check parameters
[0.296s] Level 1:colcon.colcon_core.package_discovery:discover_packages(recursive) check parameters
[0.296s] Level 1:colcon.colcon_core.package_discovery:discover_packages(ignore) check parameters
[0.296s] Level 1:colcon.colcon_core.package_discovery:discover_packages(path) check parameters
[0.296s] Level 1:colcon.colcon_core.package_discovery:discover_packages(colcon_meta) discover
[0.296s] Level 1:colcon.colcon_core.package_discovery:discover_packages(recursive) discover
[0.296s] INFO:colcon.colcon_core.package_discovery:Crawling recursively for packages in '/home/yoonkangrok/coffeehouse_serving_robot-1'
[0.296s] Level 1:colcon.colcon_core.package_identification:_identify(.) by extensions ['ignore', 'ignore_ament_install']
[0.296s] Level 1:colcon.colcon_core.package_identification:_identify(.) by extension 'ignore'
[0.296s] Level 1:colcon.colcon_core.package_identification:_identify(.) by extension 'ignore_ament_install'
[0.296s] Level 1:colcon.colcon_core.package_identification:_identify(.) by extensions ['colcon_pkg']
[0.296s] Level 1:colcon.colcon_core.package_identification:_identify(.) by extension 'colcon_pkg'
[0.297s] Level 1:colcon.colcon_core.package_identification:_identify(.) by extensions ['colcon_meta']
[0.297s] Level 1:colcon.colcon_core.package_identification:_identify(.) by extension 'colcon_meta'
[0.297s] Level 1:colcon.colcon_core.package_identification:_identify(.) by extensions ['ros']
[0.297s] Level 1:colcon.colcon_core.package_identification:_identify(.) by extension 'ros'
[0.304s] Level 1:colcon.colcon_core.package_identification:_identify(.) by extensions ['cmake', 'python']
[0.304s] Level 1:colcon.colcon_core.package_identification:_identify(.) by extension 'cmake'
[0.304s] Level 1:colcon.colcon_core.package_identification:_identify(.) by extension 'python'
[0.304s] Level 1:colcon.colcon_core.package_identification:_identify(.) by extensions ['python_setup_py']
[0.304s] Level 1:colcon.colcon_core.package_identification:_identify(.) by extension 'python_setup_py'
[0.304s] Level 1:colcon.colcon_core.package_identification:_identify(build) by extensions ['ignore', 'ignore_ament_install']
[0.304s] Level 1:colcon.colcon_core.package_identification:_identify(build) by extension 'ignore'
[0.304s] Level 1:colcon.colcon_core.package_identification:_identify(build) ignored
[0.304s] Level 1:colcon.colcon_core.package_identification:_identify(install) by extensions ['ignore', 'ignore_ament_install']
[0.304s] Level 1:colcon.colcon_core.package_identification:_identify(install) by extension 'ignore'
[0.304s] Level 1:colcon.colcon_core.package_identification:_identify(install) ignored
[0.304s] Level 1:colcon.colcon_core.package_identification:_identify(log) by extensions ['ignore', 'ignore_ament_install']
[0.305s] Level 1:colcon.colcon_core.package_identification:_identify(log) by extension 'ignore'
[0.305s] Level 1:colcon.colcon_core.package_identification:_identify(log) ignored
[0.305s] Level 1:colcon.colcon_core.package_identification:_identify(src) by extensions ['ignore', 'ignore_ament_install']
[0.305s] Level 1:colcon.colcon_core.package_identification:_identify(src) by extension 'ignore'
[0.305s] Level 1:colcon.colcon_core.package_identification:_identify(src) by extension 'ignore_ament_install'
[0.305s] Level 1:colcon.colcon_core.package_identification:_identify(src) by extensions ['colcon_pkg']
[0.305s] Level 1:colcon.colcon_core.package_identification:_identify(src) by extension 'colcon_pkg'
[0.305s] Level 1:colcon.colcon_core.package_identification:_identify(src) by extensions ['colcon_meta']
[0.305s] Level 1:colcon.colcon_core.package_identification:_identify(src) by extension 'colcon_meta'
[0.305s] Level 1:colcon.colcon_core.package_identification:_identify(src) by extensions ['ros']
[0.305s] Level 1:colcon.colcon_core.package_identification:_identify(src) by extension 'ros'
[0.305s] Level 1:colcon.colcon_core.package_identification:_identify(src) by extensions ['cmake', 'python']
[0.305s] Level 1:colcon.colcon_core.package_identification:_identify(src) by extension 'cmake'
[0.305s] Level 1:colcon.colcon_core.package_identification:_identify(src) by extension 'python'
[0.305s] Level 1:colcon.colcon_core.package_identification:_identify(src) by extensions ['python_setup_py']
[0.305s] Level 1:colcon.colcon_core.package_identification:_identify(src) by extension 'python_setup_py'
[0.305s] Level 1:colcon.colcon_core.package_identification:_identify(src/coffee_system) by extensions ['ignore', 'ignore_ament_install']
[0.305s] Level 1:colcon.colcon_core.package_identification:_identify(src/coffee_system) by extension 'ignore'
[0.305s] Level 1:colcon.colcon_core.package_identification:_identify(src/coffee_system) by extension 'ignore_ament_install'
[0.305s] Level 1:colcon.colcon_core.package_identification:_identify(src/coffee_system) by extensions ['colcon_pkg']
[0.305s] Level 1:colcon.colcon_core.package_identification:_identify(src/coffee_system) by extension 'colcon_pkg'
[0.305s] Level 1:colcon.colcon_core.package_identification:_identify(src/coffee_system) by extensions ['colcon_meta']
[0.305s] Level 1:colcon.colcon_core.package_identification:_identify(src/coffee_system) by extension 'colcon_meta'
[0.305s] Level 1:colcon.colcon_core.package_identification:_identify(src/coffee_system) by extensions ['ros']
[0.305s] Level 1:colcon.colcon_core.package_identification:_identify(src/coffee_system) by extension 'ros'
[0.307s] DEBUG:colcon.colcon_core.package_identification:Package 'src/coffee_system' with type 'ros.ament_python' and name 'coffee_system'
[0.307s] Level 1:colcon.colcon_core.package_identification:_identify(src/coffee_system_interface) by extensions ['ignore', 'ignore_ament_install']
[0.307s] Level 1:colcon.colcon_core.package_identification:_identify(src/coffee_system_interface) by extension 'ignore'
[0.307s] Level 1:colcon.colcon_core.package_identification:_identify(src/coffee_system_interface) by extension 'ignore_ament_install'
[0.307s] Level 1:colcon.colcon_core.package_identification:_identify(src/coffee_system_interface) by extensions ['colcon_pkg']
[0.307s] Level 1:colcon.colcon_core.package_identification:_identify(src/coffee_system_interface) by extension 'colcon_pkg'
[0.307s] Level 1:colcon.colcon_core.package_identification:_identify(src/coffee_system_interface) by extensions ['colcon_meta']
[0.307s] Level 1:colcon.colcon_core.package_identification:_identify(src/coffee_system_interface) by extension 'colcon_meta'
[0.307s] Level 1:colcon.colcon_core.package_identification:_identify(src/coffee_system_interface) by extensions ['ros']
[0.307s] Level 1:colcon.colcon_core.package_identification:_identify(src/coffee_system_interface) by extension 'ros'
[0.308s] DEBUG:colcon.colcon_core.package_identification:Package 'src/coffee_system_interface' with type 'ros.ament_cmake' and name 'coffee_system_interface'
[0.308s] Level 1:colcon.colcon_core.package_discovery:discover_packages(recursive) using defaults
[0.308s] Level 1:colcon.colcon_core.package_discovery:discover_packages(ignore) discover
[0.308s] Level 1:colcon.colcon_core.package_discovery:discover_packages(ignore) using defaults
[0.308s] Level 1:colcon.colcon_core.package_discovery:discover_packages(path) discover
[0.308s] Level 1:colcon.colcon_core.package_discovery:discover_packages(path) using defaults
[0.326s] Level 1:colcon.colcon_core.package_discovery:discover_packages(prefix_path) check parameters
[0.326s] Level 1:colcon.colcon_core.package_discovery:discover_packages(prefix_path) discover
[0.330s] DEBUG:colcon.colcon_installed_package_information.package_discovery:Found 2 installed packages in /home/yoonkangrok/coffeehouse_serving_robot-1/install
[0.330s] DEBUG:colcon.colcon_installed_package_information.package_discovery:Found 15 installed packages in /home/yoonkangrok/turtlebot3_ws/install
[0.331s] DEBUG:colcon.colcon_installed_package_information.package_discovery:Found 340 installed packages in /opt/ros/humble
[0.333s] Level 1:colcon.colcon_core.package_discovery:discover_packages(prefix_path) using defaults
[0.370s] Level 5:colcon.colcon_core.verb:set package 'coffee_system_interface' build argument 'cmake_args' from command line to 'None'
[0.370s] Level 5:colcon.colcon_core.verb:set package 'coffee_system_interface' build argument 'cmake_target' from command line to 'None'
[0.370s] Level 5:colcon.colcon_core.verb:set package 'coffee_system_interface' build argument 'cmake_target_skip_unavailable' from command line to 'False'
[0.370s] Level 5:colcon.colcon_core.verb:set package 'coffee_system_interface' build argument 'cmake_clean_cache' from command line to 'False'
[0.370s] Level 5:colcon.colcon_core.verb:set package 'coffee_system_interface' build argument 'cmake_clean_first' from command line to 'False'
[0.370s] Level 5:colcon.colcon_core.verb:set package 'coffee_system_interface' build argument 'cmake_force_configure' from command line to 'False'
[0.370s] Level 5:colcon.colcon_core.verb:set package 'coffee_system_interface' build argument 'ament_cmake_args' from command line to 'None'
[0.370s] Level 5:colcon.colcon_core.verb:set package 'coffee_system_interface' build argument 'catkin_cmake_args' from command line to 'None'
[0.370s] Level 5:colcon.colcon_core.verb:set package 'coffee_system_interface' build argument 'catkin_skip_building_tests' from command line to 'False'
[0.370s] DEBUG:colcon.colcon_core.verb:Building package 'coffee_system_interface' with the following arguments: {'ament_cmake_args': None, 'build_base': '/home/yoonkangrok/coffeehouse_serving_robot-1/build/coffee_system_interface', 'catkin_cmake_args': None, 'catkin_skip_building_tests': False, 'cmake_args': None, 'cmake_clean_cache': False, 'cmake_clean_first': False, 'cmake_force_configure': False, 'cmake_target': None, 'cmake_target_skip_unavailable': False, 'install_base': '/home/yoonkangrok/coffeehouse_serving_robot-1/install/coffee_system_interface', 'merge_install': False, 'path': '/home/yoonkangrok/coffeehouse_serving_robot-1/src/coffee_system_interface', 'symlink_install': True, 'test_result_base': None}
[0.370s] Level 5:colcon.colcon_core.verb:set package 'coffee_system' build argument 'cmake_args' from command line to 'None'
[0.370s] Level 5:colcon.colcon_core.verb:set package 'coffee_system' build argument 'cmake_target' from command line to 'None'
[0.370s] Level 5:colcon.colcon_core.verb:set package 'coffee_system' build argument 'cmake_target_skip_unavailable' from command line to 'False'
[0.370s] Level 5:colcon.colcon_core.verb:set package 'coffee_system' build argument 'cmake_clean_cache' from command line to 'False'
[0.370s] Level 5:colcon.colcon_core.verb:set package 'coffee_system' build argument 'cmake_clean_first' from command line to 'False'
[0.370s] Level 5:colcon.colcon_core.verb:set package 'coffee_system' build argument 'cmake_force_configure' from command line to 'False'
[0.370s] Level 5:colcon.colcon_core.verb:set package 'coffee_system' build argument 'ament_cmake_args' from command line to 'None'
[0.370s] Level 5:colcon.colcon_core.verb:set package 'coffee_system' build argument 'catkin_cmake_args' from command line to 'None'
[0.371s] Level 5:colcon.colcon_core.verb:set package 'coffee_system' build argument 'catkin_skip_building_tests' from command line to 'False'
[0.371s] DEBUG:colcon.colcon_core.verb:Building package 'coffee_system' with the following arguments: {'ament_cmake_args': None, 'build_base': '/home/yoonkangrok/coffeehouse_serving_robot-1/build/coffee_system', 'catkin_cmake_args': None, 'catkin_skip_building_tests': False, 'cmake_args': None, 'cmake_clean_cache': False, 'cmake_clean_first': False, 'cmake_force_configure': False, 'cmake_target': None, 'cmake_target_skip_unavailable': False, 'install_base': '/home/yoonkangrok/coffeehouse_serving_robot-1/install/coffee_system', 'merge_install': False, 'path': '/home/yoonkangrok/coffeehouse_serving_robot-1/src/coffee_system', 'symlink_install': True, 'test_result_base': None}
[0.371s] INFO:colcon.colcon_core.executor:Executing jobs using 'parallel' executor
[0.372s] DEBUG:colcon.colcon_parallel_executor.executor.parallel:run_until_complete
[0.372s] INFO:colcon.colcon_ros.task.ament_cmake.build:Building ROS package in '/home/yoonkangrok/coffeehouse_serving_robot-1/src/coffee_system_interface' with build type 'ament_cmake'
[0.372s] INFO:colcon.colcon_cmake.task.cmake.build:Building CMake package in '/home/yoonkangrok/coffeehouse_serving_robot-1/src/coffee_system_interface'
[0.376s] INFO:colcon.colcon_core.plugin_system:Skipping extension 'colcon_core.shell.bat': Not used on non-Windows systems
[0.376s] INFO:colcon.colcon_core.shell:Skip shell extension 'powershell' for command environment: Not usable outside of PowerShell
[0.377s] DEBUG:colcon.colcon_core.shell:Skip shell extension 'dsv' for command environment
[0.385s] DEBUG:colcon.colcon_core.event_handler.log_command:Invoking command in '/home/yoonkangrok/coffeehouse_serving_robot-1/build/coffee_system_interface': CMAKE_PREFIX_PATH=${CMAKE_PREFIX_PATH}:/home/yoonkangrok/coffeehouse_serving_robot-1/install/coffee_system:/home/yoonkangrok/turtlebot3_ws/install/turtlebot3_teleop:/home/yoonkangrok/turtlebot3_ws/install/turtlebot3_example:/opt/ros/humble /usr/bin/cmake --build /home/yoonkangrok/coffeehouse_serving_robot-1/build/coffee_system_interface -- -j8 -l8
[0.723s] DEBUG:colcon.colcon_core.event_handler.log_command:Invoked command in '/home/yoonkangrok/coffeehouse_serving_robot-1/build/coffee_system_interface' returned '0': CMAKE_PREFIX_PATH=${CMAKE_PREFIX_PATH}:/home/yoonkangrok/coffeehouse_serving_robot-1/install/coffee_system:/home/yoonkangrok/turtlebot3_ws/install/turtlebot3_teleop:/home/yoonkangrok/turtlebot3_ws/install/turtlebot3_example:/opt/ros/humble /usr/bin/cmake --build /home/yoonkangrok/coffeehouse_serving_robot-1/build/coffee_system_interface -- -j8 -l8
[0.827s] DEBUG:colcon.colcon_core.event_handler.log_command:Invoking command in '/home/yoonkangrok/coffeehouse_serving_robot-1/build/coffee_system_interface': CMAKE_PREFIX_PATH=${CMAKE_PREFIX_PATH}:/home/yoonkangrok/coffeehouse_serving_robot-1/install/coffee_system:/home/yoonkangrok/turtlebot3_ws/install/turtlebot3_teleop:/home/yoonkangrok/turtlebot3_ws/install/turtlebot3_example:/opt/ros/humble /usr/bin/cmake --install /home/yoonkangrok/coffeehouse_serving_robot-1/build/coffee_system_interface
[0.894s] Level 1:colcon.colcon_core.environment:create_environment_scripts_only(coffee_system_interface)
[0.895s] DEBUG:colcon.colcon_core.event_handler.log_command:Invoked command in '/home/yoonkangrok/coffeehouse_serving_robot-1/build/coffee_system_interface' returned '0': CMAKE_PREFIX_PATH=${CMAKE_PREFIX_PATH}:/home/yoonkangrok/coffeehouse_serving_robot-1/install/coffee_system:/home/yoonkangrok/turtlebot3_ws/install/turtlebot3_teleop:/home/yoonkangrok/turtlebot3_ws/install/turtlebot3_example:/opt/ros/humble /usr/bin/cmake --install /home/yoonkangrok/coffeehouse_serving_robot-1/build/coffee_system_interface
[0.899s] Level 1:colcon.colcon_core.environment:checking '/home/yoonkangrok/coffeehouse_serving_robot-1/install/coffee_system_interface' for CMake module files
[0.900s] Level 1:colcon.colcon_core.environment:checking '/home/yoonkangrok/coffeehouse_serving_robot-1/install/coffee_system_interface' for CMake config files
[0.900s] Level 1:colcon.colcon_core.shell:create_environment_hook('coffee_system_interface', 'cmake_prefix_path')
[0.900s] INFO:colcon.colcon_core.shell:Creating environment hook '/home/yoonkangrok/coffeehouse_serving_robot-1/install/coffee_system_interface/share/coffee_system_interface/hook/cmake_prefix_path.ps1'
[0.901s] INFO:colcon.colcon_core.shell:Creating environment descriptor '/home/yoonkangrok/coffeehouse_serving_robot-1/install/coffee_system_interface/share/coffee_system_interface/hook/cmake_prefix_path.dsv'
[0.902s] INFO:colcon.colcon_core.shell:Creating environment hook '/home/yoonkangrok/coffeehouse_serving_robot-1/install/coffee_system_interface/share/coffee_system_interface/hook/cmake_prefix_path.sh'
[0.902s] Level 1:colcon.colcon_core.environment:checking '/home/yoonkangrok/coffeehouse_serving_robot-1/install/coffee_system_interface/lib'
[0.903s] Level 1:colcon.colcon_core.shell:create_environment_hook('coffee_system_interface', 'ld_library_path_lib')
[0.903s] INFO:colcon.colcon_core.shell:Creating environment hook '/home/yoonkangrok/coffeehouse_serving_robot-1/install/coffee_system_interface/share/coffee_system_interface/hook/ld_library_path_lib.ps1'
[0.903s] INFO:colcon.colcon_core.shell:Creating environment descriptor '/home/yoonkangrok/coffeehouse_serving_robot-1/install/coffee_system_interface/share/coffee_system_interface/hook/ld_library_path_lib.dsv'
[0.903s] INFO:colcon.colcon_core.shell:Creating environment hook '/home/yoonkangrok/coffeehouse_serving_robot-1/install/coffee_system_interface/share/coffee_system_interface/hook/ld_library_path_lib.sh'
[0.903s] Level 1:colcon.colcon_core.environment:checking '/home/yoonkangrok/coffeehouse_serving_robot-1/install/coffee_system_interface/bin'
[0.903s] Level 1:colcon.colcon_core.environment:checking '/home/yoonkangrok/coffeehouse_serving_robot-1/install/coffee_system_interface/lib/pkgconfig/coffee_system_interface.pc'
[0.904s] Level 1:colcon.colcon_core.environment:checking '/home/yoonkangrok/coffeehouse_serving_robot-1/install/coffee_system_interface/lib/python3.10/site-packages'
[0.904s] Level 1:colcon.colcon_core.environment:checking '/home/yoonkangrok/coffeehouse_serving_robot-1/install/coffee_system_interface/bin'
[0.904s] INFO:colcon.colcon_core.shell:Creating package script '/home/yoonkangrok/coffeehouse_serving_robot-1/install/coffee_system_interface/share/coffee_system_interface/package.ps1'
[0.905s] INFO:colcon.colcon_core.shell:Creating package descriptor '/home/yoonkangrok/coffeehouse_serving_robot-1/install/coffee_system_interface/share/coffee_system_interface/package.dsv'
[0.905s] INFO:colcon.colcon_core.shell:Creating package script '/home/yoonkangrok/coffeehouse_serving_robot-1/install/coffee_system_interface/share/coffee_system_interface/package.sh'
[0.906s] INFO:colcon.colcon_core.shell:Creating package script '/home/yoonkangrok/coffeehouse_serving_robot-1/install/coffee_system_interface/share/coffee_system_interface/package.bash'
[0.906s] INFO:colcon.colcon_core.shell:Creating package script '/home/yoonkangrok/coffeehouse_serving_robot-1/install/coffee_system_interface/share/coffee_system_interface/package.zsh'
[0.907s] Level 1:colcon.colcon_core.environment:create_file_with_runtime_dependencies(/home/yoonkangrok/coffeehouse_serving_robot-1/install/coffee_system_interface/share/colcon-core/packages/coffee_system_interface)
[0.996s] Level 1:colcon.colcon_core.environment:create_environment_scripts_only(coffee_system_interface)
[0.997s] Level 1:colcon.colcon_core.environment:checking '/home/yoonkangrok/coffeehouse_serving_robot-1/install/coffee_system_interface' for CMake module files
[0.997s] Level 1:colcon.colcon_core.environment:checking '/home/yoonkangrok/coffeehouse_serving_robot-1/install/coffee_system_interface' for CMake config files
[0.998s] Level 1:colcon.colcon_core.shell:create_environment_hook('coffee_system_interface', 'cmake_prefix_path')
[0.998s] INFO:colcon.colcon_core.shell:Creating environment hook '/home/yoonkangrok/coffeehouse_serving_robot-1/install/coffee_system_interface/share/coffee_system_interface/hook/cmake_prefix_path.ps1'
[0.998s] INFO:colcon.colcon_core.shell:Creating environment descriptor '/home/yoonkangrok/coffeehouse_serving_robot-1/install/coffee_system_interface/share/coffee_system_interface/hook/cmake_prefix_path.dsv'
[0.999s] INFO:colcon.colcon_core.shell:Creating environment hook '/home/yoonkangrok/coffeehouse_serving_robot-1/install/coffee_system_interface/share/coffee_system_interface/hook/cmake_prefix_path.sh'
[0.999s] Level 1:colcon.colcon_core.environment:checking '/home/yoonkangrok/coffeehouse_serving_robot-1/install/coffee_system_interface/lib'
[0.999s] Level 1:colcon.colcon_core.shell:create_environment_hook('coffee_system_interface', 'ld_library_path_lib')
[0.999s] INFO:colcon.colcon_core.shell:Creating environment hook '/home/yoonkangrok/coffeehouse_serving_robot-1/install/coffee_system_interface/share/coffee_system_interface/hook/ld_library_path_lib.ps1'
[1.000s] INFO:colcon.colcon_core.shell:Creating environment descriptor '/home/yoonkangrok/coffeehouse_serving_robot-1/install/coffee_system_interface/share/coffee_system_interface/hook/ld_library_path_lib.dsv'
[1.000s] INFO:colcon.colcon_core.shell:Creating environment hook '/home/yoonkangrok/coffeehouse_serving_robot-1/install/coffee_system_interface/share/coffee_system_interface/hook/ld_library_path_lib.sh'
[1.000s] Level 1:colcon.colcon_core.environment:checking '/home/yoonkangrok/coffeehouse_serving_robot-1/install/coffee_system_interface/bin'
[1.000s] Level 1:colcon.colcon_core.environment:checking '/home/yoonkangrok/coffeehouse_serving_robot-1/install/coffee_system_interface/lib/pkgconfig/coffee_system_interface.pc'
[1.000s] Level 1:colcon.colcon_core.environment:checking '/home/yoonkangrok/coffeehouse_serving_robot-1/install/coffee_system_interface/lib/python3.10/site-packages'
[1.000s] Level 1:colcon.colcon_core.environment:checking '/home/yoonkangrok/coffeehouse_serving_robot-1/install/coffee_system_interface/bin'
[1.001s] INFO:colcon.colcon_core.shell:Creating package script '/home/yoonkangrok/coffeehouse_serving_robot-1/install/coffee_system_interface/share/coffee_system_interface/package.ps1'
[1.001s] INFO:colcon.colcon_core.shell:Creating package descriptor '/home/yoonkangrok/coffeehouse_serving_robot-1/install/coffee_system_interface/share/coffee_system_interface/package.dsv'
[1.001s] INFO:colcon.colcon_core.shell:Creating package script '/home/yoonkangrok/coffeehouse_serving_robot-1/install/coffee_system_interface/share/coffee_system_interface/package.sh'
[1.002s] INFO:colcon.colcon_core.shell:Creating package script '/home/yoonkangrok/coffeehouse_serving_robot-1/install/coffee_system_interface/share/coffee_system_interface/package.bash'
[1.002s] INFO:colcon.colcon_core.shell:Creating package script '/home/yoonkangrok/coffeehouse_serving_robot-1/install/coffee_system_interface/share/coffee_system_interface/package.zsh'
[1.002s] Level 1:colcon.colcon_core.environment:create_file_with_runtime_dependencies(/home/yoonkangrok/coffeehouse_serving_robot-1/install/coffee_system_interface/share/colcon-core/packages/coffee_system_interface)
[1.003s] INFO:colcon.colcon_ros.task.ament_python.build:Building ROS package in '/home/yoonkangrok/coffeehouse_serving_robot-1/src/coffee_system' with build type 'ament_python'
[1.003s] Level 1:colcon.colcon_core.shell:create_environment_hook('coffee_system', 'ament_prefix_path')
[1.003s] INFO:colcon.colcon_core.shell:Creating environment hook '/home/yoonkangrok/coffeehouse_serving_robot-1/install/coffee_system/share/coffee_system/hook/ament_prefix_path.ps1'
[1.003s] INFO:colcon.colcon_core.shell:Creating environment descriptor '/home/yoonkangrok/coffeehouse_serving_robot-1/install/coffee_system/share/coffee_system/hook/ament_prefix_path.dsv'
[1.004s] INFO:colcon.colcon_core.shell:Creating environment hook '/home/yoonkangrok/coffeehouse_serving_robot-1/install/coffee_system/share/coffee_system/hook/ament_prefix_path.sh'
[1.004s] INFO:colcon.colcon_core.shell:Skip shell extension 'powershell' for command environment: Not usable outside of PowerShell
[1.004s] DEBUG:colcon.colcon_core.shell:Skip shell extension 'dsv' for command environment
[1.327s] INFO:colcon.colcon_core.task.python.build:Building Python package in '/home/yoonkangrok/coffeehouse_serving_robot-1/src/coffee_system'
[1.327s] INFO:colcon.colcon_core.shell:Skip shell extension 'powershell' for command environment: Not usable outside of PowerShell
[1.327s] DEBUG:colcon.colcon_core.shell:Skip shell extension 'dsv' for command environment
[1.842s] DEBUG:colcon.colcon_core.event_handler.log_command:Invoking command in '/home/yoonkangrok/coffeehouse_serving_robot-1/build/coffee_system': LD_LIBRARY_PATH=/home/yoonkangrok/coffeehouse_serving_robot-1/install/coffee_system_interface/lib:/home/yoonkangrok/turtlebot3_ws/install/turtlebot3_msgs/lib:/home/yoonkangrok/turtlebot3_ws/install/dynamixel_sdk_custom_interfaces/lib:/home/yoonkangrok/turtlebot3_ws/install/dynamixel_sdk/lib:/usr/lib/x86_64-linux-gnu/gazebo-11/plugins:/opt/ros/humble/opt/rviz_ogre_vendor/lib:/opt/ros/humble/lib/x86_64-linux-gnu:/opt/ros/humble/lib:/usr/lib/x86_64-linux-gnu/gazebo-11/plugins PYTHONPATH=/home/yoonkangrok/coffeehouse_serving_robot-1/build/coffee_system/prefix_override:/usr/lib/python3/dist-packages/colcon_core/task/python/colcon_distutils_commands:/home/yoonkangrok/coffeehouse_serving_robot-1/install/coffee_system/lib/python3.10/site-packages:${PYTHONPATH} /usr/bin/python3 -W ignore:setup.py install is deprecated setup.py develop --editable --build-directory /home/yoonkangrok/coffeehouse_serving_robot-1/build/coffee_system/build --no-deps symlink_data
[2.463s] Level 1:colcon.colcon_core.shell:create_environment_hook('coffee_system', 'pythonpath_develop')
[2.463s] INFO:colcon.colcon_core.shell:Creating environment hook '/home/yoonkangrok/coffeehouse_serving_robot-1/build/coffee_system/share/coffee_system/hook/pythonpath_develop.ps1'
[2.463s] DEBUG:colcon.colcon_core.event_handler.log_command:Invoked command in '/home/yoonkangrok/coffeehouse_serving_robot-1/build/coffee_system' returned '0': LD_LIBRARY_PATH=/home/yoonkangrok/coffeehouse_serving_robot-1/install/coffee_system_interface/lib:/home/yoonkangrok/turtlebot3_ws/install/turtlebot3_msgs/lib:/home/yoonkangrok/turtlebot3_ws/install/dynamixel_sdk_custom_interfaces/lib:/home/yoonkangrok/turtlebot3_ws/install/dynamixel_sdk/lib:/usr/lib/x86_64-linux-gnu/gazebo-11/plugins:/opt/ros/humble/opt/rviz_ogre_vendor/lib:/opt/ros/humble/lib/x86_64-linux-gnu:/opt/ros/humble/lib:/usr/lib/x86_64-linux-gnu/gazebo-11/plugins PYTHONPATH=/home/yoonkangrok/coffeehouse_serving_robot-1/build/coffee_system/prefix_override:/usr/lib/python3/dist-packages/colcon_core/task/python/colcon_distutils_commands:/home/yoonkangrok/coffeehouse_serving_robot-1/install/coffee_system/lib/python3.10/site-packages:${PYTHONPATH} /usr/bin/python3 -W ignore:setup.py install is deprecated setup.py develop --editable --build-directory /home/yoonkangrok/coffeehouse_serving_robot-1/build/coffee_system/build --no-deps symlink_data
[2.464s] INFO:colcon.colcon_core.shell:Creating environment descriptor '/home/yoonkangrok/coffeehouse_serving_robot-1/build/coffee_system/share/coffee_system/hook/pythonpath_develop.dsv'
[2.464s] INFO:colcon.colcon_core.shell:Creating environment hook '/home/yoonkangrok/coffeehouse_serving_robot-1/build/coffee_system/share/coffee_system/hook/pythonpath_develop.sh'
[2.465s] Level 1:colcon.colcon_core.environment:checking '/home/yoonkangrok/coffeehouse_serving_robot-1/install/coffee_system' for CMake module files
[2.465s] Level 1:colcon.colcon_core.environment:checking '/home/yoonkangrok/coffeehouse_serving_robot-1/install/coffee_system' for CMake config files
[2.466s] Level 1:colcon.colcon_core.environment:checking '/home/yoonkangrok/coffeehouse_serving_robot-1/install/coffee_system/lib'
[2.466s] Level 1:colcon.colcon_core.environment:checking '/home/yoonkangrok/coffeehouse_serving_robot-1/install/coffee_system/bin'
[2.466s] Level 1:colcon.colcon_core.environment:checking '/home/yoonkangrok/coffeehouse_serving_robot-1/install/coffee_system/lib/pkgconfig/coffee_system.pc'
[2.466s] Level 1:colcon.colcon_core.environment:checking '/home/yoonkangrok/coffeehouse_serving_robot-1/install/coffee_system/lib/python3.10/site-packages'
[2.466s] Level 1:colcon.colcon_core.shell:create_environment_hook('coffee_system', 'pythonpath')
[2.466s] INFO:colcon.colcon_core.shell:Creating environment hook '/home/yoonkangrok/coffeehouse_serving_robot-1/install/coffee_system/share/coffee_system/hook/pythonpath.ps1'
[2.467s] INFO:colcon.colcon_core.shell:Creating environment descriptor '/home/yoonkangrok/coffeehouse_serving_robot-1/install/coffee_system/share/coffee_system/hook/pythonpath.dsv'
[2.467s] INFO:colcon.colcon_core.shell:Creating environment hook '/home/yoonkangrok/coffeehouse_serving_robot-1/install/coffee_system/share/coffee_system/hook/pythonpath.sh'
[2.467s] Level 1:colcon.colcon_core.environment:checking '/home/yoonkangrok/coffeehouse_serving_robot-1/install/coffee_system/bin'
[2.467s] Level 1:colcon.colcon_core.environment:create_environment_scripts_only(coffee_system)
[2.468s] INFO:colcon.colcon_core.shell:Creating package script '/home/yoonkangrok/coffeehouse_serving_robot-1/install/coffee_system/share/coffee_system/package.ps1'
[2.468s] INFO:colcon.colcon_core.shell:Creating package descriptor '/home/yoonkangrok/coffeehouse_serving_robot-1/install/coffee_system/share/coffee_system/package.dsv'
[2.468s] INFO:colcon.colcon_core.shell:Creating package script '/home/yoonkangrok/coffeehouse_serving_robot-1/install/coffee_system/share/coffee_system/package.sh'
[2.469s] INFO:colcon.colcon_core.shell:Creating package script '/home/yoonkangrok/coffeehouse_serving_robot-1/install/coffee_system/share/coffee_system/package.bash'
[2.469s] INFO:colcon.colcon_core.shell:Creating package script '/home/yoonkangrok/coffeehouse_serving_robot-1/install/coffee_system/share/coffee_system/package.zsh'
[2.469s] Level 1:colcon.colcon_core.environment:create_file_with_runtime_dependencies(/home/yoonkangrok/coffeehouse_serving_robot-1/install/coffee_system/share/colcon-core/packages/coffee_system)
[2.469s] DEBUG:colcon.colcon_parallel_executor.executor.parallel:closing loop
[2.470s] DEBUG:colcon.colcon_parallel_executor.executor.parallel:loop closed
[2.470s] DEBUG:colcon.colcon_parallel_executor.executor.parallel:run_until_complete finished with '0'
[2.470s] DEBUG:colcon.colcon_core.event_reactor:joining thread
[2.483s] INFO:colcon.colcon_core.plugin_system:Skipping extension 'colcon_notification.desktop_notification.terminal_notifier': Not used on non-Darwin systems
[2.484s] INFO:colcon.colcon_core.plugin_system:Skipping extension 'colcon_notification.desktop_notification.win32': Not used on non-Windows systems
[2.484s] INFO:colcon.colcon_notification.desktop_notification:Sending desktop notification using 'notify2'
[2.505s] DEBUG:colcon.colcon_core.event_reactor:joined thread
[2.505s] INFO:colcon.colcon_core.shell:Creating prefix script '/home/yoonkangrok/coffeehouse_serving_robot-1/install/local_setup.ps1'
[2.508s] INFO:colcon.colcon_core.shell:Creating prefix util module '/home/yoonkangrok/coffeehouse_serving_robot-1/install/_local_setup_util_ps1.py'
[2.510s] INFO:colcon.colcon_core.shell:Creating prefix chain script '/home/yoonkangrok/coffeehouse_serving_robot-1/install/setup.ps1'
[2.513s] INFO:colcon.colcon_core.shell:Creating prefix script '/home/yoonkangrok/coffeehouse_serving_robot-1/install/local_setup.sh'
[2.514s] INFO:colcon.colcon_core.shell:Creating prefix util module '/home/yoonkangrok/coffeehouse_serving_robot-1/install/_local_setup_util_sh.py'
[2.514s] INFO:colcon.colcon_core.shell:Creating prefix chain script '/home/yoonkangrok/coffeehouse_serving_robot-1/install/setup.sh'
[2.515s] INFO:colcon.colcon_core.shell:Creating prefix script '/home/yoonkangrok/coffeehouse_serving_robot-1/install/local_setup.bash'
[2.516s] INFO:colcon.colcon_core.shell:Creating prefix chain script '/home/yoonkangrok/coffeehouse_serving_robot-1/install/setup.bash'
[2.517s] INFO:colcon.colcon_core.shell:Creating prefix script '/home/yoonkangrok/coffeehouse_serving_robot-1/install/local_setup.zsh'
[2.518s] INFO:colcon.colcon_core.shell:Creating prefix chain script '/home/yoonkangrok/coffeehouse_serving_robot-1/install/setup.zsh'
