-- Found ament_cmake: 1.3.10 (/opt/ros/humble/share/ament_cmake/cmake)
-- Override CMake install command with custom implementation using symlinks instead of copying resources
-- Found builtin_interfaces: 1.2.1 (/opt/ros/humble/share/builtin_interfaces/cmake)
-- Found rosidl_generator_c: 3.1.5 (/opt/ros/humble/share/rosidl_generator_c/cmake)
-- Found rosidl_adapter: 3.1.5 (/opt/ros/humble/share/rosidl_adapter/cmake)
-- Found rosidl_generator_cpp: 3.1.5 (/opt/ros/humble/share/rosidl_generator_cpp/cmake)
-- Using all available rosidl_typesupport_c: rosidl_typesupport_fastrtps_c;rosidl_typesupport_introspection_c
-- Using all available rosidl_typesupport_cpp: rosidl_typesupport_fastrtps_cpp;rosidl_typesupport_introspection_cpp
-- Found rosidl_default_generators: 1.2.0 (/opt/ros/humble/share/rosidl_default_generators/cmake)
-- Found ament_cmake_ros: 0.10.0 (/opt/ros/humble/share/ament_cmake_ros/cmake)
-- Using all available rosidl_typesupport_c: rosidl_typesupport_fastrtps_c;rosidl_typesupport_introspection_c
-- Using all available rosidl_typesupport_cpp: rosidl_typesupport_fastrtps_cpp;rosidl_typesupport_introspection_cpp
-- Found python_cmake_module: 0.10.0 (/opt/ros/humble/share/python_cmake_module/cmake)
-- Using PYTHON_EXECUTABLE: /usr/bin/python3
-- Using PYTHON_INCLUDE_DIRS: /usr/include/python3.10
-- Using PYTHON_LIBRARIES: /usr/lib/x86_64-linux-gnu/libpython3.10.so
-- Found ament_lint_auto: 0.12.11 (/opt/ros/humble/share/ament_lint_auto/cmake)
-- Added test 'lint_cmake' to check CMake code style
-- Added test 'xmllint' to check XML markup files
-- Configuring done
-- Generating done
-- Build files have been written to: /home/yoonkangrok/coffeehouse_serving_robot-1/build/coffee_system_interface
[  1%] [34m[1mGenerating C code for ROS interfaces[0m
[  3%] [34m[1mGenerating C++ code for ROS interfaces[0m
[  3%] Built target ament_cmake_python_symlink_coffee_system_interface
running egg_info
writing coffee_system_interface.egg-info/PKG-INFO
writing dependency_links to coffee_system_interface.egg-info/dependency_links.txt
writing top-level names to coffee_system_interface.egg-info/top_level.txt
reading manifest file 'coffee_system_interface.egg-info/SOURCES.txt'
writing manifest file 'coffee_system_interface.egg-info/SOURCES.txt'
[  3%] Built target ament_cmake_python_build_coffee_system_interface_egg
[  3%] Built target coffee_system_interface__cpp
[  4%] [34m[1mGenerating C++ type support dispatch for ROS interfaces[0m
[  6%] [34m[1mGenerating C++ introspection for ROS interfaces[0m
[  7%] [34m[1mGenerating C++ type support for eProsima Fast-RTPS[0m
[35m[1mConsolidate compiler generated dependencies of target coffee_system_interface__rosidl_generator_c[0m
[  9%] [32mBuilding C object CMakeFiles/coffee_system_interface__rosidl_generator_c.dir/rosidl_generator_c/coffee_system_interface/msg/detail/my_msg__functions.c.o[0m
[ 11%] [32mBuilding C object CMakeFiles/coffee_system_interface__rosidl_generator_c.dir/rosidl_generator_c/coffee_system_interface/msg/detail/call_staff__functions.c.o[0m
[ 14%] [32mBuilding C object CMakeFiles/coffee_system_interface__rosidl_generator_c.dir/rosidl_generator_c/coffee_system_interface/msg/detail/log_msg__functions.c.o[0m
[ 14%] [32mBuilding C object CMakeFiles/coffee_system_interface__rosidl_generator_c.dir/rosidl_generator_c/coffee_system_interface/action/detail/my_action__functions.c.o[0m
[ 15%] [32mBuilding C object CMakeFiles/coffee_system_interface__rosidl_generator_c.dir/rosidl_generator_c/coffee_system_interface/srv/detail/my_srv__functions.c.o[0m
[ 17%] [32m[1mLinking C shared library libcoffee_system_interface__rosidl_generator_c.so[0m
[ 17%] Built target coffee_system_interface__rosidl_generator_c
[ 19%] [34m[1mGenerating C type support for eProsima Fast-RTPS[0m
[ 20%] [34m[1mGenerating C introspection for ROS interfaces[0m
[ 22%] [34m[1mGenerating C type support dispatch for ROS interfaces[0m
[35m[1mConsolidate compiler generated dependencies of target coffee_system_interface__rosidl_typesupport_cpp[0m
[ 23%] [32mBuilding CXX object CMakeFiles/coffee_system_interface__rosidl_typesupport_cpp.dir/rosidl_typesupport_cpp/coffee_system_interface/msg/my_msg__type_support.cpp.o[0m
[ 25%] [32mBuilding CXX object CMakeFiles/coffee_system_interface__rosidl_typesupport_cpp.dir/rosidl_typesupport_cpp/coffee_system_interface/msg/call_staff__type_support.cpp.o[0m
[ 26%] [32mBuilding CXX object CMakeFiles/coffee_system_interface__rosidl_typesupport_cpp.dir/rosidl_typesupport_cpp/coffee_system_interface/msg/log_msg__type_support.cpp.o[0m
[35m[1mConsolidate compiler generated dependencies of target coffee_system_interface__rosidl_typesupport_introspection_cpp[0m
[ 28%] [32mBuilding CXX object CMakeFiles/coffee_system_interface__rosidl_typesupport_introspection_cpp.dir/rosidl_typesupport_introspection_cpp/coffee_system_interface/msg/detail/my_msg__type_support.cpp.o[0m
[35m[1mConsolidate compiler generated dependencies of target coffee_system_interface__rosidl_typesupport_c[0m
[ 30%] [32mBuilding CXX object CMakeFiles/coffee_system_interface__rosidl_typesupport_c.dir/rosidl_typesupport_c/coffee_system_interface/msg/my_msg__type_support.cpp.o[0m
[35m[1mConsolidate compiler generated dependencies of target coffee_system_interface__rosidl_typesupport_fastrtps_cpp[0m
[ 31%] [32mBuilding CXX object CMakeFiles/coffee_system_interface__rosidl_typesupport_fastrtps_cpp.dir/rosidl_typesupport_fastrtps_cpp/coffee_system_interface/msg/detail/dds_fastrtps/my_msg__type_support.cpp.o[0m
[ 33%] [32mBuilding CXX object CMakeFiles/coffee_system_interface__rosidl_typesupport_c.dir/rosidl_typesupport_c/coffee_system_interface/msg/call_staff__type_support.cpp.o[0m
[ 34%] [32mBuilding CXX object CMakeFiles/coffee_system_interface__rosidl_typesupport_introspection_cpp.dir/rosidl_typesupport_introspection_cpp/coffee_system_interface/msg/detail/call_staff__type_support.cpp.o[0m
[ 36%] [32mBuilding CXX object CMakeFiles/coffee_system_interface__rosidl_typesupport_c.dir/rosidl_typesupport_c/coffee_system_interface/msg/log_msg__type_support.cpp.o[0m
[ 38%] [32mBuilding CXX object CMakeFiles/coffee_system_interface__rosidl_typesupport_cpp.dir/rosidl_typesupport_cpp/coffee_system_interface/srv/my_srv__type_support.cpp.o[0m
[ 39%] [32mBuilding CXX object CMakeFiles/coffee_system_interface__rosidl_typesupport_fastrtps_cpp.dir/rosidl_typesupport_fastrtps_cpp/coffee_system_interface/msg/detail/dds_fastrtps/call_staff__type_support.cpp.o[0m
[ 41%] [32mBuilding CXX object CMakeFiles/coffee_system_interface__rosidl_typesupport_c.dir/rosidl_typesupport_c/coffee_system_interface/srv/my_srv__type_support.cpp.o[0m
[ 42%] [32mBuilding CXX object CMakeFiles/coffee_system_interface__rosidl_typesupport_c.dir/rosidl_typesupport_c/coffee_system_interface/action/my_action__type_support.cpp.o[0m
[ 44%] [32m[1mLinking CXX shared library libcoffee_system_interface__rosidl_typesupport_c.so[0m
[ 44%] Built target coffee_system_interface__rosidl_typesupport_c
[ 46%] [32mBuilding CXX object CMakeFiles/coffee_system_interface__rosidl_typesupport_fastrtps_cpp.dir/rosidl_typesupport_fastrtps_cpp/coffee_system_interface/msg/detail/dds_fastrtps/log_msg__type_support.cpp.o[0m
[35m[1mConsolidate compiler generated dependencies of target coffee_system_interface__rosidl_typesupport_introspection_c[0m
[ 47%] [32mBuilding C object CMakeFiles/coffee_system_interface__rosidl_typesupport_introspection_c.dir/rosidl_typesupport_introspection_c/coffee_system_interface/msg/detail/my_msg__type_support.c.o[0m
[ 49%] [32mBuilding C object CMakeFiles/coffee_system_interface__rosidl_typesupport_introspection_c.dir/rosidl_typesupport_introspection_c/coffee_system_interface/msg/detail/call_staff__type_support.c.o[0m
[ 50%] [32mBuilding C object CMakeFiles/coffee_system_interface__rosidl_typesupport_introspection_c.dir/rosidl_typesupport_introspection_c/coffee_system_interface/msg/detail/log_msg__type_support.c.o[0m
[ 52%] [32mBuilding CXX object CMakeFiles/coffee_system_interface__rosidl_typesupport_introspection_cpp.dir/rosidl_typesupport_introspection_cpp/coffee_system_interface/msg/detail/log_msg__type_support.cpp.o[0m
[ 53%] [32mBuilding CXX object CMakeFiles/coffee_system_interface__rosidl_typesupport_cpp.dir/rosidl_typesupport_cpp/coffee_system_interface/action/my_action__type_support.cpp.o[0m
[ 55%] [32mBuilding CXX object CMakeFiles/coffee_system_interface__rosidl_typesupport_fastrtps_cpp.dir/rosidl_typesupport_fastrtps_cpp/coffee_system_interface/srv/detail/dds_fastrtps/my_srv__type_support.cpp.o[0m
[ 57%] [32mBuilding C object CMakeFiles/coffee_system_interface__rosidl_typesupport_introspection_c.dir/rosidl_typesupport_introspection_c/coffee_system_interface/srv/detail/my_srv__type_support.c.o[0m
[ 58%] [32mBuilding CXX object CMakeFiles/coffee_system_interface__rosidl_typesupport_fastrtps_cpp.dir/rosidl_typesupport_fastrtps_cpp/coffee_system_interface/action/detail/dds_fastrtps/my_action__type_support.cpp.o[0m
[35m[1mConsolidate compiler generated dependencies of target coffee_system_interface__rosidl_typesupport_fastrtps_c[0m
[ 60%] [32mBuilding CXX object CMakeFiles/coffee_system_interface__rosidl_typesupport_fastrtps_c.dir/rosidl_typesupport_fastrtps_c/coffee_system_interface/msg/detail/my_msg__type_support_c.cpp.o[0m
[ 61%] [32mBuilding C object CMakeFiles/coffee_system_interface__rosidl_typesupport_introspection_c.dir/rosidl_typesupport_introspection_c/coffee_system_interface/action/detail/my_action__type_support.c.o[0m
[ 63%] [32mBuilding CXX object CMakeFiles/coffee_system_interface__rosidl_typesupport_introspection_cpp.dir/rosidl_typesupport_introspection_cpp/coffee_system_interface/srv/detail/my_srv__type_support.cpp.o[0m
[ 65%] [32m[1mLinking C shared library libcoffee_system_interface__rosidl_typesupport_introspection_c.so[0m
[ 65%] Built target coffee_system_interface__rosidl_typesupport_introspection_c
[ 66%] [32mBuilding CXX object CMakeFiles/coffee_system_interface__rosidl_typesupport_fastrtps_c.dir/rosidl_typesupport_fastrtps_c/coffee_system_interface/msg/detail/call_staff__type_support_c.cpp.o[0m
[ 68%] [32mBuilding CXX object CMakeFiles/coffee_system_interface__rosidl_typesupport_fastrtps_c.dir/rosidl_typesupport_fastrtps_c/coffee_system_interface/msg/detail/log_msg__type_support_c.cpp.o[0m
[ 69%] [32mBuilding CXX object CMakeFiles/coffee_system_interface__rosidl_typesupport_introspection_cpp.dir/rosidl_typesupport_introspection_cpp/coffee_system_interface/action/detail/my_action__type_support.cpp.o[0m
[ 71%] [32mBuilding CXX object CMakeFiles/coffee_system_interface__rosidl_typesupport_fastrtps_c.dir/rosidl_typesupport_fastrtps_c/coffee_system_interface/srv/detail/my_srv__type_support_c.cpp.o[0m
[ 73%] [32mBuilding CXX object CMakeFiles/coffee_system_interface__rosidl_typesupport_fastrtps_c.dir/rosidl_typesupport_fastrtps_c/coffee_system_interface/action/detail/my_action__type_support_c.cpp.o[0m
[ 74%] [32m[1mLinking CXX shared library libcoffee_system_interface__rosidl_typesupport_cpp.so[0m
[ 74%] Built target coffee_system_interface__rosidl_typesupport_cpp
[ 76%] [32m[1mLinking CXX shared library libcoffee_system_interface__rosidl_typesupport_fastrtps_cpp.so[0m
[ 76%] Built target coffee_system_interface__rosidl_typesupport_fastrtps_cpp
[ 77%] [32m[1mLinking CXX shared library libcoffee_system_interface__rosidl_typesupport_fastrtps_c.so[0m
[ 77%] Built target coffee_system_interface__rosidl_typesupport_fastrtps_c
[ 79%] [32m[1mLinking CXX shared library libcoffee_system_interface__rosidl_typesupport_introspection_cpp.so[0m
[ 79%] Built target coffee_system_interface__rosidl_typesupport_introspection_cpp
[ 79%] Built target coffee_system_interface
[ 80%] [34m[1mGenerating Python code for ROS interfaces[0m
[ 80%] Built target coffee_system_interface__py
[35m[1mConsolidate compiler generated dependencies of target coffee_system_interface__rosidl_generator_py[0m
[ 82%] [32mBuilding C object CMakeFiles/coffee_system_interface__rosidl_generator_py.dir/rosidl_generator_py/coffee_system_interface/srv/_my_srv_s.c.o[0m
[ 84%] [32mBuilding C object CMakeFiles/coffee_system_interface__rosidl_generator_py.dir/rosidl_generator_py/coffee_system_interface/msg/_my_msg_s.c.o[0m
[ 87%] [32mBuilding C object CMakeFiles/coffee_system_interface__rosidl_generator_py.dir/rosidl_generator_py/coffee_system_interface/msg/_log_msg_s.c.o[0m
[ 87%] [32mBuilding C object CMakeFiles/coffee_system_interface__rosidl_generator_py.dir/rosidl_generator_py/coffee_system_interface/msg/_call_staff_s.c.o[0m
[ 88%] [32mBuilding C object CMakeFiles/coffee_system_interface__rosidl_generator_py.dir/rosidl_generator_py/coffee_system_interface/action/_my_action_s.c.o[0m
[ 90%] [32m[1mLinking C shared library rosidl_generator_py/coffee_system_interface/libcoffee_system_interface__rosidl_generator_py.so[0m
[ 90%] Built target coffee_system_interface__rosidl_generator_py
[35m[1mConsolidate compiler generated dependencies of target coffee_system_interface__rosidl_typesupport_introspection_c__pyext[0m
[35m[1mConsolidate compiler generated dependencies of target coffee_system_interface__rosidl_typesupport_fastrtps_c__pyext[0m
[35m[1mConsolidate compiler generated dependencies of target coffee_system_interface__rosidl_typesupport_c__pyext[0m
[ 93%] [32mBuilding C object CMakeFiles/coffee_system_interface__rosidl_typesupport_introspection_c__pyext.dir/rosidl_generator_py/coffee_system_interface/_coffee_system_interface_s.ep.rosidl_typesupport_introspection_c.c.o[0m
[ 93%] [32mBuilding C object CMakeFiles/coffee_system_interface__rosidl_typesupport_fastrtps_c__pyext.dir/rosidl_generator_py/coffee_system_interface/_coffee_system_interface_s.ep.rosidl_typesupport_fastrtps_c.c.o[0m
[ 95%] [32mBuilding C object CMakeFiles/coffee_system_interface__rosidl_typesupport_c__pyext.dir/rosidl_generator_py/coffee_system_interface/_coffee_system_interface_s.ep.rosidl_typesupport_c.c.o[0m
[ 96%] [32m[1mLinking C shared library rosidl_generator_py/coffee_system_interface/coffee_system_interface_s__rosidl_typesupport_fastrtps_c.cpython-310-x86_64-linux-gnu.so[0m
[ 96%] Built target coffee_system_interface__rosidl_typesupport_fastrtps_c__pyext
[100%] [32m[1mLinking C shared library rosidl_generator_py/coffee_system_interface/coffee_system_interface_s__rosidl_typesupport_c.cpython-310-x86_64-linux-gnu.so[0m
[100%] [32m[1mLinking C shared library rosidl_generator_py/coffee_system_interface/coffee_system_interface_s__rosidl_typesupport_introspection_c.cpython-310-x86_64-linux-gnu.so[0m
[100%] Built target coffee_system_interface__rosidl_typesupport_c__pyext
[100%] Built target coffee_system_interface__rosidl_typesupport_introspection_c__pyext
-- Install configuration: ""
-- Execute custom install script
-- Up-to-date symlink: /home/yoonkangrok/coffeehouse_serving_robot-1/install/coffee_system_interface/share/ament_index/resource_index/rosidl_interfaces/coffee_system_interface
-- Up-to-date symlink: /home/yoonkangrok/coffeehouse_serving_robot-1/install/coffee_system_interface/include/coffee_system_interface/coffee_system_interface/action/detail/my_action__functions.h
-- Up-to-date symlink: /home/yoonkangrok/coffeehouse_serving_robot-1/install/coffee_system_interface/include/coffee_system_interface/coffee_system_interface/action/detail/my_action__struct.h
-- Up-to-date symlink: /home/yoonkangrok/coffeehouse_serving_robot-1/install/coffee_system_interface/include/coffee_system_interface/coffee_system_interface/action/detail/my_action__type_support.h
-- Up-to-date symlink: /home/yoonkangrok/coffeehouse_serving_robot-1/install/coffee_system_interface/include/coffee_system_interface/coffee_system_interface/action/my_action.h
-- Up-to-date symlink: /home/yoonkangrok/coffeehouse_serving_robot-1/install/coffee_system_interface/include/coffee_system_interface/coffee_system_interface/msg/call_staff.h
-- Up-to-date symlink: /home/yoonkangrok/coffeehouse_serving_robot-1/install/coffee_system_interface/include/coffee_system_interface/coffee_system_interface/msg/detail/call_staff__functions.h
-- Up-to-date symlink: /home/yoonkangrok/coffeehouse_serving_robot-1/install/coffee_system_interface/include/coffee_system_interface/coffee_system_interface/msg/detail/call_staff__struct.h
-- Up-to-date symlink: /home/yoonkangrok/coffeehouse_serving_robot-1/install/coffee_system_interface/include/coffee_system_interface/coffee_system_interface/msg/detail/call_staff__type_support.h
-- Symlinking: /home/yoonkangrok/coffeehouse_serving_robot-1/install/coffee_system_interface/include/coffee_system_interface/coffee_system_interface/msg/detail/log_msg__functions.h
-- Symlinking: /home/yoonkangrok/coffeehouse_serving_robot-1/install/coffee_system_interface/include/coffee_system_interface/coffee_system_interface/msg/detail/log_msg__struct.h
-- Symlinking: /home/yoonkangrok/coffeehouse_serving_robot-1/install/coffee_system_interface/include/coffee_system_interface/coffee_system_interface/msg/detail/log_msg__type_support.h
-- Up-to-date symlink: /home/yoonkangrok/coffeehouse_serving_robot-1/install/coffee_system_interface/include/coffee_system_interface/coffee_system_interface/msg/detail/my_msg__functions.h
-- Up-to-date symlink: /home/yoonkangrok/coffeehouse_serving_robot-1/install/coffee_system_interface/include/coffee_system_interface/coffee_system_interface/msg/detail/my_msg__struct.h
-- Up-to-date symlink: /home/yoonkangrok/coffeehouse_serving_robot-1/install/coffee_system_interface/include/coffee_system_interface/coffee_system_interface/msg/detail/my_msg__type_support.h
-- Symlinking: /home/yoonkangrok/coffeehouse_serving_robot-1/install/coffee_system_interface/include/coffee_system_interface/coffee_system_interface/msg/log_msg.h
-- Up-to-date symlink: /home/yoonkangrok/coffeehouse_serving_robot-1/install/coffee_system_interface/include/coffee_system_interface/coffee_system_interface/msg/my_msg.h
-- Up-to-date symlink: /home/yoonkangrok/coffeehouse_serving_robot-1/install/coffee_system_interface/include/coffee_system_interface/coffee_system_interface/msg/rosidl_generator_c__visibility_control.h
-- Up-to-date symlink: /home/yoonkangrok/coffeehouse_serving_robot-1/install/coffee_system_interface/include/coffee_system_interface/coffee_system_interface/srv/detail/my_srv__functions.h
-- Up-to-date symlink: /home/yoonkangrok/coffeehouse_serving_robot-1/install/coffee_system_interface/include/coffee_system_interface/coffee_system_interface/srv/detail/my_srv__struct.h
-- Up-to-date symlink: /home/yoonkangrok/coffeehouse_serving_robot-1/install/coffee_system_interface/include/coffee_system_interface/coffee_system_interface/srv/detail/my_srv__type_support.h
-- Up-to-date symlink: /home/yoonkangrok/coffeehouse_serving_robot-1/install/coffee_system_interface/include/coffee_system_interface/coffee_system_interface/srv/my_srv.h
-- Up-to-date symlink: /home/yoonkangrok/coffeehouse_serving_robot-1/install/coffee_system_interface/share/coffee_system_interface/environment/library_path.sh
-- Up-to-date symlink: /home/yoonkangrok/coffeehouse_serving_robot-1/install/coffee_system_interface/share/coffee_system_interface/environment/library_path.dsv
-- Up-to-date symlink: /home/yoonkangrok/coffeehouse_serving_robot-1/install/coffee_system_interface/include/coffee_system_interface/coffee_system_interface/action/detail/my_action__rosidl_typesupport_fastrtps_c.h
-- Up-to-date symlink: /home/yoonkangrok/coffeehouse_serving_robot-1/install/coffee_system_interface/include/coffee_system_interface/coffee_system_interface/msg/detail/call_staff__rosidl_typesupport_fastrtps_c.h
-- Symlinking: /home/yoonkangrok/coffeehouse_serving_robot-1/install/coffee_system_interface/include/coffee_system_interface/coffee_system_interface/msg/detail/log_msg__rosidl_typesupport_fastrtps_c.h
-- Up-to-date symlink: /home/yoonkangrok/coffeehouse_serving_robot-1/install/coffee_system_interface/include/coffee_system_interface/coffee_system_interface/msg/detail/my_msg__rosidl_typesupport_fastrtps_c.h
-- Up-to-date symlink: /home/yoonkangrok/coffeehouse_serving_robot-1/install/coffee_system_interface/include/coffee_system_interface/coffee_system_interface/msg/rosidl_typesupport_fastrtps_c__visibility_control.h
-- Up-to-date symlink: /home/yoonkangrok/coffeehouse_serving_robot-1/install/coffee_system_interface/include/coffee_system_interface/coffee_system_interface/srv/detail/my_srv__rosidl_typesupport_fastrtps_c.h
-- Up-to-date symlink: /home/yoonkangrok/coffeehouse_serving_robot-1/install/coffee_system_interface/include/coffee_system_interface/coffee_system_interface/action/detail/my_action__builder.hpp
-- Up-to-date symlink: /home/yoonkangrok/coffeehouse_serving_robot-1/install/coffee_system_interface/include/coffee_system_interface/coffee_system_interface/action/detail/my_action__struct.hpp
-- Up-to-date symlink: /home/yoonkangrok/coffeehouse_serving_robot-1/install/coffee_system_interface/include/coffee_system_interface/coffee_system_interface/action/detail/my_action__traits.hpp
-- Up-to-date symlink: /home/yoonkangrok/coffeehouse_serving_robot-1/install/coffee_system_interface/include/coffee_system_interface/coffee_system_interface/action/my_action.hpp
-- Up-to-date symlink: /home/yoonkangrok/coffeehouse_serving_robot-1/install/coffee_system_interface/include/coffee_system_interface/coffee_system_interface/msg/call_staff.hpp
-- Up-to-date symlink: /home/yoonkangrok/coffeehouse_serving_robot-1/install/coffee_system_interface/include/coffee_system_interface/coffee_system_interface/msg/detail/call_staff__builder.hpp
-- Up-to-date symlink: /home/yoonkangrok/coffeehouse_serving_robot-1/install/coffee_system_interface/include/coffee_system_interface/coffee_system_interface/msg/detail/call_staff__struct.hpp
-- Up-to-date symlink: /home/yoonkangrok/coffeehouse_serving_robot-1/install/coffee_system_interface/include/coffee_system_interface/coffee_system_interface/msg/detail/call_staff__traits.hpp
-- Symlinking: /home/yoonkangrok/coffeehouse_serving_robot-1/install/coffee_system_interface/include/coffee_system_interface/coffee_system_interface/msg/detail/log_msg__builder.hpp
-- Symlinking: /home/yoonkangrok/coffeehouse_serving_robot-1/install/coffee_system_interface/include/coffee_system_interface/coffee_system_interface/msg/detail/log_msg__struct.hpp
-- Symlinking: /home/yoonkangrok/coffeehouse_serving_robot-1/install/coffee_system_interface/include/coffee_system_interface/coffee_system_interface/msg/detail/log_msg__traits.hpp
-- Up-to-date symlink: /home/yoonkangrok/coffeehouse_serving_robot-1/install/coffee_system_interface/include/coffee_system_interface/coffee_system_interface/msg/detail/my_msg__builder.hpp
-- Up-to-date symlink: /home/yoonkangrok/coffeehouse_serving_robot-1/install/coffee_system_interface/include/coffee_system_interface/coffee_system_interface/msg/detail/my_msg__struct.hpp
-- Up-to-date symlink: /home/yoonkangrok/coffeehouse_serving_robot-1/install/coffee_system_interface/include/coffee_system_interface/coffee_system_interface/msg/detail/my_msg__traits.hpp
-- Symlinking: /home/yoonkangrok/coffeehouse_serving_robot-1/install/coffee_system_interface/include/coffee_system_interface/coffee_system_interface/msg/log_msg.hpp
-- Up-to-date symlink: /home/yoonkangrok/coffeehouse_serving_robot-1/install/coffee_system_interface/include/coffee_system_interface/coffee_system_interface/msg/my_msg.hpp
-- Up-to-date symlink: /home/yoonkangrok/coffeehouse_serving_robot-1/install/coffee_system_interface/include/coffee_system_interface/coffee_system_interface/srv/detail/my_srv__builder.hpp
-- Up-to-date symlink: /home/yoonkangrok/coffeehouse_serving_robot-1/install/coffee_system_interface/include/coffee_system_interface/coffee_system_interface/srv/detail/my_srv__struct.hpp
-- Up-to-date symlink: /home/yoonkangrok/coffeehouse_serving_robot-1/install/coffee_system_interface/include/coffee_system_interface/coffee_system_interface/srv/detail/my_srv__traits.hpp
-- Up-to-date symlink: /home/yoonkangrok/coffeehouse_serving_robot-1/install/coffee_system_interface/include/coffee_system_interface/coffee_system_interface/srv/my_srv.hpp
-- Up-to-date symlink: /home/yoonkangrok/coffeehouse_serving_robot-1/install/coffee_system_interface/include/coffee_system_interface/coffee_system_interface/action/detail/my_action__rosidl_typesupport_fastrtps_cpp.hpp
-- Up-to-date symlink: /home/yoonkangrok/coffeehouse_serving_robot-1/install/coffee_system_interface/include/coffee_system_interface/coffee_system_interface/msg/detail/call_staff__rosidl_typesupport_fastrtps_cpp.hpp
-- Symlinking: /home/yoonkangrok/coffeehouse_serving_robot-1/install/coffee_system_interface/include/coffee_system_interface/coffee_system_interface/msg/detail/log_msg__rosidl_typesupport_fastrtps_cpp.hpp
-- Up-to-date symlink: /home/yoonkangrok/coffeehouse_serving_robot-1/install/coffee_system_interface/include/coffee_system_interface/coffee_system_interface/msg/detail/my_msg__rosidl_typesupport_fastrtps_cpp.hpp
-- Up-to-date symlink: /home/yoonkangrok/coffeehouse_serving_robot-1/install/coffee_system_interface/include/coffee_system_interface/coffee_system_interface/msg/rosidl_typesupport_fastrtps_cpp__visibility_control.h
-- Up-to-date symlink: /home/yoonkangrok/coffeehouse_serving_robot-1/install/coffee_system_interface/include/coffee_system_interface/coffee_system_interface/srv/detail/my_srv__rosidl_typesupport_fastrtps_cpp.hpp
-- Up-to-date symlink: /home/yoonkangrok/coffeehouse_serving_robot-1/install/coffee_system_interface/include/coffee_system_interface/coffee_system_interface/action/detail/my_action__rosidl_typesupport_introspection_c.h
-- Up-to-date symlink: /home/yoonkangrok/coffeehouse_serving_robot-1/install/coffee_system_interface/include/coffee_system_interface/coffee_system_interface/msg/detail/call_staff__rosidl_typesupport_introspection_c.h
-- Symlinking: /home/yoonkangrok/coffeehouse_serving_robot-1/install/coffee_system_interface/include/coffee_system_interface/coffee_system_interface/msg/detail/log_msg__rosidl_typesupport_introspection_c.h
-- Up-to-date symlink: /home/yoonkangrok/coffeehouse_serving_robot-1/install/coffee_system_interface/include/coffee_system_interface/coffee_system_interface/msg/detail/my_msg__rosidl_typesupport_introspection_c.h
-- Up-to-date symlink: /home/yoonkangrok/coffeehouse_serving_robot-1/install/coffee_system_interface/include/coffee_system_interface/coffee_system_interface/msg/rosidl_typesupport_introspection_c__visibility_control.h
-- Up-to-date symlink: /home/yoonkangrok/coffeehouse_serving_robot-1/install/coffee_system_interface/include/coffee_system_interface/coffee_system_interface/srv/detail/my_srv__rosidl_typesupport_introspection_c.h
-- Up-to-date symlink: /home/yoonkangrok/coffeehouse_serving_robot-1/install/coffee_system_interface/include/coffee_system_interface/coffee_system_interface/action/detail/my_action__rosidl_typesupport_introspection_cpp.hpp
-- Up-to-date symlink: /home/yoonkangrok/coffeehouse_serving_robot-1/install/coffee_system_interface/include/coffee_system_interface/coffee_system_interface/msg/detail/call_staff__rosidl_typesupport_introspection_cpp.hpp
-- Symlinking: /home/yoonkangrok/coffeehouse_serving_robot-1/install/coffee_system_interface/include/coffee_system_interface/coffee_system_interface/msg/detail/log_msg__rosidl_typesupport_introspection_cpp.hpp
-- Up-to-date symlink: /home/yoonkangrok/coffeehouse_serving_robot-1/install/coffee_system_interface/include/coffee_system_interface/coffee_system_interface/msg/detail/my_msg__rosidl_typesupport_introspection_cpp.hpp
-- Up-to-date symlink: /home/yoonkangrok/coffeehouse_serving_robot-1/install/coffee_system_interface/include/coffee_system_interface/coffee_system_interface/srv/detail/my_srv__rosidl_typesupport_introspection_cpp.hpp
-- Up-to-date symlink: /home/yoonkangrok/coffeehouse_serving_robot-1/install/coffee_system_interface/share/coffee_system_interface/environment/pythonpath.sh
-- Up-to-date symlink: /home/yoonkangrok/coffeehouse_serving_robot-1/install/coffee_system_interface/share/coffee_system_interface/environment/pythonpath.dsv
-- Up-to-date symlink: /home/yoonkangrok/coffeehouse_serving_robot-1/install/coffee_system_interface/local/lib/python3.10/dist-packages/coffee_system_interface-0.0.0-py3.10.egg-info/PKG-INFO
-- Up-to-date symlink: /home/yoonkangrok/coffeehouse_serving_robot-1/install/coffee_system_interface/local/lib/python3.10/dist-packages/coffee_system_interface-0.0.0-py3.10.egg-info/SOURCES.txt
-- Up-to-date symlink: /home/yoonkangrok/coffeehouse_serving_robot-1/install/coffee_system_interface/local/lib/python3.10/dist-packages/coffee_system_interface-0.0.0-py3.10.egg-info/dependency_links.txt
-- Up-to-date symlink: /home/yoonkangrok/coffeehouse_serving_robot-1/install/coffee_system_interface/local/lib/python3.10/dist-packages/coffee_system_interface-0.0.0-py3.10.egg-info/top_level.txt
-- Up-to-date symlink: /home/yoonkangrok/coffeehouse_serving_robot-1/install/coffee_system_interface/local/lib/python3.10/dist-packages/coffee_system_interface/__init__.py
-- Up-to-date symlink: /home/yoonkangrok/coffeehouse_serving_robot-1/install/coffee_system_interface/local/lib/python3.10/dist-packages/coffee_system_interface/_coffee_system_interface_s.ep.rosidl_typesupport_c.c
-- Up-to-date symlink: /home/yoonkangrok/coffeehouse_serving_robot-1/install/coffee_system_interface/local/lib/python3.10/dist-packages/coffee_system_interface/_coffee_system_interface_s.ep.rosidl_typesupport_fastrtps_c.c
-- Up-to-date symlink: /home/yoonkangrok/coffeehouse_serving_robot-1/install/coffee_system_interface/local/lib/python3.10/dist-packages/coffee_system_interface/_coffee_system_interface_s.ep.rosidl_typesupport_introspection_c.c
-- Up-to-date symlink: /home/yoonkangrok/coffeehouse_serving_robot-1/install/coffee_system_interface/local/lib/python3.10/dist-packages/coffee_system_interface/action/__init__.py
-- Up-to-date symlink: /home/yoonkangrok/coffeehouse_serving_robot-1/install/coffee_system_interface/local/lib/python3.10/dist-packages/coffee_system_interface/action/_my_action.py
-- Up-to-date symlink: /home/yoonkangrok/coffeehouse_serving_robot-1/install/coffee_system_interface/local/lib/python3.10/dist-packages/coffee_system_interface/action/_my_action_s.c
-- Up-to-date symlink: /home/yoonkangrok/coffeehouse_serving_robot-1/install/coffee_system_interface/local/lib/python3.10/dist-packages/coffee_system_interface/coffee_system_interface_s__rosidl_typesupport_c.cpython-310-x86_64-linux-gnu.so
-- Up-to-date symlink: /home/yoonkangrok/coffeehouse_serving_robot-1/install/coffee_system_interface/local/lib/python3.10/dist-packages/coffee_system_interface/coffee_system_interface_s__rosidl_typesupport_fastrtps_c.cpython-310-x86_64-linux-gnu.so
-- Up-to-date symlink: /home/yoonkangrok/coffeehouse_serving_robot-1/install/coffee_system_interface/local/lib/python3.10/dist-packages/coffee_system_interface/coffee_system_interface_s__rosidl_typesupport_introspection_c.cpython-310-x86_64-linux-gnu.so
-- Up-to-date symlink: /home/yoonkangrok/coffeehouse_serving_robot-1/install/coffee_system_interface/local/lib/python3.10/dist-packages/coffee_system_interface/libcoffee_system_interface__rosidl_generator_py.so
-- Up-to-date symlink: /home/yoonkangrok/coffeehouse_serving_robot-1/install/coffee_system_interface/local/lib/python3.10/dist-packages/coffee_system_interface/msg/__init__.py
-- Up-to-date symlink: /home/yoonkangrok/coffeehouse_serving_robot-1/install/coffee_system_interface/local/lib/python3.10/dist-packages/coffee_system_interface/msg/_call_staff.py
-- Up-to-date symlink: /home/yoonkangrok/coffeehouse_serving_robot-1/install/coffee_system_interface/local/lib/python3.10/dist-packages/coffee_system_interface/msg/_call_staff_s.c
-- Symlinking: /home/yoonkangrok/coffeehouse_serving_robot-1/install/coffee_system_interface/local/lib/python3.10/dist-packages/coffee_system_interface/msg/_log_msg.py
-- Symlinking: /home/yoonkangrok/coffeehouse_serving_robot-1/install/coffee_system_interface/local/lib/python3.10/dist-packages/coffee_system_interface/msg/_log_msg_s.c
-- Up-to-date symlink: /home/yoonkangrok/coffeehouse_serving_robot-1/install/coffee_system_interface/local/lib/python3.10/dist-packages/coffee_system_interface/msg/_my_msg.py
-- Up-to-date symlink: /home/yoonkangrok/coffeehouse_serving_robot-1/install/coffee_system_interface/local/lib/python3.10/dist-packages/coffee_system_interface/msg/_my_msg_s.c
-- Up-to-date symlink: /home/yoonkangrok/coffeehouse_serving_robot-1/install/coffee_system_interface/local/lib/python3.10/dist-packages/coffee_system_interface/srv/__init__.py
-- Up-to-date symlink: /home/yoonkangrok/coffeehouse_serving_robot-1/install/coffee_system_interface/local/lib/python3.10/dist-packages/coffee_system_interface/srv/_my_srv.py
-- Up-to-date symlink: /home/yoonkangrok/coffeehouse_serving_robot-1/install/coffee_system_interface/local/lib/python3.10/dist-packages/coffee_system_interface/srv/_my_srv_s.c
-- Up-to-date symlink: /home/yoonkangrok/coffeehouse_serving_robot-1/install/coffee_system_interface/local/lib/python3.10/dist-packages/coffee_system_interface/coffee_system_interface_s__rosidl_typesupport_fastrtps_c.cpython-310-x86_64-linux-gnu.so
-- Up-to-date symlink: /home/yoonkangrok/coffeehouse_serving_robot-1/install/coffee_system_interface/local/lib/python3.10/dist-packages/coffee_system_interface/coffee_system_interface_s__rosidl_typesupport_introspection_c.cpython-310-x86_64-linux-gnu.so
-- Up-to-date symlink: /home/yoonkangrok/coffeehouse_serving_robot-1/install/coffee_system_interface/local/lib/python3.10/dist-packages/coffee_system_interface/coffee_system_interface_s__rosidl_typesupport_c.cpython-310-x86_64-linux-gnu.so
-- Up-to-date symlink: /home/yoonkangrok/coffeehouse_serving_robot-1/install/coffee_system_interface/share/coffee_system_interface/msg/MyMsg.idl
-- Up-to-date symlink: /home/yoonkangrok/coffeehouse_serving_robot-1/install/coffee_system_interface/share/coffee_system_interface/msg/CallStaff.idl
-- Symlinking: /home/yoonkangrok/coffeehouse_serving_robot-1/install/coffee_system_interface/share/coffee_system_interface/msg/LogMsg.idl
-- Up-to-date symlink: /home/yoonkangrok/coffeehouse_serving_robot-1/install/coffee_system_interface/share/coffee_system_interface/srv/MySrv.idl
-- Up-to-date symlink: /home/yoonkangrok/coffeehouse_serving_robot-1/install/coffee_system_interface/share/coffee_system_interface/action/MyAction.idl
-- Up-to-date symlink: /home/yoonkangrok/coffeehouse_serving_robot-1/install/coffee_system_interface/share/coffee_system_interface/msg/MyMsg.msg
-- Up-to-date symlink: /home/yoonkangrok/coffeehouse_serving_robot-1/install/coffee_system_interface/share/coffee_system_interface/msg/CallStaff.msg
-- Symlinking: /home/yoonkangrok/coffeehouse_serving_robot-1/install/coffee_system_interface/share/coffee_system_interface/msg/LogMsg.msg
-- Up-to-date symlink: /home/yoonkangrok/coffeehouse_serving_robot-1/install/coffee_system_interface/share/coffee_system_interface/srv/MySrv.srv
-- Up-to-date symlink: /home/yoonkangrok/coffeehouse_serving_robot-1/install/coffee_system_interface/share/coffee_system_interface/srv/MySrv_Request.msg
-- Up-to-date symlink: /home/yoonkangrok/coffeehouse_serving_robot-1/install/coffee_system_interface/share/coffee_system_interface/srv/MySrv_Response.msg
-- Up-to-date symlink: /home/yoonkangrok/coffeehouse_serving_robot-1/install/coffee_system_interface/share/coffee_system_interface/action/MyAction.action
-- Up-to-date symlink: /home/yoonkangrok/coffeehouse_serving_robot-1/install/coffee_system_interface/share/ament_index/resource_index/package_run_dependencies/coffee_system_interface
-- Up-to-date symlink: /home/yoonkangrok/coffeehouse_serving_robot-1/install/coffee_system_interface/share/ament_index/resource_index/parent_prefix_path/coffee_system_interface
-- Up-to-date symlink: /home/yoonkangrok/coffeehouse_serving_robot-1/install/coffee_system_interface/share/coffee_system_interface/environment/ament_prefix_path.sh
-- Up-to-date symlink: /home/yoonkangrok/coffeehouse_serving_robot-1/install/coffee_system_interface/share/coffee_system_interface/environment/ament_prefix_path.dsv
-- Up-to-date symlink: /home/yoonkangrok/coffeehouse_serving_robot-1/install/coffee_system_interface/share/coffee_system_interface/environment/path.sh
-- Up-to-date symlink: /home/yoonkangrok/coffeehouse_serving_robot-1/install/coffee_system_interface/share/coffee_system_interface/environment/path.dsv
-- Up-to-date symlink: /home/yoonkangrok/coffeehouse_serving_robot-1/install/coffee_system_interface/share/coffee_system_interface/local_setup.bash
-- Up-to-date symlink: /home/yoonkangrok/coffeehouse_serving_robot-1/install/coffee_system_interface/share/coffee_system_interface/local_setup.sh
-- Up-to-date symlink: /home/yoonkangrok/coffeehouse_serving_robot-1/install/coffee_system_interface/share/coffee_system_interface/local_setup.zsh
-- Up-to-date symlink: /home/yoonkangrok/coffeehouse_serving_robot-1/install/coffee_system_interface/share/coffee_system_interface/local_setup.dsv
-- Symlinking: /home/yoonkangrok/coffeehouse_serving_robot-1/install/coffee_system_interface/share/coffee_system_interface/package.dsv
-- Up-to-date symlink: /home/yoonkangrok/coffeehouse_serving_robot-1/install/coffee_system_interface/share/ament_index/resource_index/packages/coffee_system_interface
-- Up-to-date symlink: /home/yoonkangrok/coffeehouse_serving_robot-1/install/coffee_system_interface/share/coffee_system_interface/cmake/rosidl_cmake-extras.cmake
-- Up-to-date symlink: /home/yoonkangrok/coffeehouse_serving_robot-1/install/coffee_system_interface/share/coffee_system_interface/cmake/ament_cmake_export_dependencies-extras.cmake
-- Up-to-date symlink: /home/yoonkangrok/coffeehouse_serving_robot-1/install/coffee_system_interface/share/coffee_system_interface/cmake/ament_cmake_export_include_directories-extras.cmake
-- Up-to-date symlink: /home/yoonkangrok/coffeehouse_serving_robot-1/install/coffee_system_interface/share/coffee_system_interface/cmake/ament_cmake_export_libraries-extras.cmake
-- Up-to-date symlink: /home/yoonkangrok/coffeehouse_serving_robot-1/install/coffee_system_interface/share/coffee_system_interface/cmake/ament_cmake_export_targets-extras.cmake
-- Up-to-date symlink: /home/yoonkangrok/coffeehouse_serving_robot-1/install/coffee_system_interface/share/coffee_system_interface/cmake/rosidl_cmake_export_typesupport_targets-extras.cmake
-- Up-to-date symlink: /home/yoonkangrok/coffeehouse_serving_robot-1/install/coffee_system_interface/share/coffee_system_interface/cmake/rosidl_cmake_export_typesupport_libraries-extras.cmake
-- Up-to-date symlink: /home/yoonkangrok/coffeehouse_serving_robot-1/install/coffee_system_interface/share/coffee_system_interface/cmake/coffee_system_interfaceConfig.cmake
-- Up-to-date symlink: /home/yoonkangrok/coffeehouse_serving_robot-1/install/coffee_system_interface/share/coffee_system_interface/cmake/coffee_system_interfaceConfig-version.cmake
-- Up-to-date symlink: /home/yoonkangrok/coffeehouse_serving_robot-1/install/coffee_system_interface/share/coffee_system_interface/package.xml
-- Installing: /home/yoonkangrok/coffeehouse_serving_robot-1/install/coffee_system_interface/lib/libcoffee_system_interface__rosidl_generator_c.so
-- Set runtime path of "/home/yoonkangrok/coffeehouse_serving_robot-1/install/coffee_system_interface/lib/libcoffee_system_interface__rosidl_generator_c.so" to ""
-- Installing: /home/yoonkangrok/coffeehouse_serving_robot-1/install/coffee_system_interface/lib/libcoffee_system_interface__rosidl_typesupport_fastrtps_c.so
-- Set runtime path of "/home/yoonkangrok/coffeehouse_serving_robot-1/install/coffee_system_interface/lib/libcoffee_system_interface__rosidl_typesupport_fastrtps_c.so" to ""
-- Installing: /home/yoonkangrok/coffeehouse_serving_robot-1/install/coffee_system_interface/lib/libcoffee_system_interface__rosidl_typesupport_fastrtps_cpp.so
-- Set runtime path of "/home/yoonkangrok/coffeehouse_serving_robot-1/install/coffee_system_interface/lib/libcoffee_system_interface__rosidl_typesupport_fastrtps_cpp.so" to ""
-- Installing: /home/yoonkangrok/coffeehouse_serving_robot-1/install/coffee_system_interface/lib/libcoffee_system_interface__rosidl_typesupport_introspection_c.so
-- Set runtime path of "/home/yoonkangrok/coffeehouse_serving_robot-1/install/coffee_system_interface/lib/libcoffee_system_interface__rosidl_typesupport_introspection_c.so" to ""
-- Installing: /home/yoonkangrok/coffeehouse_serving_robot-1/install/coffee_system_interface/lib/libcoffee_system_interface__rosidl_typesupport_c.so
-- Set runtime path of "/home/yoonkangrok/coffeehouse_serving_robot-1/install/coffee_system_interface/lib/libcoffee_system_interface__rosidl_typesupport_c.so" to ""
-- Installing: /home/yoonkangrok/coffeehouse_serving_robot-1/install/coffee_system_interface/lib/libcoffee_system_interface__rosidl_typesupport_introspection_cpp.so
-- Set runtime path of "/home/yoonkangrok/coffeehouse_serving_robot-1/install/coffee_system_interface/lib/libcoffee_system_interface__rosidl_typesupport_introspection_cpp.so" to ""
-- Installing: /home/yoonkangrok/coffeehouse_serving_robot-1/install/coffee_system_interface/lib/libcoffee_system_interface__rosidl_typesupport_cpp.so
-- Set runtime path of "/home/yoonkangrok/coffeehouse_serving_robot-1/install/coffee_system_interface/lib/libcoffee_system_interface__rosidl_typesupport_cpp.so" to ""
Listing '/home/yoonkangrok/coffeehouse_serving_robot-1/install/coffee_system_interface/local/lib/python3.10/dist-packages/coffee_system_interface'...
Compiling '/home/yoonkangrok/coffeehouse_serving_robot-1/install/coffee_system_interface/local/lib/python3.10/dist-packages/coffee_system_interface/__init__.py'...
Listing '/home/yoonkangrok/coffeehouse_serving_robot-1/install/coffee_system_interface/local/lib/python3.10/dist-packages/coffee_system_interface/action'...
Compiling '/home/yoonkangrok/coffeehouse_serving_robot-1/install/coffee_system_interface/local/lib/python3.10/dist-packages/coffee_system_interface/action/__init__.py'...
Compiling '/home/yoonkangrok/coffeehouse_serving_robot-1/install/coffee_system_interface/local/lib/python3.10/dist-packages/coffee_system_interface/action/_my_action.py'...
Listing '/home/yoonkangrok/coffeehouse_serving_robot-1/install/coffee_system_interface/local/lib/python3.10/dist-packages/coffee_system_interface/msg'...
Compiling '/home/yoonkangrok/coffeehouse_serving_robot-1/install/coffee_system_interface/local/lib/python3.10/dist-packages/coffee_system_interface/msg/__init__.py'...
Compiling '/home/yoonkangrok/coffeehouse_serving_robot-1/install/coffee_system_interface/local/lib/python3.10/dist-packages/coffee_system_interface/msg/_call_staff.py'...
Compiling '/home/yoonkangrok/coffeehouse_serving_robot-1/install/coffee_system_interface/local/lib/python3.10/dist-packages/coffee_system_interface/msg/_log_msg.py'...
Compiling '/home/yoonkangrok/coffeehouse_serving_robot-1/install/coffee_system_interface/local/lib/python3.10/dist-packages/coffee_system_interface/msg/_my_msg.py'...
Listing '/home/yoonkangrok/coffeehouse_serving_robot-1/install/coffee_system_interface/local/lib/python3.10/dist-packages/coffee_system_interface/srv'...
Compiling '/home/yoonkangrok/coffeehouse_serving_robot-1/install/coffee_system_interface/local/lib/python3.10/dist-packages/coffee_system_interface/srv/__init__.py'...
Compiling '/home/yoonkangrok/coffeehouse_serving_robot-1/install/coffee_system_interface/local/lib/python3.10/dist-packages/coffee_system_interface/srv/_my_srv.py'...
-- Installing: /home/yoonkangrok/coffeehouse_serving_robot-1/install/coffee_system_interface/lib/libcoffee_system_interface__rosidl_generator_py.so
-- Set runtime path of "/home/yoonkangrok/coffeehouse_serving_robot-1/install/coffee_system_interface/lib/libcoffee_system_interface__rosidl_generator_py.so" to ""
-- Up-to-date: /home/yoonkangrok/coffeehouse_serving_robot-1/install/coffee_system_interface/share/coffee_system_interface/cmake/export_coffee_system_interface__rosidl_generator_cExport.cmake
-- Up-to-date: /home/yoonkangrok/coffeehouse_serving_robot-1/install/coffee_system_interface/share/coffee_system_interface/cmake/export_coffee_system_interface__rosidl_generator_cExport-noconfig.cmake
-- Up-to-date: /home/yoonkangrok/coffeehouse_serving_robot-1/install/coffee_system_interface/share/coffee_system_interface/cmake/export_coffee_system_interface__rosidl_typesupport_fastrtps_cExport.cmake
-- Up-to-date: /home/yoonkangrok/coffeehouse_serving_robot-1/install/coffee_system_interface/share/coffee_system_interface/cmake/export_coffee_system_interface__rosidl_typesupport_fastrtps_cExport-noconfig.cmake
-- Up-to-date: /home/yoonkangrok/coffeehouse_serving_robot-1/install/coffee_system_interface/share/coffee_system_interface/cmake/export_coffee_system_interface__rosidl_generator_cppExport.cmake
-- Up-to-date: /home/yoonkangrok/coffeehouse_serving_robot-1/install/coffee_system_interface/share/coffee_system_interface/cmake/export_coffee_system_interface__rosidl_typesupport_fastrtps_cppExport.cmake
-- Up-to-date: /home/yoonkangrok/coffeehouse_serving_robot-1/install/coffee_system_interface/share/coffee_system_interface/cmake/export_coffee_system_interface__rosidl_typesupport_fastrtps_cppExport-noconfig.cmake
-- Up-to-date: /home/yoonkangrok/coffeehouse_serving_robot-1/install/coffee_system_interface/share/coffee_system_interface/cmake/coffee_system_interface__rosidl_typesupport_introspection_cExport.cmake
-- Up-to-date: /home/yoonkangrok/coffeehouse_serving_robot-1/install/coffee_system_interface/share/coffee_system_interface/cmake/coffee_system_interface__rosidl_typesupport_introspection_cExport-noconfig.cmake
-- Up-to-date: /home/yoonkangrok/coffeehouse_serving_robot-1/install/coffee_system_interface/share/coffee_system_interface/cmake/coffee_system_interface__rosidl_typesupport_cExport.cmake
-- Up-to-date: /home/yoonkangrok/coffeehouse_serving_robot-1/install/coffee_system_interface/share/coffee_system_interface/cmake/coffee_system_interface__rosidl_typesupport_cExport-noconfig.cmake
-- Up-to-date: /home/yoonkangrok/coffeehouse_serving_robot-1/install/coffee_system_interface/share/coffee_system_interface/cmake/coffee_system_interface__rosidl_typesupport_introspection_cppExport.cmake
-- Up-to-date: /home/yoonkangrok/coffeehouse_serving_robot-1/install/coffee_system_interface/share/coffee_system_interface/cmake/coffee_system_interface__rosidl_typesupport_introspection_cppExport-noconfig.cmake
-- Up-to-date: /home/yoonkangrok/coffeehouse_serving_robot-1/install/coffee_system_interface/share/coffee_system_interface/cmake/coffee_system_interface__rosidl_typesupport_cppExport.cmake
-- Up-to-date: /home/yoonkangrok/coffeehouse_serving_robot-1/install/coffee_system_interface/share/coffee_system_interface/cmake/coffee_system_interface__rosidl_typesupport_cppExport-noconfig.cmake
-- Up-to-date: /home/yoonkangrok/coffeehouse_serving_robot-1/install/coffee_system_interface/share/coffee_system_interface/cmake/export_coffee_system_interface__rosidl_generator_pyExport.cmake
-- Up-to-date: /home/yoonkangrok/coffeehouse_serving_robot-1/install/coffee_system_interface/share/coffee_system_interface/cmake/export_coffee_system_interface__rosidl_generator_pyExport-noconfig.cmake
