[0.534s] Invoking command in '/home/yoonkangrok/coffeehouse_serving_robot-1/build/coffee_system': LD_LIBRARY_PATH=/home/yoonkangrok/coffeehouse_serving_robot-1/install/coffee_system_interface/lib:/home/yoonkangrok/turtlebot3_ws/install/turtlebot3_msgs/lib:/home/yoonkangrok/turtlebot3_ws/install/dynamixel_sdk_custom_interfaces/lib:/home/yoonkangrok/turtlebot3_ws/install/dynamixel_sdk/lib:/usr/lib/x86_64-linux-gnu/gazebo-11/plugins:/opt/ros/humble/opt/rviz_ogre_vendor/lib:/opt/ros/humble/lib/x86_64-linux-gnu:/opt/ros/humble/lib:/usr/lib/x86_64-linux-gnu/gazebo-11/plugins PYTHONPATH=/home/yoonkangrok/coffeehouse_serving_robot-1/build/coffee_system/prefix_override:/usr/lib/python3/dist-packages/colcon_core/task/python/colcon_distutils_commands:/home/yoonkangrok/coffeehouse_serving_robot-1/install/coffee_system/lib/python3.10/site-packages:${PYTHONPATH} /usr/bin/python3 -W ignore:setup.py install is deprecated setup.py develop --editable --build-directory /home/yoonkangrok/coffeehouse_serving_robot-1/build/coffee_system/build --no-deps symlink_data
[0.730s] running develop
[0.730s] /usr/lib/python3/dist-packages/setuptools/command/easy_install.py:158: EasyInstallDeprecationWarning: easy_install command is deprecated. Use build and pip and other standards-based tools.
[0.730s]   warnings.warn(
[0.877s] running egg_info
[0.877s] writing coffee_system.egg-info/PKG-INFO
[0.878s] writing dependency_links to coffee_system.egg-info/dependency_links.txt
[0.878s] writing entry points to coffee_system.egg-info/entry_points.txt
[0.878s] writing requirements to coffee_system.egg-info/requires.txt
[0.878s] writing top-level names to coffee_system.egg-info/top_level.txt
[0.880s] reading manifest file 'coffee_system.egg-info/SOURCES.txt'
[0.886s] writing manifest file 'coffee_system.egg-info/SOURCES.txt'
[0.887s] running build_ext
[0.888s] Creating /home/yoonkangrok/coffeehouse_serving_robot-1/install/coffee_system/lib/python3.10/site-packages/coffee-system.egg-link (link to .)
[0.888s] Installing main_kiosk script to /home/yoonkangrok/coffeehouse_serving_robot-1/install/coffee_system/lib/coffee_system
[0.888s] Installing main_kitchen script to /home/yoonkangrok/coffeehouse_serving_robot-1/install/coffee_system/lib/coffee_system
[0.888s] Installing order_database_server script to /home/yoonkangrok/coffeehouse_serving_robot-1/install/coffee_system/lib/coffee_system
[0.888s] Installing turtlebot_gui script to /home/yoonkangrok/coffeehouse_serving_robot-1/install/coffee_system/lib/coffee_system
[0.889s] 
[0.889s] Installed /home/yoonkangrok/coffeehouse_serving_robot-1/build/coffee_system
[0.889s] running symlink_data
[0.912s] Invoked command in '/home/yoonkangrok/coffeehouse_serving_robot-1/build/coffee_system' returned '0': LD_LIBRARY_PATH=/home/yoonkangrok/coffeehouse_serving_robot-1/install/coffee_system_interface/lib:/home/yoonkangrok/turtlebot3_ws/install/turtlebot3_msgs/lib:/home/yoonkangrok/turtlebot3_ws/install/dynamixel_sdk_custom_interfaces/lib:/home/yoonkangrok/turtlebot3_ws/install/dynamixel_sdk/lib:/usr/lib/x86_64-linux-gnu/gazebo-11/plugins:/opt/ros/humble/opt/rviz_ogre_vendor/lib:/opt/ros/humble/lib/x86_64-linux-gnu:/opt/ros/humble/lib:/usr/lib/x86_64-linux-gnu/gazebo-11/plugins PYTHONPATH=/home/yoonkangrok/coffeehouse_serving_robot-1/build/coffee_system/prefix_override:/usr/lib/python3/dist-packages/colcon_core/task/python/colcon_distutils_commands:/home/yoonkangrok/coffeehouse_serving_robot-1/install/coffee_system/lib/python3.10/site-packages:${PYTHONPATH} /usr/bin/python3 -W ignore:setup.py install is deprecated setup.py develop --editable --build-directory /home/yoonkangrok/coffeehouse_serving_robot-1/build/coffee_system/build --no-deps symlink_data
