[0.171s] DEBUG:colcon:Command line arguments: ['/usr/bin/colcon', 'list', '-p', '--base-paths', '/home/yoonkangrok/coffeehouse_serving_robot-1']
[0.171s] DEBUG:colcon:Parsed command line arguments: Namespace(log_base=None, log_level=None, verb_name='list', build_base='build', ignore_user_meta=False, metas=['./colcon.meta'], base_paths=['/home/yoonkangrok/coffeehouse_serving_robot-1'], packages_ignore=None, packages_ignore_regex=None, paths=None, packages_up_to=None, packages_up_to_regex=None, packages_above=None, packages_above_and_dependencies=None, packages_above_depth=None, packages_select_by_dep=None, packages_skip_by_dep=None, packages_skip_up_to=None, packages_select_build_failed=False, packages_skip_build_finished=False, packages_select_test_failures=False, packages_skip_test_passed=False, packages_select=None, packages_skip=None, packages_select_regex=None, packages_skip_regex=None, packages_start=None, packages_end=None, allow_overriding=[], topological_order=False, names_only=False, paths_only=True, topological_graph=False, topological_graph_dot=False, topological_graph_density=False, topological_graph_legend=False, topological_graph_dot_cluster=False, topological_graph_dot_include_skipped=False, verb_parser=<colcon_defaults.argument_parser.defaults.DefaultArgumentsDecorator object at 0x7a4d53ab5f00>, verb_extension=<colcon_package_information.verb.list.ListVerb object at 0x7a4d53ab4dc0>, main=<bound method ListVerb.main of <colcon_package_information.verb.list.ListVerb object at 0x7a4d53ab4dc0>>)
[0.457s] Level 1:colcon.colcon_core.package_discovery:discover_packages(colcon_meta) check parameters
[0.457s] Level 1:colcon.colcon_core.package_discovery:discover_packages(recursive) check parameters
[0.457s] Level 1:colcon.colcon_core.package_discovery:discover_packages(ignore) check parameters
[0.457s] Level 1:colcon.colcon_core.package_discovery:discover_packages(path) check parameters
[0.457s] Level 1:colcon.colcon_core.package_discovery:discover_packages(recursive) discover
[0.457s] INFO:colcon.colcon_core.package_discovery:Crawling recursively for packages in '/home/yoonkangrok/coffeehouse_serving_robot-1'
[0.458s] Level 1:colcon.colcon_core.package_identification:_identify(/home/yoonkangrok/coffeehouse_serving_robot-1) by extensions ['ignore', 'ignore_ament_install']
[0.458s] Level 1:colcon.colcon_core.package_identification:_identify(/home/yoonkangrok/coffeehouse_serving_robot-1) by extension 'ignore'
[0.458s] Level 1:colcon.colcon_core.package_identification:_identify(/home/yoonkangrok/coffeehouse_serving_robot-1) by extension 'ignore_ament_install'
[0.458s] Level 1:colcon.colcon_core.package_identification:_identify(/home/yoonkangrok/coffeehouse_serving_robot-1) by extensions ['colcon_pkg']
[0.458s] Level 1:colcon.colcon_core.package_identification:_identify(/home/yoonkangrok/coffeehouse_serving_robot-1) by extension 'colcon_pkg'
[0.458s] Level 1:colcon.colcon_core.package_identification:_identify(/home/yoonkangrok/coffeehouse_serving_robot-1) by extensions ['colcon_meta']
[0.458s] Level 1:colcon.colcon_core.package_identification:_identify(/home/yoonkangrok/coffeehouse_serving_robot-1) by extension 'colcon_meta'
[0.458s] Level 1:colcon.colcon_core.package_identification:_identify(/home/yoonkangrok/coffeehouse_serving_robot-1) by extensions ['ros']
[0.458s] Level 1:colcon.colcon_core.package_identification:_identify(/home/yoonkangrok/coffeehouse_serving_robot-1) by extension 'ros'
[0.498s] Level 1:colcon.colcon_core.package_identification:_identify(/home/yoonkangrok/coffeehouse_serving_robot-1) by extensions ['cmake', 'python']
[0.498s] Level 1:colcon.colcon_core.package_identification:_identify(/home/yoonkangrok/coffeehouse_serving_robot-1) by extension 'cmake'
[0.498s] Level 1:colcon.colcon_core.package_identification:_identify(/home/yoonkangrok/coffeehouse_serving_robot-1) by extension 'python'
[0.498s] Level 1:colcon.colcon_core.package_identification:_identify(/home/yoonkangrok/coffeehouse_serving_robot-1) by extensions ['python_setup_py']
[0.498s] Level 1:colcon.colcon_core.package_identification:_identify(/home/yoonkangrok/coffeehouse_serving_robot-1) by extension 'python_setup_py'
[0.499s] Level 1:colcon.colcon_core.package_identification:_identify(/home/yoonkangrok/coffeehouse_serving_robot-1/log) by extensions ['ignore', 'ignore_ament_install']
[0.499s] Level 1:colcon.colcon_core.package_identification:_identify(/home/yoonkangrok/coffeehouse_serving_robot-1/log) by extension 'ignore'
[0.499s] Level 1:colcon.colcon_core.package_identification:_identify(/home/yoonkangrok/coffeehouse_serving_robot-1/log) ignored
[0.499s] Level 1:colcon.colcon_core.package_identification:_identify(/home/yoonkangrok/coffeehouse_serving_robot-1/src) by extensions ['ignore', 'ignore_ament_install']
[0.499s] Level 1:colcon.colcon_core.package_identification:_identify(/home/yoonkangrok/coffeehouse_serving_robot-1/src) by extension 'ignore'
[0.499s] Level 1:colcon.colcon_core.package_identification:_identify(/home/yoonkangrok/coffeehouse_serving_robot-1/src) by extension 'ignore_ament_install'
[0.499s] Level 1:colcon.colcon_core.package_identification:_identify(/home/yoonkangrok/coffeehouse_serving_robot-1/src) by extensions ['colcon_pkg']
[0.499s] Level 1:colcon.colcon_core.package_identification:_identify(/home/yoonkangrok/coffeehouse_serving_robot-1/src) by extension 'colcon_pkg'
[0.499s] Level 1:colcon.colcon_core.package_identification:_identify(/home/yoonkangrok/coffeehouse_serving_robot-1/src) by extensions ['colcon_meta']
[0.499s] Level 1:colcon.colcon_core.package_identification:_identify(/home/yoonkangrok/coffeehouse_serving_robot-1/src) by extension 'colcon_meta'
[0.499s] Level 1:colcon.colcon_core.package_identification:_identify(/home/yoonkangrok/coffeehouse_serving_robot-1/src) by extensions ['ros']
[0.499s] Level 1:colcon.colcon_core.package_identification:_identify(/home/yoonkangrok/coffeehouse_serving_robot-1/src) by extension 'ros'
[0.499s] Level 1:colcon.colcon_core.package_identification:_identify(/home/yoonkangrok/coffeehouse_serving_robot-1/src) by extensions ['cmake', 'python']
[0.499s] Level 1:colcon.colcon_core.package_identification:_identify(/home/yoonkangrok/coffeehouse_serving_robot-1/src) by extension 'cmake'
[0.500s] Level 1:colcon.colcon_core.package_identification:_identify(/home/yoonkangrok/coffeehouse_serving_robot-1/src) by extension 'python'
[0.500s] Level 1:colcon.colcon_core.package_identification:_identify(/home/yoonkangrok/coffeehouse_serving_robot-1/src) by extensions ['python_setup_py']
[0.500s] Level 1:colcon.colcon_core.package_identification:_identify(/home/yoonkangrok/coffeehouse_serving_robot-1/src) by extension 'python_setup_py'
[0.500s] Level 1:colcon.colcon_core.package_identification:_identify(/home/yoonkangrok/coffeehouse_serving_robot-1/src/coffee_system) by extensions ['ignore', 'ignore_ament_install']
[0.500s] Level 1:colcon.colcon_core.package_identification:_identify(/home/yoonkangrok/coffeehouse_serving_robot-1/src/coffee_system) by extension 'ignore'
[0.500s] Level 1:colcon.colcon_core.package_identification:_identify(/home/yoonkangrok/coffeehouse_serving_robot-1/src/coffee_system) by extension 'ignore_ament_install'
[0.500s] Level 1:colcon.colcon_core.package_identification:_identify(/home/yoonkangrok/coffeehouse_serving_robot-1/src/coffee_system) by extensions ['colcon_pkg']
[0.500s] Level 1:colcon.colcon_core.package_identification:_identify(/home/yoonkangrok/coffeehouse_serving_robot-1/src/coffee_system) by extension 'colcon_pkg'
[0.500s] Level 1:colcon.colcon_core.package_identification:_identify(/home/yoonkangrok/coffeehouse_serving_robot-1/src/coffee_system) by extensions ['colcon_meta']
[0.500s] Level 1:colcon.colcon_core.package_identification:_identify(/home/yoonkangrok/coffeehouse_serving_robot-1/src/coffee_system) by extension 'colcon_meta'
[0.500s] Level 1:colcon.colcon_core.package_identification:_identify(/home/yoonkangrok/coffeehouse_serving_robot-1/src/coffee_system) by extensions ['ros']
[0.500s] Level 1:colcon.colcon_core.package_identification:_identify(/home/yoonkangrok/coffeehouse_serving_robot-1/src/coffee_system) by extension 'ros'
[0.503s] DEBUG:colcon.colcon_core.package_identification:Package '/home/yoonkangrok/coffeehouse_serving_robot-1/src/coffee_system' with type 'ros.ament_python' and name 'coffee_system'
[0.503s] Level 1:colcon.colcon_core.package_identification:_identify(/home/yoonkangrok/coffeehouse_serving_robot-1/src/coffee_system_interface) by extensions ['ignore', 'ignore_ament_install']
[0.503s] Level 1:colcon.colcon_core.package_identification:_identify(/home/yoonkangrok/coffeehouse_serving_robot-1/src/coffee_system_interface) by extension 'ignore'
[0.503s] Level 1:colcon.colcon_core.package_identification:_identify(/home/yoonkangrok/coffeehouse_serving_robot-1/src/coffee_system_interface) by extension 'ignore_ament_install'
[0.503s] Level 1:colcon.colcon_core.package_identification:_identify(/home/yoonkangrok/coffeehouse_serving_robot-1/src/coffee_system_interface) by extensions ['colcon_pkg']
[0.503s] Level 1:colcon.colcon_core.package_identification:_identify(/home/yoonkangrok/coffeehouse_serving_robot-1/src/coffee_system_interface) by extension 'colcon_pkg'
[0.503s] Level 1:colcon.colcon_core.package_identification:_identify(/home/yoonkangrok/coffeehouse_serving_robot-1/src/coffee_system_interface) by extensions ['colcon_meta']
[0.503s] Level 1:colcon.colcon_core.package_identification:_identify(/home/yoonkangrok/coffeehouse_serving_robot-1/src/coffee_system_interface) by extension 'colcon_meta'
[0.503s] Level 1:colcon.colcon_core.package_identification:_identify(/home/yoonkangrok/coffeehouse_serving_robot-1/src/coffee_system_interface) by extensions ['ros']
[0.503s] Level 1:colcon.colcon_core.package_identification:_identify(/home/yoonkangrok/coffeehouse_serving_robot-1/src/coffee_system_interface) by extension 'ros'
[0.504s] DEBUG:colcon.colcon_core.package_identification:Package '/home/yoonkangrok/coffeehouse_serving_robot-1/src/coffee_system_interface' with type 'ros.ament_cmake' and name 'coffee_system_interface'
[0.504s] Level 1:colcon.colcon_core.package_discovery:discover_packages(recursive) using defaults
