[0.011s] Invoking command in '/home/yoonkangrok/coffeehouse_serving_robot-1/build/coffee_system_interface': CMAKE_PREFIX_PATH=${CMAKE_PREFIX_PATH}:/home/yoonkangrok/turtlebot3_ws/install/turtlebot3_teleop:/home/yoonkangrok/turtlebot3_ws/install/turtlebot3_example:/opt/ros/humble /usr/bin/cmake --build /home/yoonkangrok/coffeehouse_serving_robot-1/build/coffee_system_interface -- -j8 -l8
[0.083s] -- Found ament_cmake: 1.3.10 (/opt/ros/humble/share/ament_cmake/cmake)
[0.190s] -- Override CMake install command with custom implementation using symlinks instead of copying resources
[0.206s] -- Found builtin_interfaces: 1.2.1 (/opt/ros/humble/share/builtin_interfaces/cmake)
[0.243s] -- Found rosidl_generator_c: 3.1.5 (/opt/ros/humble/share/rosidl_generator_c/cmake)
[0.245s] -- Found rosidl_adapter: 3.1.5 (/opt/ros/humble/share/rosidl_adapter/cmake)
[0.252s] -- Found rosidl_generator_cpp: 3.1.5 (/opt/ros/humble/share/rosidl_generator_cpp/cmake)
[0.264s] -- Using all available rosidl_typesupport_c: rosidl_typesupport_fastrtps_c;rosidl_typesupport_introspection_c
[0.277s] -- Using all available rosidl_typesupport_cpp: rosidl_typesupport_fastrtps_cpp;rosidl_typesupport_introspection_cpp
[0.291s] -- Found rosidl_default_generators: 1.2.0 (/opt/ros/humble/share/rosidl_default_generators/cmake)
[0.524s] -- Found ament_cmake_ros: 0.10.0 (/opt/ros/humble/share/ament_cmake_ros/cmake)
[0.759s] -- Using all available rosidl_typesupport_c: rosidl_typesupport_fastrtps_c;rosidl_typesupport_introspection_c
[0.853s] -- Using all available rosidl_typesupport_cpp: rosidl_typesupport_fastrtps_cpp;rosidl_typesupport_introspection_cpp
[0.870s] -- Found python_cmake_module: 0.10.0 (/opt/ros/humble/share/python_cmake_module/cmake)
[0.889s] -- Using PYTHON_EXECUTABLE: /usr/bin/python3
[0.889s] -- Using PYTHON_INCLUDE_DIRS: /usr/include/python3.10
[0.889s] -- Using PYTHON_LIBRARIES: /usr/lib/x86_64-linux-gnu/libpython3.10.so
[0.908s] -- Found ament_lint_auto: 0.12.11 (/opt/ros/humble/share/ament_lint_auto/cmake)
[0.924s] -- Added test 'lint_cmake' to check CMake code style
[0.925s] -- Added test 'xmllint' to check XML markup files
[0.929s] -- Configuring done
[0.967s] -- Generating done
[0.969s] -- Build files have been written to: /home/yoonkangrok/coffeehouse_serving_robot-1/build/coffee_system_interface
[0.988s] [35m[1mConsolidate compiler generated dependencies of target coffee_system_interface__rosidl_generator_c[0m
[0.995s] [  1%] Built target coffee_system_interface__cpp
[1.000s] [ 12%] Built target coffee_system_interface__rosidl_generator_c
[1.004s] [ 12%] Built target ament_cmake_python_symlink_coffee_system_interface
[1.006s] [35m[1mConsolidate compiler generated dependencies of target coffee_system_interface__rosidl_typesupport_fastrtps_cpp[0m
[1.006s] [35m[1mConsolidate compiler generated dependencies of target coffee_system_interface__rosidl_typesupport_introspection_cpp[0m
[1.009s] [35m[1mConsolidate compiler generated dependencies of target coffee_system_interface__rosidl_typesupport_cpp[0m
[1.012s] [35m[1mConsolidate compiler generated dependencies of target coffee_system_interface__rosidl_typesupport_introspection_c[0m
[1.013s] [35m[1mConsolidate compiler generated dependencies of target coffee_system_interface__rosidl_typesupport_fastrtps_c[0m
[1.013s] [35m[1mConsolidate compiler generated dependencies of target coffee_system_interface__rosidl_typesupport_c[0m
[1.026s] [ 45%] Built target coffee_system_interface__rosidl_typesupport_fastrtps_cpp
[1.026s] [ 45%] Built target coffee_system_interface__rosidl_typesupport_introspection_cpp
[1.026s] [ 45%] Built target coffee_system_interface__rosidl_typesupport_cpp
[1.026s] [ 56%] Built target coffee_system_interface__rosidl_typesupport_introspection_c
[1.026s] [ 67%] Built target coffee_system_interface__rosidl_typesupport_c
[1.031s] [ 78%] Built target coffee_system_interface__rosidl_typesupport_fastrtps_c
[1.048s] [ 78%] Built target coffee_system_interface
[1.065s] [ 80%] Built target coffee_system_interface__py
[1.073s] [35m[1mConsolidate compiler generated dependencies of target coffee_system_interface__rosidl_generator_py[0m
[1.086s] [ 89%] Built target coffee_system_interface__rosidl_generator_py
[1.095s] [35m[1mConsolidate compiler generated dependencies of target coffee_system_interface__rosidl_typesupport_c__pyext[0m
[1.095s] [35m[1mConsolidate compiler generated dependencies of target coffee_system_interface__rosidl_typesupport_introspection_c__pyext[0m
[1.098s] [35m[1mConsolidate compiler generated dependencies of target coffee_system_interface__rosidl_typesupport_fastrtps_c__pyext[0m
[1.105s] [ 92%] Built target coffee_system_interface__rosidl_typesupport_c__pyext
[1.106s] [ 96%] Built target coffee_system_interface__rosidl_typesupport_introspection_c__pyext
[1.112s] [100%] Built target coffee_system_interface__rosidl_typesupport_fastrtps_c__pyext
[1.220s] running egg_info
[1.221s] writing coffee_system_interface.egg-info/PKG-INFO
[1.221s] writing dependency_links to coffee_system_interface.egg-info/dependency_links.txt
[1.221s] writing top-level names to coffee_system_interface.egg-info/top_level.txt
[1.223s] reading manifest file 'coffee_system_interface.egg-info/SOURCES.txt'
[1.224s] writing manifest file 'coffee_system_interface.egg-info/SOURCES.txt'
[1.247s] [100%] Built target ament_cmake_python_build_coffee_system_interface_egg
[1.256s] Invoked command in '/home/yoonkangrok/coffeehouse_serving_robot-1/build/coffee_system_interface' returned '0': CMAKE_PREFIX_PATH=${CMAKE_PREFIX_PATH}:/home/yoonkangrok/turtlebot3_ws/install/turtlebot3_teleop:/home/yoonkangrok/turtlebot3_ws/install/turtlebot3_example:/opt/ros/humble /usr/bin/cmake --build /home/yoonkangrok/coffeehouse_serving_robot-1/build/coffee_system_interface -- -j8 -l8
[1.347s] Invoking command in '/home/yoonkangrok/coffeehouse_serving_robot-1/build/coffee_system_interface': CMAKE_PREFIX_PATH=${CMAKE_PREFIX_PATH}:/home/yoonkangrok/turtlebot3_ws/install/turtlebot3_teleop:/home/yoonkangrok/turtlebot3_ws/install/turtlebot3_example:/opt/ros/humble /usr/bin/cmake --install /home/yoonkangrok/coffeehouse_serving_robot-1/build/coffee_system_interface
[1.353s] -- Install configuration: ""
[1.361s] -- Execute custom install script
[1.361s] -- Up-to-date symlink: /home/yoonkangrok/coffeehouse_serving_robot-1/install/coffee_system_interface/share/ament_index/resource_index/rosidl_interfaces/coffee_system_interface
[1.361s] -- Up-to-date symlink: /home/yoonkangrok/coffeehouse_serving_robot-1/install/coffee_system_interface/include/coffee_system_interface/coffee_system_interface/action/detail/my_action__functions.h
[1.361s] -- Up-to-date symlink: /home/yoonkangrok/coffeehouse_serving_robot-1/install/coffee_system_interface/include/coffee_system_interface/coffee_system_interface/action/detail/my_action__struct.h
[1.362s] -- Up-to-date symlink: /home/yoonkangrok/coffeehouse_serving_robot-1/install/coffee_system_interface/include/coffee_system_interface/coffee_system_interface/action/detail/my_action__type_support.h
[1.362s] -- Up-to-date symlink: /home/yoonkangrok/coffeehouse_serving_robot-1/install/coffee_system_interface/include/coffee_system_interface/coffee_system_interface/action/my_action.h
[1.362s] -- Up-to-date symlink: /home/yoonkangrok/coffeehouse_serving_robot-1/install/coffee_system_interface/include/coffee_system_interface/coffee_system_interface/msg/call_staff.h
[1.362s] -- Up-to-date symlink: /home/yoonkangrok/coffeehouse_serving_robot-1/install/coffee_system_interface/include/coffee_system_interface/coffee_system_interface/msg/detail/call_staff__functions.h
[1.362s] -- Up-to-date symlink: /home/yoonkangrok/coffeehouse_serving_robot-1/install/coffee_system_interface/include/coffee_system_interface/coffee_system_interface/msg/detail/call_staff__struct.h
[1.362s] -- Up-to-date symlink: /home/yoonkangrok/coffeehouse_serving_robot-1/install/coffee_system_interface/include/coffee_system_interface/coffee_system_interface/msg/detail/call_staff__type_support.h
[1.362s] -- Up-to-date symlink: /home/yoonkangrok/coffeehouse_serving_robot-1/install/coffee_system_interface/include/coffee_system_interface/coffee_system_interface/msg/detail/my_msg__functions.h
[1.362s] -- Up-to-date symlink: /home/yoonkangrok/coffeehouse_serving_robot-1/install/coffee_system_interface/include/coffee_system_interface/coffee_system_interface/msg/detail/my_msg__struct.h
[1.362s] -- Up-to-date symlink: /home/yoonkangrok/coffeehouse_serving_robot-1/install/coffee_system_interface/include/coffee_system_interface/coffee_system_interface/msg/detail/my_msg__type_support.h
[1.362s] -- Up-to-date symlink: /home/yoonkangrok/coffeehouse_serving_robot-1/install/coffee_system_interface/include/coffee_system_interface/coffee_system_interface/msg/my_msg.h
[1.362s] -- Up-to-date symlink: /home/yoonkangrok/coffeehouse_serving_robot-1/install/coffee_system_interface/include/coffee_system_interface/coffee_system_interface/msg/rosidl_generator_c__visibility_control.h
[1.362s] -- Up-to-date symlink: /home/yoonkangrok/coffeehouse_serving_robot-1/install/coffee_system_interface/include/coffee_system_interface/coffee_system_interface/srv/detail/my_srv__functions.h
[1.362s] -- Up-to-date symlink: /home/yoonkangrok/coffeehouse_serving_robot-1/install/coffee_system_interface/include/coffee_system_interface/coffee_system_interface/srv/detail/my_srv__struct.h
[1.362s] -- Up-to-date symlink: /home/yoonkangrok/coffeehouse_serving_robot-1/install/coffee_system_interface/include/coffee_system_interface/coffee_system_interface/srv/detail/my_srv__type_support.h
[1.363s] -- Up-to-date symlink: /home/yoonkangrok/coffeehouse_serving_robot-1/install/coffee_system_interface/include/coffee_system_interface/coffee_system_interface/srv/my_srv.h
[1.363s] -- Up-to-date symlink: /home/yoonkangrok/coffeehouse_serving_robot-1/install/coffee_system_interface/share/coffee_system_interface/environment/library_path.sh
[1.363s] -- Up-to-date symlink: /home/yoonkangrok/coffeehouse_serving_robot-1/install/coffee_system_interface/share/coffee_system_interface/environment/library_path.dsv
[1.363s] -- Up-to-date symlink: /home/yoonkangrok/coffeehouse_serving_robot-1/install/coffee_system_interface/include/coffee_system_interface/coffee_system_interface/action/detail/my_action__rosidl_typesupport_fastrtps_c.h
[1.363s] -- Up-to-date symlink: /home/yoonkangrok/coffeehouse_serving_robot-1/install/coffee_system_interface/include/coffee_system_interface/coffee_system_interface/msg/detail/call_staff__rosidl_typesupport_fastrtps_c.h
[1.363s] -- Up-to-date symlink: /home/yoonkangrok/coffeehouse_serving_robot-1/install/coffee_system_interface/include/coffee_system_interface/coffee_system_interface/msg/detail/my_msg__rosidl_typesupport_fastrtps_c.h
[1.363s] -- Up-to-date symlink: /home/yoonkangrok/coffeehouse_serving_robot-1/install/coffee_system_interface/include/coffee_system_interface/coffee_system_interface/msg/rosidl_typesupport_fastrtps_c__visibility_control.h
[1.363s] -- Up-to-date symlink: /home/yoonkangrok/coffeehouse_serving_robot-1/install/coffee_system_interface/include/coffee_system_interface/coffee_system_interface/srv/detail/my_srv__rosidl_typesupport_fastrtps_c.h
[1.363s] -- Up-to-date symlink: /home/yoonkangrok/coffeehouse_serving_robot-1/install/coffee_system_interface/include/coffee_system_interface/coffee_system_interface/action/detail/my_action__builder.hpp
[1.364s] -- Up-to-date symlink: /home/yoonkangrok/coffeehouse_serving_robot-1/install/coffee_system_interface/include/coffee_system_interface/coffee_system_interface/action/detail/my_action__struct.hpp
[1.364s] -- Up-to-date symlink: /home/yoonkangrok/coffeehouse_serving_robot-1/install/coffee_system_interface/include/coffee_system_interface/coffee_system_interface/action/detail/my_action__traits.hpp
[1.364s] -- Up-to-date symlink: /home/yoonkangrok/coffeehouse_serving_robot-1/install/coffee_system_interface/include/coffee_system_interface/coffee_system_interface/action/my_action.hpp
[1.364s] -- Up-to-date symlink: /home/yoonkangrok/coffeehouse_serving_robot-1/install/coffee_system_interface/include/coffee_system_interface/coffee_system_interface/msg/call_staff.hpp
[1.364s] -- Up-to-date symlink: /home/yoonkangrok/coffeehouse_serving_robot-1/install/coffee_system_interface/include/coffee_system_interface/coffee_system_interface/msg/detail/call_staff__builder.hpp
[1.364s] -- Up-to-date symlink: /home/yoonkangrok/coffeehouse_serving_robot-1/install/coffee_system_interface/include/coffee_system_interface/coffee_system_interface/msg/detail/call_staff__struct.hpp
[1.364s] -- Up-to-date symlink: /home/yoonkangrok/coffeehouse_serving_robot-1/install/coffee_system_interface/include/coffee_system_interface/coffee_system_interface/msg/detail/call_staff__traits.hpp
[1.364s] -- Up-to-date symlink: /home/yoonkangrok/coffeehouse_serving_robot-1/install/coffee_system_interface/include/coffee_system_interface/coffee_system_interface/msg/detail/my_msg__builder.hpp
[1.364s] -- Up-to-date symlink: /home/yoonkangrok/coffeehouse_serving_robot-1/install/coffee_system_interface/include/coffee_system_interface/coffee_system_interface/msg/detail/my_msg__struct.hpp
[1.364s] -- Up-to-date symlink: /home/yoonkangrok/coffeehouse_serving_robot-1/install/coffee_system_interface/include/coffee_system_interface/coffee_system_interface/msg/detail/my_msg__traits.hpp
[1.364s] -- Up-to-date symlink: /home/yoonkangrok/coffeehouse_serving_robot-1/install/coffee_system_interface/include/coffee_system_interface/coffee_system_interface/msg/my_msg.hpp
[1.364s] -- Up-to-date symlink: /home/yoonkangrok/coffeehouse_serving_robot-1/install/coffee_system_interface/include/coffee_system_interface/coffee_system_interface/srv/detail/my_srv__builder.hpp
[1.364s] -- Up-to-date symlink: /home/yoonkangrok/coffeehouse_serving_robot-1/install/coffee_system_interface/include/coffee_system_interface/coffee_system_interface/srv/detail/my_srv__struct.hpp
[1.365s] -- Up-to-date symlink: /home/yoonkangrok/coffeehouse_serving_robot-1/install/coffee_system_interface/include/coffee_system_interface/coffee_system_interface/srv/detail/my_srv__traits.hpp
[1.365s] -- Up-to-date symlink: /home/yoonkangrok/coffeehouse_serving_robot-1/install/coffee_system_interface/include/coffee_system_interface/coffee_system_interface/srv/my_srv.hpp
[1.365s] -- Up-to-date symlink: /home/yoonkangrok/coffeehouse_serving_robot-1/install/coffee_system_interface/include/coffee_system_interface/coffee_system_interface/action/detail/my_action__rosidl_typesupport_fastrtps_cpp.hpp
[1.365s] -- Up-to-date symlink: /home/yoonkangrok/coffeehouse_serving_robot-1/install/coffee_system_interface/include/coffee_system_interface/coffee_system_interface/msg/detail/call_staff__rosidl_typesupport_fastrtps_cpp.hpp
[1.365s] -- Up-to-date symlink: /home/yoonkangrok/coffeehouse_serving_robot-1/install/coffee_system_interface/include/coffee_system_interface/coffee_system_interface/msg/detail/my_msg__rosidl_typesupport_fastrtps_cpp.hpp
[1.365s] -- Up-to-date symlink: /home/yoonkangrok/coffeehouse_serving_robot-1/install/coffee_system_interface/include/coffee_system_interface/coffee_system_interface/msg/rosidl_typesupport_fastrtps_cpp__visibility_control.h
[1.365s] -- Up-to-date symlink: /home/yoonkangrok/coffeehouse_serving_robot-1/install/coffee_system_interface/include/coffee_system_interface/coffee_system_interface/srv/detail/my_srv__rosidl_typesupport_fastrtps_cpp.hpp
[1.365s] -- Up-to-date symlink: /home/yoonkangrok/coffeehouse_serving_robot-1/install/coffee_system_interface/include/coffee_system_interface/coffee_system_interface/action/detail/my_action__rosidl_typesupport_introspection_c.h
[1.365s] -- Up-to-date symlink: /home/yoonkangrok/coffeehouse_serving_robot-1/install/coffee_system_interface/include/coffee_system_interface/coffee_system_interface/msg/detail/call_staff__rosidl_typesupport_introspection_c.h
[1.365s] -- Up-to-date symlink: /home/yoonkangrok/coffeehouse_serving_robot-1/install/coffee_system_interface/include/coffee_system_interface/coffee_system_interface/msg/detail/my_msg__rosidl_typesupport_introspection_c.h
[1.366s] -- Up-to-date symlink: /home/yoonkangrok/coffeehouse_serving_robot-1/install/coffee_system_interface/include/coffee_system_interface/coffee_system_interface/msg/rosidl_typesupport_introspection_c__visibility_control.h
[1.366s] -- Up-to-date symlink: /home/yoonkangrok/coffeehouse_serving_robot-1/install/coffee_system_interface/include/coffee_system_interface/coffee_system_interface/srv/detail/my_srv__rosidl_typesupport_introspection_c.h
[1.366s] -- Up-to-date symlink: /home/yoonkangrok/coffeehouse_serving_robot-1/install/coffee_system_interface/include/coffee_system_interface/coffee_system_interface/action/detail/my_action__rosidl_typesupport_introspection_cpp.hpp
[1.366s] -- Up-to-date symlink: /home/yoonkangrok/coffeehouse_serving_robot-1/install/coffee_system_interface/include/coffee_system_interface/coffee_system_interface/msg/detail/call_staff__rosidl_typesupport_introspection_cpp.hpp
[1.366s] -- Up-to-date symlink: /home/yoonkangrok/coffeehouse_serving_robot-1/install/coffee_system_interface/include/coffee_system_interface/coffee_system_interface/msg/detail/my_msg__rosidl_typesupport_introspection_cpp.hpp
[1.366s] -- Up-to-date symlink: /home/yoonkangrok/coffeehouse_serving_robot-1/install/coffee_system_interface/include/coffee_system_interface/coffee_system_interface/srv/detail/my_srv__rosidl_typesupport_introspection_cpp.hpp
[1.366s] -- Up-to-date symlink: /home/yoonkangrok/coffeehouse_serving_robot-1/install/coffee_system_interface/share/coffee_system_interface/environment/pythonpath.sh
[1.366s] -- Up-to-date symlink: /home/yoonkangrok/coffeehouse_serving_robot-1/install/coffee_system_interface/share/coffee_system_interface/environment/pythonpath.dsv
[1.366s] -- Up-to-date symlink: /home/yoonkangrok/coffeehouse_serving_robot-1/install/coffee_system_interface/local/lib/python3.10/dist-packages/coffee_system_interface-0.0.0-py3.10.egg-info/PKG-INFO
[1.366s] -- Up-to-date symlink: /home/yoonkangrok/coffeehouse_serving_robot-1/install/coffee_system_interface/local/lib/python3.10/dist-packages/coffee_system_interface-0.0.0-py3.10.egg-info/SOURCES.txt
[1.367s] -- Up-to-date symlink: /home/yoonkangrok/coffeehouse_serving_robot-1/install/coffee_system_interface/local/lib/python3.10/dist-packages/coffee_system_interface-0.0.0-py3.10.egg-info/dependency_links.txt
[1.367s] -- Up-to-date symlink: /home/yoonkangrok/coffeehouse_serving_robot-1/install/coffee_system_interface/local/lib/python3.10/dist-packages/coffee_system_interface-0.0.0-py3.10.egg-info/top_level.txt
[1.367s] -- Up-to-date symlink: /home/yoonkangrok/coffeehouse_serving_robot-1/install/coffee_system_interface/local/lib/python3.10/dist-packages/coffee_system_interface/__init__.py
[1.367s] -- Up-to-date symlink: /home/yoonkangrok/coffeehouse_serving_robot-1/install/coffee_system_interface/local/lib/python3.10/dist-packages/coffee_system_interface/_coffee_system_interface_s.ep.rosidl_typesupport_c.c
[1.367s] -- Up-to-date symlink: /home/yoonkangrok/coffeehouse_serving_robot-1/install/coffee_system_interface/local/lib/python3.10/dist-packages/coffee_system_interface/_coffee_system_interface_s.ep.rosidl_typesupport_fastrtps_c.c
[1.367s] -- Up-to-date symlink: /home/yoonkangrok/coffeehouse_serving_robot-1/install/coffee_system_interface/local/lib/python3.10/dist-packages/coffee_system_interface/_coffee_system_interface_s.ep.rosidl_typesupport_introspection_c.c
[1.367s] -- Up-to-date symlink: /home/yoonkangrok/coffeehouse_serving_robot-1/install/coffee_system_interface/local/lib/python3.10/dist-packages/coffee_system_interface/action/__init__.py
[1.367s] -- Up-to-date symlink: /home/yoonkangrok/coffeehouse_serving_robot-1/install/coffee_system_interface/local/lib/python3.10/dist-packages/coffee_system_interface/action/_my_action.py
[1.367s] -- Up-to-date symlink: /home/yoonkangrok/coffeehouse_serving_robot-1/install/coffee_system_interface/local/lib/python3.10/dist-packages/coffee_system_interface/action/_my_action_s.c
[1.368s] -- Up-to-date symlink: /home/yoonkangrok/coffeehouse_serving_robot-1/install/coffee_system_interface/local/lib/python3.10/dist-packages/coffee_system_interface/coffee_system_interface_s__rosidl_typesupport_c.cpython-310-x86_64-linux-gnu.so
[1.368s] -- Up-to-date symlink: /home/yoonkangrok/coffeehouse_serving_robot-1/install/coffee_system_interface/local/lib/python3.10/dist-packages/coffee_system_interface/coffee_system_interface_s__rosidl_typesupport_fastrtps_c.cpython-310-x86_64-linux-gnu.so
[1.368s] -- Up-to-date symlink: /home/yoonkangrok/coffeehouse_serving_robot-1/install/coffee_system_interface/local/lib/python3.10/dist-packages/coffee_system_interface/coffee_system_interface_s__rosidl_typesupport_introspection_c.cpython-310-x86_64-linux-gnu.so
[1.368s] -- Up-to-date symlink: /home/yoonkangrok/coffeehouse_serving_robot-1/install/coffee_system_interface/local/lib/python3.10/dist-packages/coffee_system_interface/libcoffee_system_interface__rosidl_generator_py.so
[1.368s] -- Up-to-date symlink: /home/yoonkangrok/coffeehouse_serving_robot-1/install/coffee_system_interface/local/lib/python3.10/dist-packages/coffee_system_interface/msg/__init__.py
[1.368s] -- Up-to-date symlink: /home/yoonkangrok/coffeehouse_serving_robot-1/install/coffee_system_interface/local/lib/python3.10/dist-packages/coffee_system_interface/msg/_call_staff.py
[1.368s] -- Up-to-date symlink: /home/yoonkangrok/coffeehouse_serving_robot-1/install/coffee_system_interface/local/lib/python3.10/dist-packages/coffee_system_interface/msg/_call_staff_s.c
[1.368s] -- Up-to-date symlink: /home/yoonkangrok/coffeehouse_serving_robot-1/install/coffee_system_interface/local/lib/python3.10/dist-packages/coffee_system_interface/msg/_my_msg.py
[1.368s] -- Up-to-date symlink: /home/yoonkangrok/coffeehouse_serving_robot-1/install/coffee_system_interface/local/lib/python3.10/dist-packages/coffee_system_interface/msg/_my_msg_s.c
[1.368s] -- Up-to-date symlink: /home/yoonkangrok/coffeehouse_serving_robot-1/install/coffee_system_interface/local/lib/python3.10/dist-packages/coffee_system_interface/srv/__init__.py
[1.368s] -- Up-to-date symlink: /home/yoonkangrok/coffeehouse_serving_robot-1/install/coffee_system_interface/local/lib/python3.10/dist-packages/coffee_system_interface/srv/_my_srv.py
[1.368s] -- Up-to-date symlink: /home/yoonkangrok/coffeehouse_serving_robot-1/install/coffee_system_interface/local/lib/python3.10/dist-packages/coffee_system_interface/srv/_my_srv_s.c
[1.368s] -- Up-to-date symlink: /home/yoonkangrok/coffeehouse_serving_robot-1/install/coffee_system_interface/local/lib/python3.10/dist-packages/coffee_system_interface/coffee_system_interface_s__rosidl_typesupport_fastrtps_c.cpython-310-x86_64-linux-gnu.so
[1.369s] -- Up-to-date symlink: /home/yoonkangrok/coffeehouse_serving_robot-1/install/coffee_system_interface/local/lib/python3.10/dist-packages/coffee_system_interface/coffee_system_interface_s__rosidl_typesupport_introspection_c.cpython-310-x86_64-linux-gnu.so
[1.369s] -- Up-to-date symlink: /home/yoonkangrok/coffeehouse_serving_robot-1/install/coffee_system_interface/local/lib/python3.10/dist-packages/coffee_system_interface/coffee_system_interface_s__rosidl_typesupport_c.cpython-310-x86_64-linux-gnu.so
[1.369s] -- Up-to-date symlink: /home/yoonkangrok/coffeehouse_serving_robot-1/install/coffee_system_interface/share/coffee_system_interface/msg/MyMsg.idl
[1.369s] -- Up-to-date symlink: /home/yoonkangrok/coffeehouse_serving_robot-1/install/coffee_system_interface/share/coffee_system_interface/msg/CallStaff.idl
[1.369s] -- Up-to-date symlink: /home/yoonkangrok/coffeehouse_serving_robot-1/install/coffee_system_interface/share/coffee_system_interface/srv/MySrv.idl
[1.369s] -- Up-to-date symlink: /home/yoonkangrok/coffeehouse_serving_robot-1/install/coffee_system_interface/share/coffee_system_interface/action/MyAction.idl
[1.369s] -- Up-to-date symlink: /home/yoonkangrok/coffeehouse_serving_robot-1/install/coffee_system_interface/share/coffee_system_interface/msg/MyMsg.msg
[1.369s] -- Up-to-date symlink: /home/yoonkangrok/coffeehouse_serving_robot-1/install/coffee_system_interface/share/coffee_system_interface/msg/CallStaff.msg
[1.369s] -- Up-to-date symlink: /home/yoonkangrok/coffeehouse_serving_robot-1/install/coffee_system_interface/share/coffee_system_interface/srv/MySrv.srv
[1.369s] -- Up-to-date symlink: /home/yoonkangrok/coffeehouse_serving_robot-1/install/coffee_system_interface/share/coffee_system_interface/srv/MySrv_Request.msg
[1.369s] -- Up-to-date symlink: /home/yoonkangrok/coffeehouse_serving_robot-1/install/coffee_system_interface/share/coffee_system_interface/srv/MySrv_Response.msg
[1.370s] -- Up-to-date symlink: /home/yoonkangrok/coffeehouse_serving_robot-1/install/coffee_system_interface/share/coffee_system_interface/action/MyAction.action
[1.370s] -- Up-to-date symlink: /home/yoonkangrok/coffeehouse_serving_robot-1/install/coffee_system_interface/share/ament_index/resource_index/package_run_dependencies/coffee_system_interface
[1.370s] -- Up-to-date symlink: /home/yoonkangrok/coffeehouse_serving_robot-1/install/coffee_system_interface/share/ament_index/resource_index/parent_prefix_path/coffee_system_interface
[1.370s] -- Up-to-date symlink: /home/yoonkangrok/coffeehouse_serving_robot-1/install/coffee_system_interface/share/coffee_system_interface/environment/ament_prefix_path.sh
[1.370s] -- Up-to-date symlink: /home/yoonkangrok/coffeehouse_serving_robot-1/install/coffee_system_interface/share/coffee_system_interface/environment/ament_prefix_path.dsv
[1.370s] -- Up-to-date symlink: /home/yoonkangrok/coffeehouse_serving_robot-1/install/coffee_system_interface/share/coffee_system_interface/environment/path.sh
[1.370s] -- Up-to-date symlink: /home/yoonkangrok/coffeehouse_serving_robot-1/install/coffee_system_interface/share/coffee_system_interface/environment/path.dsv
[1.370s] -- Up-to-date symlink: /home/yoonkangrok/coffeehouse_serving_robot-1/install/coffee_system_interface/share/coffee_system_interface/local_setup.bash
[1.370s] -- Up-to-date symlink: /home/yoonkangrok/coffeehouse_serving_robot-1/install/coffee_system_interface/share/coffee_system_interface/local_setup.sh
[1.370s] -- Up-to-date symlink: /home/yoonkangrok/coffeehouse_serving_robot-1/install/coffee_system_interface/share/coffee_system_interface/local_setup.zsh
[1.370s] -- Up-to-date symlink: /home/yoonkangrok/coffeehouse_serving_robot-1/install/coffee_system_interface/share/coffee_system_interface/local_setup.dsv
[1.370s] -- Symlinking: /home/yoonkangrok/coffeehouse_serving_robot-1/install/coffee_system_interface/share/coffee_system_interface/package.dsv
[1.377s] -- Up-to-date symlink: /home/yoonkangrok/coffeehouse_serving_robot-1/install/coffee_system_interface/share/ament_index/resource_index/packages/coffee_system_interface
[1.377s] -- Up-to-date symlink: /home/yoonkangrok/coffeehouse_serving_robot-1/install/coffee_system_interface/share/coffee_system_interface/cmake/rosidl_cmake-extras.cmake
[1.377s] -- Up-to-date symlink: /home/yoonkangrok/coffeehouse_serving_robot-1/install/coffee_system_interface/share/coffee_system_interface/cmake/ament_cmake_export_dependencies-extras.cmake
[1.378s] -- Up-to-date symlink: /home/yoonkangrok/coffeehouse_serving_robot-1/install/coffee_system_interface/share/coffee_system_interface/cmake/ament_cmake_export_include_directories-extras.cmake
[1.378s] -- Up-to-date symlink: /home/yoonkangrok/coffeehouse_serving_robot-1/install/coffee_system_interface/share/coffee_system_interface/cmake/ament_cmake_export_libraries-extras.cmake
[1.378s] -- Up-to-date symlink: /home/yoonkangrok/coffeehouse_serving_robot-1/install/coffee_system_interface/share/coffee_system_interface/cmake/ament_cmake_export_targets-extras.cmake
[1.378s] -- Up-to-date symlink: /home/yoonkangrok/coffeehouse_serving_robot-1/install/coffee_system_interface/share/coffee_system_interface/cmake/rosidl_cmake_export_typesupport_targets-extras.cmake
[1.378s] -- Up-to-date symlink: /home/yoonkangrok/coffeehouse_serving_robot-1/install/coffee_system_interface/share/coffee_system_interface/cmake/rosidl_cmake_export_typesupport_libraries-extras.cmake
[1.378s] -- Up-to-date symlink: /home/yoonkangrok/coffeehouse_serving_robot-1/install/coffee_system_interface/share/coffee_system_interface/cmake/coffee_system_interfaceConfig.cmake
[1.378s] -- Up-to-date symlink: /home/yoonkangrok/coffeehouse_serving_robot-1/install/coffee_system_interface/share/coffee_system_interface/cmake/coffee_system_interfaceConfig-version.cmake
[1.378s] -- Up-to-date symlink: /home/yoonkangrok/coffeehouse_serving_robot-1/install/coffee_system_interface/share/coffee_system_interface/package.xml
[1.378s] -- Up-to-date: /home/yoonkangrok/coffeehouse_serving_robot-1/install/coffee_system_interface/lib/libcoffee_system_interface__rosidl_generator_c.so
[1.378s] -- Up-to-date: /home/yoonkangrok/coffeehouse_serving_robot-1/install/coffee_system_interface/lib/libcoffee_system_interface__rosidl_typesupport_fastrtps_c.so
[1.379s] -- Up-to-date: /home/yoonkangrok/coffeehouse_serving_robot-1/install/coffee_system_interface/lib/libcoffee_system_interface__rosidl_typesupport_fastrtps_cpp.so
[1.379s] -- Up-to-date: /home/yoonkangrok/coffeehouse_serving_robot-1/install/coffee_system_interface/lib/libcoffee_system_interface__rosidl_typesupport_introspection_c.so
[1.379s] -- Up-to-date: /home/yoonkangrok/coffeehouse_serving_robot-1/install/coffee_system_interface/lib/libcoffee_system_interface__rosidl_typesupport_c.so
[1.379s] -- Up-to-date: /home/yoonkangrok/coffeehouse_serving_robot-1/install/coffee_system_interface/lib/libcoffee_system_interface__rosidl_typesupport_introspection_cpp.so
[1.379s] -- Up-to-date: /home/yoonkangrok/coffeehouse_serving_robot-1/install/coffee_system_interface/lib/libcoffee_system_interface__rosidl_typesupport_cpp.so
[1.410s] Listing '/home/yoonkangrok/coffeehouse_serving_robot-1/install/coffee_system_interface/local/lib/python3.10/dist-packages/coffee_system_interface'...
[1.410s] Compiling '/home/yoonkangrok/coffeehouse_serving_robot-1/install/coffee_system_interface/local/lib/python3.10/dist-packages/coffee_system_interface/__init__.py'...
[1.410s] Listing '/home/yoonkangrok/coffeehouse_serving_robot-1/install/coffee_system_interface/local/lib/python3.10/dist-packages/coffee_system_interface/action'...
[1.410s] Listing '/home/yoonkangrok/coffeehouse_serving_robot-1/install/coffee_system_interface/local/lib/python3.10/dist-packages/coffee_system_interface/msg'...
[1.410s] Listing '/home/yoonkangrok/coffeehouse_serving_robot-1/install/coffee_system_interface/local/lib/python3.10/dist-packages/coffee_system_interface/srv'...
[1.415s] -- Up-to-date: /home/yoonkangrok/coffeehouse_serving_robot-1/install/coffee_system_interface/lib/libcoffee_system_interface__rosidl_generator_py.so
[1.415s] -- Up-to-date: /home/yoonkangrok/coffeehouse_serving_robot-1/install/coffee_system_interface/share/coffee_system_interface/cmake/export_coffee_system_interface__rosidl_generator_cExport.cmake
[1.415s] -- Up-to-date: /home/yoonkangrok/coffeehouse_serving_robot-1/install/coffee_system_interface/share/coffee_system_interface/cmake/export_coffee_system_interface__rosidl_generator_cExport-noconfig.cmake
[1.415s] -- Up-to-date: /home/yoonkangrok/coffeehouse_serving_robot-1/install/coffee_system_interface/share/coffee_system_interface/cmake/export_coffee_system_interface__rosidl_typesupport_fastrtps_cExport.cmake
[1.415s] -- Up-to-date: /home/yoonkangrok/coffeehouse_serving_robot-1/install/coffee_system_interface/share/coffee_system_interface/cmake/export_coffee_system_interface__rosidl_typesupport_fastrtps_cExport-noconfig.cmake
[1.415s] -- Up-to-date: /home/yoonkangrok/coffeehouse_serving_robot-1/install/coffee_system_interface/share/coffee_system_interface/cmake/export_coffee_system_interface__rosidl_generator_cppExport.cmake
[1.415s] -- Up-to-date: /home/yoonkangrok/coffeehouse_serving_robot-1/install/coffee_system_interface/share/coffee_system_interface/cmake/export_coffee_system_interface__rosidl_typesupport_fastrtps_cppExport.cmake
[1.415s] -- Up-to-date: /home/yoonkangrok/coffeehouse_serving_robot-1/install/coffee_system_interface/share/coffee_system_interface/cmake/export_coffee_system_interface__rosidl_typesupport_fastrtps_cppExport-noconfig.cmake
[1.415s] -- Up-to-date: /home/yoonkangrok/coffeehouse_serving_robot-1/install/coffee_system_interface/share/coffee_system_interface/cmake/coffee_system_interface__rosidl_typesupport_introspection_cExport.cmake
[1.415s] -- Up-to-date: /home/yoonkangrok/coffeehouse_serving_robot-1/install/coffee_system_interface/share/coffee_system_interface/cmake/coffee_system_interface__rosidl_typesupport_introspection_cExport-noconfig.cmake
[1.415s] -- Up-to-date: /home/yoonkangrok/coffeehouse_serving_robot-1/install/coffee_system_interface/share/coffee_system_interface/cmake/coffee_system_interface__rosidl_typesupport_cExport.cmake
[1.416s] -- Up-to-date: /home/yoonkangrok/coffeehouse_serving_robot-1/install/coffee_system_interface/share/coffee_system_interface/cmake/coffee_system_interface__rosidl_typesupport_cExport-noconfig.cmake
[1.416s] -- Up-to-date: /home/yoonkangrok/coffeehouse_serving_robot-1/install/coffee_system_interface/share/coffee_system_interface/cmake/coffee_system_interface__rosidl_typesupport_introspection_cppExport.cmake
[1.416s] -- Up-to-date: /home/yoonkangrok/coffeehouse_serving_robot-1/install/coffee_system_interface/share/coffee_system_interface/cmake/coffee_system_interface__rosidl_typesupport_introspection_cppExport-noconfig.cmake
[1.416s] -- Up-to-date: /home/yoonkangrok/coffeehouse_serving_robot-1/install/coffee_system_interface/share/coffee_system_interface/cmake/coffee_system_interface__rosidl_typesupport_cppExport.cmake
[1.416s] -- Up-to-date: /home/yoonkangrok/coffeehouse_serving_robot-1/install/coffee_system_interface/share/coffee_system_interface/cmake/coffee_system_interface__rosidl_typesupport_cppExport-noconfig.cmake
[1.416s] -- Up-to-date: /home/yoonkangrok/coffeehouse_serving_robot-1/install/coffee_system_interface/share/coffee_system_interface/cmake/export_coffee_system_interface__rosidl_generator_pyExport.cmake
[1.416s] -- Up-to-date: /home/yoonkangrok/coffeehouse_serving_robot-1/install/coffee_system_interface/share/coffee_system_interface/cmake/export_coffee_system_interface__rosidl_generator_pyExport-noconfig.cmake
[1.418s] Invoked command in '/home/yoonkangrok/coffeehouse_serving_robot-1/build/coffee_system_interface' returned '0': CMAKE_PREFIX_PATH=${CMAKE_PREFIX_PATH}:/home/yoonkangrok/turtlebot3_ws/install/turtlebot3_teleop:/home/yoonkangrok/turtlebot3_ws/install/turtlebot3_example:/opt/ros/humble /usr/bin/cmake --install /home/yoonkangrok/coffeehouse_serving_robot-1/build/coffee_system_interface
