[0.127s] DEBUG:colcon:Command line arguments: ['/usr/bin/colcon', 'build', '--symlink-install']
[0.127s] DEBUG:colcon:Parsed command line arguments: Namespace(log_base=None, log_level=None, verb_name='build', build_base='build', install_base='install', merge_install=False, symlink_install=True, test_result_base=None, continue_on_error=False, executor='parallel', parallel_workers=8, event_handlers=None, ignore_user_meta=False, metas=['./colcon.meta'], base_paths=['.'], packages_ignore=None, packages_ignore_regex=None, paths=None, packages_up_to=None, packages_up_to_regex=None, packages_above=None, packages_above_and_dependencies=None, packages_above_depth=None, packages_select_by_dep=None, packages_skip_by_dep=None, packages_skip_up_to=None, packages_select_build_failed=False, packages_skip_build_finished=False, packages_select_test_failures=False, packages_skip_test_passed=False, packages_select=None, packages_skip=None, packages_select_regex=None, packages_skip_regex=None, packages_start=None, packages_end=None, allow_overriding=[], cmake_args=None, cmake_target=None, cmake_target_skip_unavailable=False, cmake_clean_cache=False, cmake_clean_first=False, cmake_force_configure=False, ament_cmake_args=None, catkin_cmake_args=None, catkin_skip_building_tests=False, verb_parser=<colcon_defaults.argument_parser.defaults.DefaultArgumentsDecorator object at 0x7cff915bd3c0>, verb_extension=<colcon_core.verb.build.BuildVerb object at 0x7cff915bcf40>, main=<bound method BuildVerb.main of <colcon_core.verb.build.BuildVerb object at 0x7cff915bcf40>>)
[0.270s] Level 1:colcon.colcon_core.package_discovery:discover_packages(colcon_meta) check parameters
[0.270s] Level 1:colcon.colcon_core.package_discovery:discover_packages(recursive) check parameters
[0.270s] Level 1:colcon.colcon_core.package_discovery:discover_packages(ignore) check parameters
[0.270s] Level 1:colcon.colcon_core.package_discovery:discover_packages(path) check parameters
[0.270s] Level 1:colcon.colcon_core.package_discovery:discover_packages(colcon_meta) discover
[0.270s] Level 1:colcon.colcon_core.package_discovery:discover_packages(recursive) discover
[0.270s] INFO:colcon.colcon_core.package_discovery:Crawling recursively for packages in '/home/yoonkangrok/coffeehouse_serving_robot-1'
[0.270s] Level 1:colcon.colcon_core.package_identification:_identify(.) by extensions ['ignore', 'ignore_ament_install']
[0.270s] Level 1:colcon.colcon_core.package_identification:_identify(.) by extension 'ignore'
[0.270s] Level 1:colcon.colcon_core.package_identification:_identify(.) by extension 'ignore_ament_install'
[0.271s] Level 1:colcon.colcon_core.package_identification:_identify(.) by extensions ['colcon_pkg']
[0.271s] Level 1:colcon.colcon_core.package_identification:_identify(.) by extension 'colcon_pkg'
[0.271s] Level 1:colcon.colcon_core.package_identification:_identify(.) by extensions ['colcon_meta']
[0.271s] Level 1:colcon.colcon_core.package_identification:_identify(.) by extension 'colcon_meta'
[0.271s] Level 1:colcon.colcon_core.package_identification:_identify(.) by extensions ['ros']
[0.271s] Level 1:colcon.colcon_core.package_identification:_identify(.) by extension 'ros'
[0.279s] Level 1:colcon.colcon_core.package_identification:_identify(.) by extensions ['cmake', 'python']
[0.279s] Level 1:colcon.colcon_core.package_identification:_identify(.) by extension 'cmake'
[0.279s] Level 1:colcon.colcon_core.package_identification:_identify(.) by extension 'python'
[0.279s] Level 1:colcon.colcon_core.package_identification:_identify(.) by extensions ['python_setup_py']
[0.279s] Level 1:colcon.colcon_core.package_identification:_identify(.) by extension 'python_setup_py'
[0.279s] Level 1:colcon.colcon_core.package_identification:_identify(build) by extensions ['ignore', 'ignore_ament_install']
[0.279s] Level 1:colcon.colcon_core.package_identification:_identify(build) by extension 'ignore'
[0.279s] Level 1:colcon.colcon_core.package_identification:_identify(build) ignored
[0.279s] Level 1:colcon.colcon_core.package_identification:_identify(install) by extensions ['ignore', 'ignore_ament_install']
[0.279s] Level 1:colcon.colcon_core.package_identification:_identify(install) by extension 'ignore'
[0.279s] Level 1:colcon.colcon_core.package_identification:_identify(install) ignored
[0.279s] Level 1:colcon.colcon_core.package_identification:_identify(log) by extensions ['ignore', 'ignore_ament_install']
[0.279s] Level 1:colcon.colcon_core.package_identification:_identify(log) by extension 'ignore'
[0.279s] Level 1:colcon.colcon_core.package_identification:_identify(log) ignored
[0.280s] Level 1:colcon.colcon_core.package_identification:_identify(src) by extensions ['ignore', 'ignore_ament_install']
[0.280s] Level 1:colcon.colcon_core.package_identification:_identify(src) by extension 'ignore'
[0.280s] Level 1:colcon.colcon_core.package_identification:_identify(src) by extension 'ignore_ament_install'
[0.280s] Level 1:colcon.colcon_core.package_identification:_identify(src) by extensions ['colcon_pkg']
[0.280s] Level 1:colcon.colcon_core.package_identification:_identify(src) by extension 'colcon_pkg'
[0.280s] Level 1:colcon.colcon_core.package_identification:_identify(src) by extensions ['colcon_meta']
[0.280s] Level 1:colcon.colcon_core.package_identification:_identify(src) by extension 'colcon_meta'
[0.280s] Level 1:colcon.colcon_core.package_identification:_identify(src) by extensions ['ros']
[0.280s] Level 1:colcon.colcon_core.package_identification:_identify(src) by extension 'ros'
[0.280s] Level 1:colcon.colcon_core.package_identification:_identify(src) by extensions ['cmake', 'python']
[0.280s] Level 1:colcon.colcon_core.package_identification:_identify(src) by extension 'cmake'
[0.280s] Level 1:colcon.colcon_core.package_identification:_identify(src) by extension 'python'
[0.280s] Level 1:colcon.colcon_core.package_identification:_identify(src) by extensions ['python_setup_py']
[0.280s] Level 1:colcon.colcon_core.package_identification:_identify(src) by extension 'python_setup_py'
[0.280s] Level 1:colcon.colcon_core.package_identification:_identify(src/coffee_system) by extensions ['ignore', 'ignore_ament_install']
[0.280s] Level 1:colcon.colcon_core.package_identification:_identify(src/coffee_system) by extension 'ignore'
[0.280s] Level 1:colcon.colcon_core.package_identification:_identify(src/coffee_system) by extension 'ignore_ament_install'
[0.280s] Level 1:colcon.colcon_core.package_identification:_identify(src/coffee_system) by extensions ['colcon_pkg']
[0.280s] Level 1:colcon.colcon_core.package_identification:_identify(src/coffee_system) by extension 'colcon_pkg'
[0.280s] Level 1:colcon.colcon_core.package_identification:_identify(src/coffee_system) by extensions ['colcon_meta']
[0.280s] Level 1:colcon.colcon_core.package_identification:_identify(src/coffee_system) by extension 'colcon_meta'
[0.281s] Level 1:colcon.colcon_core.package_identification:_identify(src/coffee_system) by extensions ['ros']
[0.281s] Level 1:colcon.colcon_core.package_identification:_identify(src/coffee_system) by extension 'ros'
[0.282s] DEBUG:colcon.colcon_core.package_identification:Package 'src/coffee_system' with type 'ros.ament_python' and name 'coffee_system'
[0.282s] Level 1:colcon.colcon_core.package_identification:_identify(src/coffee_system_interface) by extensions ['ignore', 'ignore_ament_install']
[0.282s] Level 1:colcon.colcon_core.package_identification:_identify(src/coffee_system_interface) by extension 'ignore'
[0.283s] Level 1:colcon.colcon_core.package_identification:_identify(src/coffee_system_interface) by extension 'ignore_ament_install'
[0.283s] Level 1:colcon.colcon_core.package_identification:_identify(src/coffee_system_interface) by extensions ['colcon_pkg']
[0.283s] Level 1:colcon.colcon_core.package_identification:_identify(src/coffee_system_interface) by extension 'colcon_pkg'
[0.283s] Level 1:colcon.colcon_core.package_identification:_identify(src/coffee_system_interface) by extensions ['colcon_meta']
[0.283s] Level 1:colcon.colcon_core.package_identification:_identify(src/coffee_system_interface) by extension 'colcon_meta'
[0.283s] Level 1:colcon.colcon_core.package_identification:_identify(src/coffee_system_interface) by extensions ['ros']
[0.283s] Level 1:colcon.colcon_core.package_identification:_identify(src/coffee_system_interface) by extension 'ros'
[0.283s] DEBUG:colcon.colcon_core.package_identification:Package 'src/coffee_system_interface' with type 'ros.ament_cmake' and name 'coffee_system_interface'
[0.283s] Level 1:colcon.colcon_core.package_discovery:discover_packages(recursive) using defaults
[0.283s] Level 1:colcon.colcon_core.package_discovery:discover_packages(ignore) discover
[0.283s] Level 1:colcon.colcon_core.package_discovery:discover_packages(ignore) using defaults
[0.283s] Level 1:colcon.colcon_core.package_discovery:discover_packages(path) discover
[0.283s] Level 1:colcon.colcon_core.package_discovery:discover_packages(path) using defaults
[0.300s] Level 1:colcon.colcon_core.package_discovery:discover_packages(prefix_path) check parameters
[0.300s] Level 1:colcon.colcon_core.package_discovery:discover_packages(prefix_path) discover
[0.303s] DEBUG:colcon.colcon_installed_package_information.package_discovery:Found 15 installed packages in /home/yoonkangrok/turtlebot3_ws/install
[0.304s] DEBUG:colcon.colcon_installed_package_information.package_discovery:Found 340 installed packages in /opt/ros/humble
[0.305s] Level 1:colcon.colcon_core.package_discovery:discover_packages(prefix_path) using defaults
[0.359s] Level 5:colcon.colcon_core.verb:set package 'coffee_system_interface' build argument 'cmake_args' from command line to 'None'
[0.359s] Level 5:colcon.colcon_core.verb:set package 'coffee_system_interface' build argument 'cmake_target' from command line to 'None'
[0.359s] Level 5:colcon.colcon_core.verb:set package 'coffee_system_interface' build argument 'cmake_target_skip_unavailable' from command line to 'False'
[0.359s] Level 5:colcon.colcon_core.verb:set package 'coffee_system_interface' build argument 'cmake_clean_cache' from command line to 'False'
[0.359s] Level 5:colcon.colcon_core.verb:set package 'coffee_system_interface' build argument 'cmake_clean_first' from command line to 'False'
[0.359s] Level 5:colcon.colcon_core.verb:set package 'coffee_system_interface' build argument 'cmake_force_configure' from command line to 'False'
[0.359s] Level 5:colcon.colcon_core.verb:set package 'coffee_system_interface' build argument 'ament_cmake_args' from command line to 'None'
[0.359s] Level 5:colcon.colcon_core.verb:set package 'coffee_system_interface' build argument 'catkin_cmake_args' from command line to 'None'
[0.360s] Level 5:colcon.colcon_core.verb:set package 'coffee_system_interface' build argument 'catkin_skip_building_tests' from command line to 'False'
[0.360s] DEBUG:colcon.colcon_core.verb:Building package 'coffee_system_interface' with the following arguments: {'ament_cmake_args': None, 'build_base': '/home/yoonkangrok/coffeehouse_serving_robot-1/build/coffee_system_interface', 'catkin_cmake_args': None, 'catkin_skip_building_tests': False, 'cmake_args': None, 'cmake_clean_cache': False, 'cmake_clean_first': False, 'cmake_force_configure': False, 'cmake_target': None, 'cmake_target_skip_unavailable': False, 'install_base': '/home/yoonkangrok/coffeehouse_serving_robot-1/install/coffee_system_interface', 'merge_install': False, 'path': '/home/yoonkangrok/coffeehouse_serving_robot-1/src/coffee_system_interface', 'symlink_install': True, 'test_result_base': None}
[0.360s] Level 5:colcon.colcon_core.verb:set package 'coffee_system' build argument 'cmake_args' from command line to 'None'
[0.360s] Level 5:colcon.colcon_core.verb:set package 'coffee_system' build argument 'cmake_target' from command line to 'None'
[0.360s] Level 5:colcon.colcon_core.verb:set package 'coffee_system' build argument 'cmake_target_skip_unavailable' from command line to 'False'
[0.360s] Level 5:colcon.colcon_core.verb:set package 'coffee_system' build argument 'cmake_clean_cache' from command line to 'False'
[0.360s] Level 5:colcon.colcon_core.verb:set package 'coffee_system' build argument 'cmake_clean_first' from command line to 'False'
[0.360s] Level 5:colcon.colcon_core.verb:set package 'coffee_system' build argument 'cmake_force_configure' from command line to 'False'
[0.360s] Level 5:colcon.colcon_core.verb:set package 'coffee_system' build argument 'ament_cmake_args' from command line to 'None'
[0.360s] Level 5:colcon.colcon_core.verb:set package 'coffee_system' build argument 'catkin_cmake_args' from command line to 'None'
[0.360s] Level 5:colcon.colcon_core.verb:set package 'coffee_system' build argument 'catkin_skip_building_tests' from command line to 'False'
[0.360s] DEBUG:colcon.colcon_core.verb:Building package 'coffee_system' with the following arguments: {'ament_cmake_args': None, 'build_base': '/home/yoonkangrok/coffeehouse_serving_robot-1/build/coffee_system', 'catkin_cmake_args': None, 'catkin_skip_building_tests': False, 'cmake_args': None, 'cmake_clean_cache': False, 'cmake_clean_first': False, 'cmake_force_configure': False, 'cmake_target': None, 'cmake_target_skip_unavailable': False, 'install_base': '/home/yoonkangrok/coffeehouse_serving_robot-1/install/coffee_system', 'merge_install': False, 'path': '/home/yoonkangrok/coffeehouse_serving_robot-1/src/coffee_system', 'symlink_install': True, 'test_result_base': None}
[0.360s] INFO:colcon.colcon_core.executor:Executing jobs using 'parallel' executor
[0.361s] DEBUG:colcon.colcon_parallel_executor.executor.parallel:run_until_complete
[0.361s] INFO:colcon.colcon_ros.task.ament_cmake.build:Building ROS package in '/home/yoonkangrok/coffeehouse_serving_robot-1/src/coffee_system_interface' with build type 'ament_cmake'
[0.361s] INFO:colcon.colcon_cmake.task.cmake.build:Building CMake package in '/home/yoonkangrok/coffeehouse_serving_robot-1/src/coffee_system_interface'
[0.365s] INFO:colcon.colcon_core.plugin_system:Skipping extension 'colcon_core.shell.bat': Not used on non-Windows systems
[0.365s] INFO:colcon.colcon_core.shell:Skip shell extension 'powershell' for command environment: Not usable outside of PowerShell
[0.365s] DEBUG:colcon.colcon_core.shell:Skip shell extension 'dsv' for command environment
[0.371s] DEBUG:colcon.colcon_core.event_handler.log_command:Invoking command in '/home/yoonkangrok/coffeehouse_serving_robot-1/build/coffee_system_interface': CMAKE_PREFIX_PATH=${CMAKE_PREFIX_PATH}:/home/yoonkangrok/turtlebot3_ws/install/turtlebot3_teleop:/home/yoonkangrok/turtlebot3_ws/install/turtlebot3_example:/opt/ros/humble /usr/bin/cmake /home/yoonkangrok/coffeehouse_serving_robot-1/src/coffee_system_interface -DAMENT_CMAKE_SYMLINK_INSTALL=1 -DCMAKE_INSTALL_PREFIX=/home/yoonkangrok/coffeehouse_serving_robot-1/install/coffee_system_interface
[1.908s] DEBUG:colcon.colcon_core.event_handler.log_command:Invoked command in '/home/yoonkangrok/coffeehouse_serving_robot-1/build/coffee_system_interface' returned '0': CMAKE_PREFIX_PATH=${CMAKE_PREFIX_PATH}:/home/yoonkangrok/turtlebot3_ws/install/turtlebot3_teleop:/home/yoonkangrok/turtlebot3_ws/install/turtlebot3_example:/opt/ros/humble /usr/bin/cmake /home/yoonkangrok/coffeehouse_serving_robot-1/src/coffee_system_interface -DAMENT_CMAKE_SYMLINK_INSTALL=1 -DCMAKE_INSTALL_PREFIX=/home/yoonkangrok/coffeehouse_serving_robot-1/install/coffee_system_interface
[1.909s] DEBUG:colcon.colcon_core.event_handler.log_command:Invoking command in '/home/yoonkangrok/coffeehouse_serving_robot-1/build/coffee_system_interface': CMAKE_PREFIX_PATH=${CMAKE_PREFIX_PATH}:/home/yoonkangrok/turtlebot3_ws/install/turtlebot3_teleop:/home/yoonkangrok/turtlebot3_ws/install/turtlebot3_example:/opt/ros/humble /usr/bin/cmake --build /home/yoonkangrok/coffeehouse_serving_robot-1/build/coffee_system_interface -- -j8 -l8
[6.059s] DEBUG:colcon.colcon_core.event_handler.log_command:Invoked command in '/home/yoonkangrok/coffeehouse_serving_robot-1/build/coffee_system_interface' returned '0': CMAKE_PREFIX_PATH=${CMAKE_PREFIX_PATH}:/home/yoonkangrok/turtlebot3_ws/install/turtlebot3_teleop:/home/yoonkangrok/turtlebot3_ws/install/turtlebot3_example:/opt/ros/humble /usr/bin/cmake --build /home/yoonkangrok/coffeehouse_serving_robot-1/build/coffee_system_interface -- -j8 -l8
[6.162s] DEBUG:colcon.colcon_core.event_handler.log_command:Invoking command in '/home/yoonkangrok/coffeehouse_serving_robot-1/build/coffee_system_interface': CMAKE_PREFIX_PATH=${CMAKE_PREFIX_PATH}:/home/yoonkangrok/turtlebot3_ws/install/turtlebot3_teleop:/home/yoonkangrok/turtlebot3_ws/install/turtlebot3_example:/opt/ros/humble /usr/bin/cmake --install /home/yoonkangrok/coffeehouse_serving_robot-1/build/coffee_system_interface
[7.044s] Level 1:colcon.colcon_core.environment:create_environment_scripts_only(coffee_system_interface)
[7.044s] DEBUG:colcon.colcon_core.event_handler.log_command:Invoked command in '/home/yoonkangrok/coffeehouse_serving_robot-1/build/coffee_system_interface' returned '0': CMAKE_PREFIX_PATH=${CMAKE_PREFIX_PATH}:/home/yoonkangrok/turtlebot3_ws/install/turtlebot3_teleop:/home/yoonkangrok/turtlebot3_ws/install/turtlebot3_example:/opt/ros/humble /usr/bin/cmake --install /home/yoonkangrok/coffeehouse_serving_robot-1/build/coffee_system_interface
[7.049s] Level 1:colcon.colcon_core.environment:checking '/home/yoonkangrok/coffeehouse_serving_robot-1/install/coffee_system_interface' for CMake module files
[7.049s] Level 1:colcon.colcon_core.environment:checking '/home/yoonkangrok/coffeehouse_serving_robot-1/install/coffee_system_interface' for CMake config files
[7.050s] Level 1:colcon.colcon_core.shell:create_environment_hook('coffee_system_interface', 'cmake_prefix_path')
[7.050s] INFO:colcon.colcon_core.shell:Creating environment hook '/home/yoonkangrok/coffeehouse_serving_robot-1/install/coffee_system_interface/share/coffee_system_interface/hook/cmake_prefix_path.ps1'
[7.051s] INFO:colcon.colcon_core.shell:Creating environment descriptor '/home/yoonkangrok/coffeehouse_serving_robot-1/install/coffee_system_interface/share/coffee_system_interface/hook/cmake_prefix_path.dsv'
[7.051s] INFO:colcon.colcon_core.shell:Creating environment hook '/home/yoonkangrok/coffeehouse_serving_robot-1/install/coffee_system_interface/share/coffee_system_interface/hook/cmake_prefix_path.sh'
[7.052s] Level 1:colcon.colcon_core.environment:checking '/home/yoonkangrok/coffeehouse_serving_robot-1/install/coffee_system_interface/lib'
[7.052s] Level 1:colcon.colcon_core.shell:create_environment_hook('coffee_system_interface', 'ld_library_path_lib')
[7.052s] INFO:colcon.colcon_core.shell:Creating environment hook '/home/yoonkangrok/coffeehouse_serving_robot-1/install/coffee_system_interface/share/coffee_system_interface/hook/ld_library_path_lib.ps1'
[7.053s] INFO:colcon.colcon_core.shell:Creating environment descriptor '/home/yoonkangrok/coffeehouse_serving_robot-1/install/coffee_system_interface/share/coffee_system_interface/hook/ld_library_path_lib.dsv'
[7.053s] INFO:colcon.colcon_core.shell:Creating environment hook '/home/yoonkangrok/coffeehouse_serving_robot-1/install/coffee_system_interface/share/coffee_system_interface/hook/ld_library_path_lib.sh'
[7.053s] Level 1:colcon.colcon_core.environment:checking '/home/yoonkangrok/coffeehouse_serving_robot-1/install/coffee_system_interface/bin'
[7.053s] Level 1:colcon.colcon_core.environment:checking '/home/yoonkangrok/coffeehouse_serving_robot-1/install/coffee_system_interface/lib/pkgconfig/coffee_system_interface.pc'
[7.053s] Level 1:colcon.colcon_core.environment:checking '/home/yoonkangrok/coffeehouse_serving_robot-1/install/coffee_system_interface/lib/python3.10/site-packages'
[7.054s] Level 1:colcon.colcon_core.environment:checking '/home/yoonkangrok/coffeehouse_serving_robot-1/install/coffee_system_interface/bin'
[7.054s] INFO:colcon.colcon_core.shell:Creating package script '/home/yoonkangrok/coffeehouse_serving_robot-1/install/coffee_system_interface/share/coffee_system_interface/package.ps1'
[7.054s] INFO:colcon.colcon_core.shell:Creating package descriptor '/home/yoonkangrok/coffeehouse_serving_robot-1/install/coffee_system_interface/share/coffee_system_interface/package.dsv'
[7.055s] INFO:colcon.colcon_core.shell:Creating package script '/home/yoonkangrok/coffeehouse_serving_robot-1/install/coffee_system_interface/share/coffee_system_interface/package.sh'
[7.056s] INFO:colcon.colcon_core.shell:Creating package script '/home/yoonkangrok/coffeehouse_serving_robot-1/install/coffee_system_interface/share/coffee_system_interface/package.bash'
[7.056s] INFO:colcon.colcon_core.shell:Creating package script '/home/yoonkangrok/coffeehouse_serving_robot-1/install/coffee_system_interface/share/coffee_system_interface/package.zsh'
[7.057s] Level 1:colcon.colcon_core.environment:create_file_with_runtime_dependencies(/home/yoonkangrok/coffeehouse_serving_robot-1/install/coffee_system_interface/share/colcon-core/packages/coffee_system_interface)
[7.194s] Level 1:colcon.colcon_core.environment:create_environment_scripts_only(coffee_system_interface)
[7.194s] Level 1:colcon.colcon_core.environment:checking '/home/yoonkangrok/coffeehouse_serving_robot-1/install/coffee_system_interface' for CMake module files
[7.195s] Level 1:colcon.colcon_core.environment:checking '/home/yoonkangrok/coffeehouse_serving_robot-1/install/coffee_system_interface' for CMake config files
[7.196s] Level 1:colcon.colcon_core.shell:create_environment_hook('coffee_system_interface', 'cmake_prefix_path')
[7.197s] INFO:colcon.colcon_core.shell:Creating environment hook '/home/yoonkangrok/coffeehouse_serving_robot-1/install/coffee_system_interface/share/coffee_system_interface/hook/cmake_prefix_path.ps1'
[7.197s] INFO:colcon.colcon_core.shell:Creating environment descriptor '/home/yoonkangrok/coffeehouse_serving_robot-1/install/coffee_system_interface/share/coffee_system_interface/hook/cmake_prefix_path.dsv'
[7.198s] INFO:colcon.colcon_core.shell:Creating environment hook '/home/yoonkangrok/coffeehouse_serving_robot-1/install/coffee_system_interface/share/coffee_system_interface/hook/cmake_prefix_path.sh'
[7.198s] Level 1:colcon.colcon_core.environment:checking '/home/yoonkangrok/coffeehouse_serving_robot-1/install/coffee_system_interface/lib'
[7.198s] Level 1:colcon.colcon_core.shell:create_environment_hook('coffee_system_interface', 'ld_library_path_lib')
[7.199s] INFO:colcon.colcon_core.shell:Creating environment hook '/home/yoonkangrok/coffeehouse_serving_robot-1/install/coffee_system_interface/share/coffee_system_interface/hook/ld_library_path_lib.ps1'
[7.199s] INFO:colcon.colcon_core.shell:Creating environment descriptor '/home/yoonkangrok/coffeehouse_serving_robot-1/install/coffee_system_interface/share/coffee_system_interface/hook/ld_library_path_lib.dsv'
[7.205s] INFO:colcon.colcon_core.shell:Creating environment hook '/home/yoonkangrok/coffeehouse_serving_robot-1/install/coffee_system_interface/share/coffee_system_interface/hook/ld_library_path_lib.sh'
[7.206s] Level 1:colcon.colcon_core.environment:checking '/home/yoonkangrok/coffeehouse_serving_robot-1/install/coffee_system_interface/bin'
[7.206s] Level 1:colcon.colcon_core.environment:checking '/home/yoonkangrok/coffeehouse_serving_robot-1/install/coffee_system_interface/lib/pkgconfig/coffee_system_interface.pc'
[7.206s] Level 1:colcon.colcon_core.environment:checking '/home/yoonkangrok/coffeehouse_serving_robot-1/install/coffee_system_interface/lib/python3.10/site-packages'
[7.206s] Level 1:colcon.colcon_core.environment:checking '/home/yoonkangrok/coffeehouse_serving_robot-1/install/coffee_system_interface/bin'
[7.207s] INFO:colcon.colcon_core.shell:Creating package script '/home/yoonkangrok/coffeehouse_serving_robot-1/install/coffee_system_interface/share/coffee_system_interface/package.ps1'
[7.208s] INFO:colcon.colcon_core.shell:Creating package descriptor '/home/yoonkangrok/coffeehouse_serving_robot-1/install/coffee_system_interface/share/coffee_system_interface/package.dsv'
[7.208s] INFO:colcon.colcon_core.shell:Creating package script '/home/yoonkangrok/coffeehouse_serving_robot-1/install/coffee_system_interface/share/coffee_system_interface/package.sh'
[7.209s] INFO:colcon.colcon_core.shell:Creating package script '/home/yoonkangrok/coffeehouse_serving_robot-1/install/coffee_system_interface/share/coffee_system_interface/package.bash'
[7.210s] INFO:colcon.colcon_core.shell:Creating package script '/home/yoonkangrok/coffeehouse_serving_robot-1/install/coffee_system_interface/share/coffee_system_interface/package.zsh'
[7.211s] Level 1:colcon.colcon_core.environment:create_file_with_runtime_dependencies(/home/yoonkangrok/coffeehouse_serving_robot-1/install/coffee_system_interface/share/colcon-core/packages/coffee_system_interface)
[7.211s] INFO:colcon.colcon_ros.task.ament_python.build:Building ROS package in '/home/yoonkangrok/coffeehouse_serving_robot-1/src/coffee_system' with build type 'ament_python'
[7.212s] Level 1:colcon.colcon_core.shell:create_environment_hook('coffee_system', 'ament_prefix_path')
[7.212s] INFO:colcon.colcon_core.shell:Creating environment hook '/home/yoonkangrok/coffeehouse_serving_robot-1/install/coffee_system/share/coffee_system/hook/ament_prefix_path.ps1'
[7.214s] INFO:colcon.colcon_core.shell:Creating environment descriptor '/home/yoonkangrok/coffeehouse_serving_robot-1/install/coffee_system/share/coffee_system/hook/ament_prefix_path.dsv'
[7.214s] INFO:colcon.colcon_core.shell:Creating environment hook '/home/yoonkangrok/coffeehouse_serving_robot-1/install/coffee_system/share/coffee_system/hook/ament_prefix_path.sh'
[7.215s] INFO:colcon.colcon_core.shell:Skip shell extension 'powershell' for command environment: Not usable outside of PowerShell
[7.215s] DEBUG:colcon.colcon_core.shell:Skip shell extension 'dsv' for command environment
[7.441s] INFO:colcon.colcon_core.task.python.build:Building Python package in '/home/yoonkangrok/coffeehouse_serving_robot-1/src/coffee_system'
[7.441s] INFO:colcon.colcon_core.shell:Skip shell extension 'powershell' for command environment: Not usable outside of PowerShell
[7.441s] DEBUG:colcon.colcon_core.shell:Skip shell extension 'dsv' for command environment
[7.757s] DEBUG:colcon.colcon_core.event_handler.log_command:Invoking command in '/home/yoonkangrok/coffeehouse_serving_robot-1/build/coffee_system': AMENT_PREFIX_PATH=/home/yoonkangrok/coffeehouse_serving_robot-1/install/coffee_system_interface:${AMENT_PREFIX_PATH} CMAKE_PREFIX_PATH=/home/yoonkangrok/coffeehouse_serving_robot-1/install/coffee_system_interface:${CMAKE_PREFIX_PATH} LD_LIBRARY_PATH=/home/yoonkangrok/coffeehouse_serving_robot-1/install/coffee_system_interface/lib:/home/yoonkangrok/turtlebot3_ws/install/turtlebot3_msgs/lib:/home/yoonkangrok/turtlebot3_ws/install/dynamixel_sdk_custom_interfaces/lib:/home/yoonkangrok/turtlebot3_ws/install/dynamixel_sdk/lib:/usr/lib/x86_64-linux-gnu/gazebo-11/plugins:/opt/ros/humble/opt/rviz_ogre_vendor/lib:/opt/ros/humble/lib/x86_64-linux-gnu:/opt/ros/humble/lib:/usr/lib/x86_64-linux-gnu/gazebo-11/plugins PYTHONPATH=/home/yoonkangrok/coffeehouse_serving_robot-1/build/coffee_system/prefix_override:/usr/lib/python3/dist-packages/colcon_core/task/python/colcon_distutils_commands:/home/yoonkangrok/coffeehouse_serving_robot-1/install/coffee_system/lib/python3.10/site-packages:/home/yoonkangrok/coffeehouse_serving_robot-1/install/coffee_system_interface/local/lib/python3.10/dist-packages:${PYTHONPATH} /usr/bin/python3 -W ignore:setup.py install is deprecated setup.py develop --editable --build-directory /home/yoonkangrok/coffeehouse_serving_robot-1/build/coffee_system/build --no-deps symlink_data
[8.184s] Level 1:colcon.colcon_core.shell:create_environment_hook('coffee_system', 'pythonpath_develop')
[8.184s] INFO:colcon.colcon_core.shell:Creating environment hook '/home/yoonkangrok/coffeehouse_serving_robot-1/build/coffee_system/share/coffee_system/hook/pythonpath_develop.ps1'
[8.185s] DEBUG:colcon.colcon_core.event_handler.log_command:Invoked command in '/home/yoonkangrok/coffeehouse_serving_robot-1/build/coffee_system' returned '0': AMENT_PREFIX_PATH=/home/yoonkangrok/coffeehouse_serving_robot-1/install/coffee_system_interface:${AMENT_PREFIX_PATH} CMAKE_PREFIX_PATH=/home/yoonkangrok/coffeehouse_serving_robot-1/install/coffee_system_interface:${CMAKE_PREFIX_PATH} LD_LIBRARY_PATH=/home/yoonkangrok/coffeehouse_serving_robot-1/install/coffee_system_interface/lib:/home/yoonkangrok/turtlebot3_ws/install/turtlebot3_msgs/lib:/home/yoonkangrok/turtlebot3_ws/install/dynamixel_sdk_custom_interfaces/lib:/home/yoonkangrok/turtlebot3_ws/install/dynamixel_sdk/lib:/usr/lib/x86_64-linux-gnu/gazebo-11/plugins:/opt/ros/humble/opt/rviz_ogre_vendor/lib:/opt/ros/humble/lib/x86_64-linux-gnu:/opt/ros/humble/lib:/usr/lib/x86_64-linux-gnu/gazebo-11/plugins PYTHONPATH=/home/yoonkangrok/coffeehouse_serving_robot-1/build/coffee_system/prefix_override:/usr/lib/python3/dist-packages/colcon_core/task/python/colcon_distutils_commands:/home/yoonkangrok/coffeehouse_serving_robot-1/install/coffee_system/lib/python3.10/site-packages:/home/yoonkangrok/coffeehouse_serving_robot-1/install/coffee_system_interface/local/lib/python3.10/dist-packages:${PYTHONPATH} /usr/bin/python3 -W ignore:setup.py install is deprecated setup.py develop --editable --build-directory /home/yoonkangrok/coffeehouse_serving_robot-1/build/coffee_system/build --no-deps symlink_data
[8.185s] INFO:colcon.colcon_core.shell:Creating environment descriptor '/home/yoonkangrok/coffeehouse_serving_robot-1/build/coffee_system/share/coffee_system/hook/pythonpath_develop.dsv'
[8.185s] INFO:colcon.colcon_core.shell:Creating environment hook '/home/yoonkangrok/coffeehouse_serving_robot-1/build/coffee_system/share/coffee_system/hook/pythonpath_develop.sh'
[8.186s] Level 1:colcon.colcon_core.environment:checking '/home/yoonkangrok/coffeehouse_serving_robot-1/install/coffee_system' for CMake module files
[8.186s] Level 1:colcon.colcon_core.environment:checking '/home/yoonkangrok/coffeehouse_serving_robot-1/install/coffee_system' for CMake config files
[8.186s] Level 1:colcon.colcon_core.environment:checking '/home/yoonkangrok/coffeehouse_serving_robot-1/install/coffee_system/lib'
[8.187s] Level 1:colcon.colcon_core.environment:checking '/home/yoonkangrok/coffeehouse_serving_robot-1/install/coffee_system/bin'
[8.187s] Level 1:colcon.colcon_core.environment:checking '/home/yoonkangrok/coffeehouse_serving_robot-1/install/coffee_system/lib/pkgconfig/coffee_system.pc'
[8.187s] Level 1:colcon.colcon_core.environment:checking '/home/yoonkangrok/coffeehouse_serving_robot-1/install/coffee_system/lib/python3.10/site-packages'
[8.187s] Level 1:colcon.colcon_core.shell:create_environment_hook('coffee_system', 'pythonpath')
[8.187s] INFO:colcon.colcon_core.shell:Creating environment hook '/home/yoonkangrok/coffeehouse_serving_robot-1/install/coffee_system/share/coffee_system/hook/pythonpath.ps1'
[8.187s] INFO:colcon.colcon_core.shell:Creating environment descriptor '/home/yoonkangrok/coffeehouse_serving_robot-1/install/coffee_system/share/coffee_system/hook/pythonpath.dsv'
[8.187s] INFO:colcon.colcon_core.shell:Creating environment hook '/home/yoonkangrok/coffeehouse_serving_robot-1/install/coffee_system/share/coffee_system/hook/pythonpath.sh'
[8.188s] Level 1:colcon.colcon_core.environment:checking '/home/yoonkangrok/coffeehouse_serving_robot-1/install/coffee_system/bin'
[8.188s] Level 1:colcon.colcon_core.environment:create_environment_scripts_only(coffee_system)
[8.188s] INFO:colcon.colcon_core.shell:Creating package script '/home/yoonkangrok/coffeehouse_serving_robot-1/install/coffee_system/share/coffee_system/package.ps1'
[8.188s] INFO:colcon.colcon_core.shell:Creating package descriptor '/home/yoonkangrok/coffeehouse_serving_robot-1/install/coffee_system/share/coffee_system/package.dsv'
[8.189s] INFO:colcon.colcon_core.shell:Creating package script '/home/yoonkangrok/coffeehouse_serving_robot-1/install/coffee_system/share/coffee_system/package.sh'
[8.189s] INFO:colcon.colcon_core.shell:Creating package script '/home/yoonkangrok/coffeehouse_serving_robot-1/install/coffee_system/share/coffee_system/package.bash'
[8.189s] INFO:colcon.colcon_core.shell:Creating package script '/home/yoonkangrok/coffeehouse_serving_robot-1/install/coffee_system/share/coffee_system/package.zsh'
[8.189s] Level 1:colcon.colcon_core.environment:create_file_with_runtime_dependencies(/home/yoonkangrok/coffeehouse_serving_robot-1/install/coffee_system/share/colcon-core/packages/coffee_system)
[8.190s] DEBUG:colcon.colcon_parallel_executor.executor.parallel:closing loop
[8.190s] DEBUG:colcon.colcon_parallel_executor.executor.parallel:loop closed
[8.190s] DEBUG:colcon.colcon_parallel_executor.executor.parallel:run_until_complete finished with '0'
[8.190s] DEBUG:colcon.colcon_core.event_reactor:joining thread
[8.195s] INFO:colcon.colcon_core.plugin_system:Skipping extension 'colcon_notification.desktop_notification.terminal_notifier': Not used on non-Darwin systems
[8.195s] INFO:colcon.colcon_core.plugin_system:Skipping extension 'colcon_notification.desktop_notification.win32': Not used on non-Windows systems
[8.195s] INFO:colcon.colcon_notification.desktop_notification:Sending desktop notification using 'notify2'
[8.209s] DEBUG:colcon.colcon_core.event_reactor:joined thread
[8.209s] INFO:colcon.colcon_core.shell:Creating prefix script '/home/yoonkangrok/coffeehouse_serving_robot-1/install/local_setup.ps1'
[8.210s] INFO:colcon.colcon_core.shell:Creating prefix util module '/home/yoonkangrok/coffeehouse_serving_robot-1/install/_local_setup_util_ps1.py'
[8.211s] INFO:colcon.colcon_core.shell:Creating prefix chain script '/home/yoonkangrok/coffeehouse_serving_robot-1/install/setup.ps1'
[8.212s] INFO:colcon.colcon_core.shell:Creating prefix script '/home/yoonkangrok/coffeehouse_serving_robot-1/install/local_setup.sh'
[8.213s] INFO:colcon.colcon_core.shell:Creating prefix util module '/home/yoonkangrok/coffeehouse_serving_robot-1/install/_local_setup_util_sh.py'
[8.213s] INFO:colcon.colcon_core.shell:Creating prefix chain script '/home/yoonkangrok/coffeehouse_serving_robot-1/install/setup.sh'
[8.214s] INFO:colcon.colcon_core.shell:Creating prefix script '/home/yoonkangrok/coffeehouse_serving_robot-1/install/local_setup.bash'
[8.215s] INFO:colcon.colcon_core.shell:Creating prefix chain script '/home/yoonkangrok/coffeehouse_serving_robot-1/install/setup.bash'
[8.216s] INFO:colcon.colcon_core.shell:Creating prefix script '/home/yoonkangrok/coffeehouse_serving_robot-1/install/local_setup.zsh'
[8.216s] INFO:colcon.colcon_core.shell:Creating prefix chain script '/home/yoonkangrok/coffeehouse_serving_robot-1/install/setup.zsh'
