[0.512s] Invoking command in '/home/yoonkangrok/coffeehouse_serving_robot-1/build/coffee_system': LD_LIBRARY_PATH=/home/yoonkangrok/coffeehouse_serving_robot-1/install/coffee_system_interface/lib:/home/yoonkangrok/turtlebot3_ws/install/turtlebot3_msgs/lib:/home/yoonkangrok/turtlebot3_ws/install/dynamixel_sdk_custom_interfaces/lib:/home/yoonkangrok/turtlebot3_ws/install/dynamixel_sdk/lib:/usr/lib/x86_64-linux-gnu/gazebo-11/plugins:/opt/ros/humble/opt/rviz_ogre_vendor/lib:/opt/ros/humble/lib/x86_64-linux-gnu:/opt/ros/humble/lib:/usr/lib/x86_64-linux-gnu/gazebo-11/plugins PYTHONPATH=/home/yoonkangrok/coffeehouse_serving_robot-1/build/coffee_system/prefix_override:/usr/lib/python3/dist-packages/colcon_core/task/python/colcon_distutils_commands:/home/yoonkangrok/coffeehouse_serving_robot-1/install/coffee_system/lib/python3.10/site-packages:${PYTHONPATH} /usr/bin/python3 -W ignore:setup.py install is deprecated setup.py develop --editable --build-directory /home/yoonkangrok/coffeehouse_serving_robot-1/build/coffee_system/build --no-deps symlink_data
[0.729s] running develop
[0.729s] /usr/lib/python3/dist-packages/setuptools/command/easy_install.py:158: EasyInstallDeprecationWarning: easy_install command is deprecated. Use build and pip and other standards-based tools.
[0.729s]   warnings.warn(
[0.916s] running egg_info
[0.916s] writing coffee_system.egg-info/PKG-INFO
[0.916s] writing dependency_links to coffee_system.egg-info/dependency_links.txt
[0.916s] writing entry points to coffee_system.egg-info/entry_points.txt
[0.917s] writing requirements to coffee_system.egg-info/requires.txt
[0.917s] writing top-level names to coffee_system.egg-info/top_level.txt
[0.921s] reading manifest file 'coffee_system.egg-info/SOURCES.txt'
[0.922s] writing manifest file 'coffee_system.egg-info/SOURCES.txt'
[0.923s] running build_ext
[0.923s] Creating /home/yoonkangrok/coffeehouse_serving_robot-1/install/coffee_system/lib/python3.10/site-packages/coffee-system.egg-link (link to .)
[0.924s] Installing main_kiosk script to /home/yoonkangrok/coffeehouse_serving_robot-1/install/coffee_system/lib/coffee_system
[0.924s] Installing main_kitchen script to /home/yoonkangrok/coffeehouse_serving_robot-1/install/coffee_system/lib/coffee_system
[0.924s] Installing main_robot script to /home/yoonkangrok/coffeehouse_serving_robot-1/install/coffee_system/lib/coffee_system
[0.924s] Installing turtlebot_gui script to /home/yoonkangrok/coffeehouse_serving_robot-1/install/coffee_system/lib/coffee_system
[0.925s] 
[0.925s] Installed /home/yoonkangrok/coffeehouse_serving_robot-1/build/coffee_system
[0.925s] running symlink_data
[0.960s] Invoked command in '/home/yoonkangrok/coffeehouse_serving_robot-1/build/coffee_system' returned '0': LD_LIBRARY_PATH=/home/yoonkangrok/coffeehouse_serving_robot-1/install/coffee_system_interface/lib:/home/yoonkangrok/turtlebot3_ws/install/turtlebot3_msgs/lib:/home/yoonkangrok/turtlebot3_ws/install/dynamixel_sdk_custom_interfaces/lib:/home/yoonkangrok/turtlebot3_ws/install/dynamixel_sdk/lib:/usr/lib/x86_64-linux-gnu/gazebo-11/plugins:/opt/ros/humble/opt/rviz_ogre_vendor/lib:/opt/ros/humble/lib/x86_64-linux-gnu:/opt/ros/humble/lib:/usr/lib/x86_64-linux-gnu/gazebo-11/plugins PYTHONPATH=/home/yoonkangrok/coffeehouse_serving_robot-1/build/coffee_system/prefix_override:/usr/lib/python3/dist-packages/colcon_core/task/python/colcon_distutils_commands:/home/yoonkangrok/coffeehouse_serving_robot-1/install/coffee_system/lib/python3.10/site-packages:${PYTHONPATH} /usr/bin/python3 -W ignore:setup.py install is deprecated setup.py develop --editable --build-directory /home/yoonkangrok/coffeehouse_serving_robot-1/build/coffee_system/build --no-deps symlink_data
